ARM GAS  /tmp/cc4BMeyl.s 			page 1


   1              		.cpu cortex-m7
   2              		.arch armv7e-m
   3              		.fpu fpv5-d16
   4              		.eabi_attribute 28, 1
   5              		.eabi_attribute 20, 1
   6              		.eabi_attribute 21, 1
   7              		.eabi_attribute 23, 3
   8              		.eabi_attribute 24, 1
   9              		.eabi_attribute 25, 1
  10              		.eabi_attribute 26, 1
  11              		.eabi_attribute 30, 1
  12              		.eabi_attribute 34, 1
  13              		.eabi_attribute 18, 4
  14              		.file	"tx_initialize_high_level.c"
  15              		.text
  16              	.Ltext0:
  17              		.cfi_sections	.debug_frame
  18              		.file 1 "Middlewares/ST/threadx/common/src/tx_initialize_high_level.c"
  19              		.section	.text._tx_initialize_high_level,"ax",%progbits
  20              		.align	1
  21              		.global	_tx_initialize_high_level
  22              		.syntax unified
  23              		.thumb
  24              		.thumb_func
  26              	_tx_initialize_high_level:
  27              	.LFB8:
   1:Middlewares/ST/threadx/common/src/tx_initialize_high_level.c **** /**************************************************************************/
   2:Middlewares/ST/threadx/common/src/tx_initialize_high_level.c **** /*                                                                        */
   3:Middlewares/ST/threadx/common/src/tx_initialize_high_level.c **** /*       Copyright (c) Microsoft Corporation. All rights reserved.        */
   4:Middlewares/ST/threadx/common/src/tx_initialize_high_level.c **** /*                                                                        */
   5:Middlewares/ST/threadx/common/src/tx_initialize_high_level.c **** /*       This software is licensed under the Microsoft Software License   */
   6:Middlewares/ST/threadx/common/src/tx_initialize_high_level.c **** /*       Terms for Microsoft Azure RTOS. Full text of the license can be  */
   7:Middlewares/ST/threadx/common/src/tx_initialize_high_level.c **** /*       found in the LICENSE file at https://aka.ms/AzureRTOS_EULA       */
   8:Middlewares/ST/threadx/common/src/tx_initialize_high_level.c **** /*       and in the root directory of this software.                      */
   9:Middlewares/ST/threadx/common/src/tx_initialize_high_level.c **** /*                                                                        */
  10:Middlewares/ST/threadx/common/src/tx_initialize_high_level.c **** /**************************************************************************/
  11:Middlewares/ST/threadx/common/src/tx_initialize_high_level.c **** 
  12:Middlewares/ST/threadx/common/src/tx_initialize_high_level.c **** 
  13:Middlewares/ST/threadx/common/src/tx_initialize_high_level.c **** /**************************************************************************/
  14:Middlewares/ST/threadx/common/src/tx_initialize_high_level.c **** /**************************************************************************/
  15:Middlewares/ST/threadx/common/src/tx_initialize_high_level.c **** /**                                                                       */
  16:Middlewares/ST/threadx/common/src/tx_initialize_high_level.c **** /** ThreadX Component                                                     */
  17:Middlewares/ST/threadx/common/src/tx_initialize_high_level.c **** /**                                                                       */
  18:Middlewares/ST/threadx/common/src/tx_initialize_high_level.c **** /**   Initialize                                                          */
  19:Middlewares/ST/threadx/common/src/tx_initialize_high_level.c **** /**                                                                       */
  20:Middlewares/ST/threadx/common/src/tx_initialize_high_level.c **** /**************************************************************************/
  21:Middlewares/ST/threadx/common/src/tx_initialize_high_level.c **** /**************************************************************************/
  22:Middlewares/ST/threadx/common/src/tx_initialize_high_level.c **** 
  23:Middlewares/ST/threadx/common/src/tx_initialize_high_level.c **** #define TX_SOURCE_CODE
  24:Middlewares/ST/threadx/common/src/tx_initialize_high_level.c **** 
  25:Middlewares/ST/threadx/common/src/tx_initialize_high_level.c **** 
  26:Middlewares/ST/threadx/common/src/tx_initialize_high_level.c **** /* Include necessary system files.  */
  27:Middlewares/ST/threadx/common/src/tx_initialize_high_level.c **** 
  28:Middlewares/ST/threadx/common/src/tx_initialize_high_level.c **** #include "tx_api.h"
  29:Middlewares/ST/threadx/common/src/tx_initialize_high_level.c **** #include "tx_trace.h"
  30:Middlewares/ST/threadx/common/src/tx_initialize_high_level.c **** 
  31:Middlewares/ST/threadx/common/src/tx_initialize_high_level.c **** /* Determine if in-line initialization is required.  */
ARM GAS  /tmp/cc4BMeyl.s 			page 2


  32:Middlewares/ST/threadx/common/src/tx_initialize_high_level.c **** #ifdef TX_INLINE_INITIALIZATION
  33:Middlewares/ST/threadx/common/src/tx_initialize_high_level.c **** #define TX_INVOKE_INLINE_INITIALIZATION
  34:Middlewares/ST/threadx/common/src/tx_initialize_high_level.c **** #endif
  35:Middlewares/ST/threadx/common/src/tx_initialize_high_level.c **** 
  36:Middlewares/ST/threadx/common/src/tx_initialize_high_level.c **** #include "tx_initialize.h"
  37:Middlewares/ST/threadx/common/src/tx_initialize_high_level.c **** #include "tx_thread.h"
  38:Middlewares/ST/threadx/common/src/tx_initialize_high_level.c **** #include "tx_timer.h"
  39:Middlewares/ST/threadx/common/src/tx_initialize_high_level.c **** #include "tx_semaphore.h"
  40:Middlewares/ST/threadx/common/src/tx_initialize_high_level.c **** #include "tx_queue.h"
  41:Middlewares/ST/threadx/common/src/tx_initialize_high_level.c **** #include "tx_event_flags.h"
  42:Middlewares/ST/threadx/common/src/tx_initialize_high_level.c **** #include "tx_mutex.h"
  43:Middlewares/ST/threadx/common/src/tx_initialize_high_level.c **** #include "tx_block_pool.h"
  44:Middlewares/ST/threadx/common/src/tx_initialize_high_level.c **** #include "tx_byte_pool.h"
  45:Middlewares/ST/threadx/common/src/tx_initialize_high_level.c **** 
  46:Middlewares/ST/threadx/common/src/tx_initialize_high_level.c **** 
  47:Middlewares/ST/threadx/common/src/tx_initialize_high_level.c **** /* Define the unused memory pointer.  The value of the first available
  48:Middlewares/ST/threadx/common/src/tx_initialize_high_level.c ****    memory address is placed in this variable in the low-level
  49:Middlewares/ST/threadx/common/src/tx_initialize_high_level.c ****    initialization function.  The content of this variable is passed
  50:Middlewares/ST/threadx/common/src/tx_initialize_high_level.c ****    to the application's system definition function.  */
  51:Middlewares/ST/threadx/common/src/tx_initialize_high_level.c **** 
  52:Middlewares/ST/threadx/common/src/tx_initialize_high_level.c **** VOID     *_tx_initialize_unused_memory;
  53:Middlewares/ST/threadx/common/src/tx_initialize_high_level.c **** 
  54:Middlewares/ST/threadx/common/src/tx_initialize_high_level.c **** 
  55:Middlewares/ST/threadx/common/src/tx_initialize_high_level.c **** /**************************************************************************/
  56:Middlewares/ST/threadx/common/src/tx_initialize_high_level.c **** /*                                                                        */
  57:Middlewares/ST/threadx/common/src/tx_initialize_high_level.c **** /*  FUNCTION                                               RELEASE        */
  58:Middlewares/ST/threadx/common/src/tx_initialize_high_level.c **** /*                                                                        */
  59:Middlewares/ST/threadx/common/src/tx_initialize_high_level.c **** /*    _tx_initialize_high_level                           PORTABLE C      */
  60:Middlewares/ST/threadx/common/src/tx_initialize_high_level.c **** /*                                                           6.1          */
  61:Middlewares/ST/threadx/common/src/tx_initialize_high_level.c **** /*  AUTHOR                                                                */
  62:Middlewares/ST/threadx/common/src/tx_initialize_high_level.c **** /*                                                                        */
  63:Middlewares/ST/threadx/common/src/tx_initialize_high_level.c **** /*    William E. Lamie, Microsoft Corporation                             */
  64:Middlewares/ST/threadx/common/src/tx_initialize_high_level.c **** /*                                                                        */
  65:Middlewares/ST/threadx/common/src/tx_initialize_high_level.c **** /*  DESCRIPTION                                                           */
  66:Middlewares/ST/threadx/common/src/tx_initialize_high_level.c **** /*                                                                        */
  67:Middlewares/ST/threadx/common/src/tx_initialize_high_level.c **** /*    This function is responsible for initializing all of the other      */
  68:Middlewares/ST/threadx/common/src/tx_initialize_high_level.c **** /*    components in the ThreadX real-time kernel.                         */
  69:Middlewares/ST/threadx/common/src/tx_initialize_high_level.c **** /*                                                                        */
  70:Middlewares/ST/threadx/common/src/tx_initialize_high_level.c **** /*  INPUT                                                                 */
  71:Middlewares/ST/threadx/common/src/tx_initialize_high_level.c **** /*                                                                        */
  72:Middlewares/ST/threadx/common/src/tx_initialize_high_level.c **** /*    None                                                                */
  73:Middlewares/ST/threadx/common/src/tx_initialize_high_level.c **** /*                                                                        */
  74:Middlewares/ST/threadx/common/src/tx_initialize_high_level.c **** /*  OUTPUT                                                                */
  75:Middlewares/ST/threadx/common/src/tx_initialize_high_level.c **** /*                                                                        */
  76:Middlewares/ST/threadx/common/src/tx_initialize_high_level.c **** /*    None                                                                */
  77:Middlewares/ST/threadx/common/src/tx_initialize_high_level.c **** /*                                                                        */
  78:Middlewares/ST/threadx/common/src/tx_initialize_high_level.c **** /*  CALLS                                                                 */
  79:Middlewares/ST/threadx/common/src/tx_initialize_high_level.c **** /*                                                                        */
  80:Middlewares/ST/threadx/common/src/tx_initialize_high_level.c **** /*    _tx_thread_initialize             Initialize the thread control     */
  81:Middlewares/ST/threadx/common/src/tx_initialize_high_level.c **** /*                                        component                       */
  82:Middlewares/ST/threadx/common/src/tx_initialize_high_level.c **** /*    _tx_timer_initialize              Initialize the timer control      */
  83:Middlewares/ST/threadx/common/src/tx_initialize_high_level.c **** /*                                        component                       */
  84:Middlewares/ST/threadx/common/src/tx_initialize_high_level.c **** /*    _tx_semaphore_initialize          Initialize the semaphore control  */
  85:Middlewares/ST/threadx/common/src/tx_initialize_high_level.c **** /*                                        component                       */
  86:Middlewares/ST/threadx/common/src/tx_initialize_high_level.c **** /*    _tx_queue_initialize              Initialize the queue control      */
  87:Middlewares/ST/threadx/common/src/tx_initialize_high_level.c **** /*                                        component                       */
  88:Middlewares/ST/threadx/common/src/tx_initialize_high_level.c **** /*    _tx_event_flags_initialize        Initialize the event flags control*/
ARM GAS  /tmp/cc4BMeyl.s 			page 3


  89:Middlewares/ST/threadx/common/src/tx_initialize_high_level.c **** /*                                        component                       */
  90:Middlewares/ST/threadx/common/src/tx_initialize_high_level.c **** /*    _tx_block_pool_initialize         Initialize the block pool control */
  91:Middlewares/ST/threadx/common/src/tx_initialize_high_level.c **** /*                                        component                       */
  92:Middlewares/ST/threadx/common/src/tx_initialize_high_level.c **** /*    _tx_byte_pool_initialize          Initialize the byte pool control  */
  93:Middlewares/ST/threadx/common/src/tx_initialize_high_level.c **** /*                                        component                       */
  94:Middlewares/ST/threadx/common/src/tx_initialize_high_level.c **** /*    _tx_mutex_initialize              Initialize the mutex control      */
  95:Middlewares/ST/threadx/common/src/tx_initialize_high_level.c **** /*                                        component                       */
  96:Middlewares/ST/threadx/common/src/tx_initialize_high_level.c **** /*                                                                        */
  97:Middlewares/ST/threadx/common/src/tx_initialize_high_level.c **** /*  CALLED BY                                                             */
  98:Middlewares/ST/threadx/common/src/tx_initialize_high_level.c **** /*                                                                        */
  99:Middlewares/ST/threadx/common/src/tx_initialize_high_level.c **** /*    _tx_initialize_kernel_enter       Kernel entry function             */
 100:Middlewares/ST/threadx/common/src/tx_initialize_high_level.c **** /*    _tx_initialize_kernel_setup       Early kernel setup function that  */
 101:Middlewares/ST/threadx/common/src/tx_initialize_high_level.c **** /*                                        is optionally called by         */
 102:Middlewares/ST/threadx/common/src/tx_initialize_high_level.c **** /*                                        compiler's startup code.        */
 103:Middlewares/ST/threadx/common/src/tx_initialize_high_level.c **** /*                                                                        */
 104:Middlewares/ST/threadx/common/src/tx_initialize_high_level.c **** /*  RELEASE HISTORY                                                       */
 105:Middlewares/ST/threadx/common/src/tx_initialize_high_level.c **** /*                                                                        */
 106:Middlewares/ST/threadx/common/src/tx_initialize_high_level.c **** /*    DATE              NAME                      DESCRIPTION             */
 107:Middlewares/ST/threadx/common/src/tx_initialize_high_level.c **** /*                                                                        */
 108:Middlewares/ST/threadx/common/src/tx_initialize_high_level.c **** /*  05-19-2020     William E. Lamie         Initial Version 6.0           */
 109:Middlewares/ST/threadx/common/src/tx_initialize_high_level.c **** /*  09-30-2020     Yuxin Zhou               Modified comment(s),          */
 110:Middlewares/ST/threadx/common/src/tx_initialize_high_level.c **** /*                                            resulting in version 6.1    */
 111:Middlewares/ST/threadx/common/src/tx_initialize_high_level.c **** /*                                                                        */
 112:Middlewares/ST/threadx/common/src/tx_initialize_high_level.c **** /**************************************************************************/
 113:Middlewares/ST/threadx/common/src/tx_initialize_high_level.c **** VOID    _tx_initialize_high_level(VOID)
 114:Middlewares/ST/threadx/common/src/tx_initialize_high_level.c **** {
  28              		.loc 1 114 1 view -0
  29              		.cfi_startproc
  30              		@ args = 0, pretend = 0, frame = 0
  31              		@ frame_needed = 0, uses_anonymous_args = 0
  32 0000 08B5     		push	{r3, lr}
  33              	.LCFI0:
  34              		.cfi_def_cfa_offset 8
  35              		.cfi_offset 3, -8
  36              		.cfi_offset 14, -4
 115:Middlewares/ST/threadx/common/src/tx_initialize_high_level.c **** 
 116:Middlewares/ST/threadx/common/src/tx_initialize_high_level.c ****     /* Initialize event tracing, if enabled.  */
 117:Middlewares/ST/threadx/common/src/tx_initialize_high_level.c ****     TX_TRACE_INITIALIZE
 118:Middlewares/ST/threadx/common/src/tx_initialize_high_level.c **** 
 119:Middlewares/ST/threadx/common/src/tx_initialize_high_level.c ****     /* Initialize the event log, if enabled.  */
 120:Middlewares/ST/threadx/common/src/tx_initialize_high_level.c ****     TX_EL_INITIALIZE
 121:Middlewares/ST/threadx/common/src/tx_initialize_high_level.c **** 
 122:Middlewares/ST/threadx/common/src/tx_initialize_high_level.c ****     /* Call the thread control initialization function.  */
 123:Middlewares/ST/threadx/common/src/tx_initialize_high_level.c ****     _tx_thread_initialize();
  37              		.loc 1 123 5 view .LVU1
  38 0002 FFF7FEFF 		bl	_tx_thread_initialize
  39              	.LVL0:
 124:Middlewares/ST/threadx/common/src/tx_initialize_high_level.c **** 
 125:Middlewares/ST/threadx/common/src/tx_initialize_high_level.c **** #ifndef TX_NO_TIMER
 126:Middlewares/ST/threadx/common/src/tx_initialize_high_level.c **** 
 127:Middlewares/ST/threadx/common/src/tx_initialize_high_level.c ****     /* Call the timer control initialization function.  */
 128:Middlewares/ST/threadx/common/src/tx_initialize_high_level.c ****     _tx_timer_initialize();
  40              		.loc 1 128 5 view .LVU2
  41 0006 FFF7FEFF 		bl	_tx_timer_initialize
  42              	.LVL1:
 129:Middlewares/ST/threadx/common/src/tx_initialize_high_level.c **** #endif
 130:Middlewares/ST/threadx/common/src/tx_initialize_high_level.c **** 
ARM GAS  /tmp/cc4BMeyl.s 			page 4


 131:Middlewares/ST/threadx/common/src/tx_initialize_high_level.c **** #ifndef TX_DISABLE_REDUNDANT_CLEARING
 132:Middlewares/ST/threadx/common/src/tx_initialize_high_level.c **** 
 133:Middlewares/ST/threadx/common/src/tx_initialize_high_level.c ****     /* Call the semaphore initialization function.  */
 134:Middlewares/ST/threadx/common/src/tx_initialize_high_level.c ****     _tx_semaphore_initialize();
  43              		.loc 1 134 5 view .LVU3
  44 000a 0023     		movs	r3, #0
  45 000c 0C4A     		ldr	r2, .L3
  46 000e 1360     		str	r3, [r2]
  47              		.loc 1 134 5 view .LVU4
  48 0010 0C4A     		ldr	r2, .L3+4
  49 0012 1360     		str	r3, [r2]
 135:Middlewares/ST/threadx/common/src/tx_initialize_high_level.c **** 
 136:Middlewares/ST/threadx/common/src/tx_initialize_high_level.c ****     /* Call the queue initialization function.  */
 137:Middlewares/ST/threadx/common/src/tx_initialize_high_level.c ****     _tx_queue_initialize();
  50              		.loc 1 137 5 view .LVU5
  51 0014 0C4A     		ldr	r2, .L3+8
  52 0016 1360     		str	r3, [r2]
  53              		.loc 1 137 5 view .LVU6
  54 0018 0C4A     		ldr	r2, .L3+12
  55 001a 1360     		str	r3, [r2]
 138:Middlewares/ST/threadx/common/src/tx_initialize_high_level.c **** 
 139:Middlewares/ST/threadx/common/src/tx_initialize_high_level.c ****     /* Call the event flag initialization function.  */
 140:Middlewares/ST/threadx/common/src/tx_initialize_high_level.c ****     _tx_event_flags_initialize();
  56              		.loc 1 140 5 view .LVU7
  57 001c 0C4A     		ldr	r2, .L3+16
  58 001e 1360     		str	r3, [r2]
  59              		.loc 1 140 5 view .LVU8
  60 0020 0C4A     		ldr	r2, .L3+20
  61 0022 1360     		str	r3, [r2]
 141:Middlewares/ST/threadx/common/src/tx_initialize_high_level.c **** 
 142:Middlewares/ST/threadx/common/src/tx_initialize_high_level.c ****     /* Call the block pool initialization function.  */
 143:Middlewares/ST/threadx/common/src/tx_initialize_high_level.c ****     _tx_block_pool_initialize();
  62              		.loc 1 143 5 view .LVU9
  63 0024 0C4A     		ldr	r2, .L3+24
  64 0026 1360     		str	r3, [r2]
  65              		.loc 1 143 5 view .LVU10
  66 0028 0C4A     		ldr	r2, .L3+28
  67 002a 1360     		str	r3, [r2]
 144:Middlewares/ST/threadx/common/src/tx_initialize_high_level.c **** 
 145:Middlewares/ST/threadx/common/src/tx_initialize_high_level.c ****     /* Call the byte pool initialization function.  */
 146:Middlewares/ST/threadx/common/src/tx_initialize_high_level.c ****     _tx_byte_pool_initialize();
  68              		.loc 1 146 5 view .LVU11
  69 002c 0C4A     		ldr	r2, .L3+32
  70 002e 1360     		str	r3, [r2]
  71              		.loc 1 146 5 view .LVU12
  72 0030 0C4A     		ldr	r2, .L3+36
  73 0032 1360     		str	r3, [r2]
 147:Middlewares/ST/threadx/common/src/tx_initialize_high_level.c **** 
 148:Middlewares/ST/threadx/common/src/tx_initialize_high_level.c ****     /* Call the mutex initialization function.  */
 149:Middlewares/ST/threadx/common/src/tx_initialize_high_level.c ****     _tx_mutex_initialize();
  74              		.loc 1 149 5 view .LVU13
  75 0034 0C4A     		ldr	r2, .L3+40
  76 0036 1360     		str	r3, [r2]
  77              		.loc 1 149 5 view .LVU14
  78 0038 0C4A     		ldr	r2, .L3+44
  79 003a 1360     		str	r3, [r2]
 150:Middlewares/ST/threadx/common/src/tx_initialize_high_level.c **** #endif
ARM GAS  /tmp/cc4BMeyl.s 			page 5


 151:Middlewares/ST/threadx/common/src/tx_initialize_high_level.c **** }
  80              		.loc 1 151 1 is_stmt 0 view .LVU15
  81 003c 08BD     		pop	{r3, pc}
  82              	.L4:
  83 003e 00BF     		.align	2
  84              	.L3:
  85 0040 00000000 		.word	_tx_semaphore_created_ptr
  86 0044 00000000 		.word	_tx_semaphore_created_count
  87 0048 00000000 		.word	_tx_queue_created_ptr
  88 004c 00000000 		.word	_tx_queue_created_count
  89 0050 00000000 		.word	_tx_event_flags_created_ptr
  90 0054 00000000 		.word	_tx_event_flags_created_count
  91 0058 00000000 		.word	_tx_block_pool_created_ptr
  92 005c 00000000 		.word	_tx_block_pool_created_count
  93 0060 00000000 		.word	_tx_byte_pool_created_ptr
  94 0064 00000000 		.word	_tx_byte_pool_created_count
  95 0068 00000000 		.word	_tx_mutex_created_ptr
  96 006c 00000000 		.word	_tx_mutex_created_count
  97              		.cfi_endproc
  98              	.LFE8:
 100              		.global	_tx_initialize_unused_memory
 101              		.section	.bss._tx_initialize_unused_memory,"aw",%nobits
 102              		.align	2
 105              	_tx_initialize_unused_memory:
 106 0000 00000000 		.space	4
 107              		.global	_tx_byte_pool_created_count
 108              		.section	.bss._tx_byte_pool_created_count,"aw",%nobits
 109              		.align	2
 112              	_tx_byte_pool_created_count:
 113 0000 00000000 		.space	4
 114              		.global	_tx_byte_pool_created_ptr
 115              		.section	.bss._tx_byte_pool_created_ptr,"aw",%nobits
 116              		.align	2
 119              	_tx_byte_pool_created_ptr:
 120 0000 00000000 		.space	4
 121              		.global	_tx_block_pool_created_count
 122              		.section	.bss._tx_block_pool_created_count,"aw",%nobits
 123              		.align	2
 126              	_tx_block_pool_created_count:
 127 0000 00000000 		.space	4
 128              		.global	_tx_block_pool_created_ptr
 129              		.section	.bss._tx_block_pool_created_ptr,"aw",%nobits
 130              		.align	2
 133              	_tx_block_pool_created_ptr:
 134 0000 00000000 		.space	4
 135              		.global	_tx_mutex_created_count
 136              		.section	.bss._tx_mutex_created_count,"aw",%nobits
 137              		.align	2
 140              	_tx_mutex_created_count:
 141 0000 00000000 		.space	4
 142              		.global	_tx_mutex_created_ptr
 143              		.section	.bss._tx_mutex_created_ptr,"aw",%nobits
 144              		.align	2
 147              	_tx_mutex_created_ptr:
 148 0000 00000000 		.space	4
 149              		.global	_tx_event_flags_created_count
 150              		.section	.bss._tx_event_flags_created_count,"aw",%nobits
ARM GAS  /tmp/cc4BMeyl.s 			page 6


 151              		.align	2
 154              	_tx_event_flags_created_count:
 155 0000 00000000 		.space	4
 156              		.global	_tx_event_flags_created_ptr
 157              		.section	.bss._tx_event_flags_created_ptr,"aw",%nobits
 158              		.align	2
 161              	_tx_event_flags_created_ptr:
 162 0000 00000000 		.space	4
 163              		.global	_tx_queue_created_count
 164              		.section	.bss._tx_queue_created_count,"aw",%nobits
 165              		.align	2
 168              	_tx_queue_created_count:
 169 0000 00000000 		.space	4
 170              		.global	_tx_queue_created_ptr
 171              		.section	.bss._tx_queue_created_ptr,"aw",%nobits
 172              		.align	2
 175              	_tx_queue_created_ptr:
 176 0000 00000000 		.space	4
 177              		.global	_tx_semaphore_created_count
 178              		.section	.bss._tx_semaphore_created_count,"aw",%nobits
 179              		.align	2
 182              	_tx_semaphore_created_count:
 183 0000 00000000 		.space	4
 184              		.global	_tx_semaphore_created_ptr
 185              		.section	.bss._tx_semaphore_created_ptr,"aw",%nobits
 186              		.align	2
 189              	_tx_semaphore_created_ptr:
 190 0000 00000000 		.space	4
 191              		.text
 192              	.Letext0:
 193              		.file 2 "Middlewares/ST/threadx/ports/cortex_m7/gnu/inc/tx_port.h"
 194              		.file 3 "Middlewares/ST/threadx/common/inc/tx_api.h"
 195              		.file 4 "Middlewares/ST/threadx/common/inc/tx_initialize.h"
 196              		.file 5 "Middlewares/ST/threadx/common/inc/tx_semaphore.h"
 197              		.file 6 "Middlewares/ST/threadx/common/inc/tx_queue.h"
 198              		.file 7 "Middlewares/ST/threadx/common/inc/tx_event_flags.h"
 199              		.file 8 "Middlewares/ST/threadx/common/inc/tx_mutex.h"
 200              		.file 9 "Middlewares/ST/threadx/common/inc/tx_block_pool.h"
 201              		.file 10 "Middlewares/ST/threadx/common/inc/tx_byte_pool.h"
 202              		.file 11 "Middlewares/ST/threadx/common/inc/tx_timer.h"
 203              		.file 12 "Middlewares/ST/threadx/common/inc/tx_thread.h"
ARM GAS  /tmp/cc4BMeyl.s 			page 7


DEFINED SYMBOLS
                            *ABS*:00000000 tx_initialize_high_level.c
     /tmp/cc4BMeyl.s:20     .text._tx_initialize_high_level:00000000 $t
     /tmp/cc4BMeyl.s:26     .text._tx_initialize_high_level:00000000 _tx_initialize_high_level
     /tmp/cc4BMeyl.s:85     .text._tx_initialize_high_level:00000040 $d
     /tmp/cc4BMeyl.s:189    .bss._tx_semaphore_created_ptr:00000000 _tx_semaphore_created_ptr
     /tmp/cc4BMeyl.s:182    .bss._tx_semaphore_created_count:00000000 _tx_semaphore_created_count
     /tmp/cc4BMeyl.s:175    .bss._tx_queue_created_ptr:00000000 _tx_queue_created_ptr
     /tmp/cc4BMeyl.s:168    .bss._tx_queue_created_count:00000000 _tx_queue_created_count
     /tmp/cc4BMeyl.s:161    .bss._tx_event_flags_created_ptr:00000000 _tx_event_flags_created_ptr
     /tmp/cc4BMeyl.s:154    .bss._tx_event_flags_created_count:00000000 _tx_event_flags_created_count
     /tmp/cc4BMeyl.s:133    .bss._tx_block_pool_created_ptr:00000000 _tx_block_pool_created_ptr
     /tmp/cc4BMeyl.s:126    .bss._tx_block_pool_created_count:00000000 _tx_block_pool_created_count
     /tmp/cc4BMeyl.s:119    .bss._tx_byte_pool_created_ptr:00000000 _tx_byte_pool_created_ptr
     /tmp/cc4BMeyl.s:112    .bss._tx_byte_pool_created_count:00000000 _tx_byte_pool_created_count
     /tmp/cc4BMeyl.s:147    .bss._tx_mutex_created_ptr:00000000 _tx_mutex_created_ptr
     /tmp/cc4BMeyl.s:140    .bss._tx_mutex_created_count:00000000 _tx_mutex_created_count
     /tmp/cc4BMeyl.s:105    .bss._tx_initialize_unused_memory:00000000 _tx_initialize_unused_memory
     /tmp/cc4BMeyl.s:102    .bss._tx_initialize_unused_memory:00000000 $d
     /tmp/cc4BMeyl.s:109    .bss._tx_byte_pool_created_count:00000000 $d
     /tmp/cc4BMeyl.s:116    .bss._tx_byte_pool_created_ptr:00000000 $d
     /tmp/cc4BMeyl.s:123    .bss._tx_block_pool_created_count:00000000 $d
     /tmp/cc4BMeyl.s:130    .bss._tx_block_pool_created_ptr:00000000 $d
     /tmp/cc4BMeyl.s:137    .bss._tx_mutex_created_count:00000000 $d
     /tmp/cc4BMeyl.s:144    .bss._tx_mutex_created_ptr:00000000 $d
     /tmp/cc4BMeyl.s:151    .bss._tx_event_flags_created_count:00000000 $d
     /tmp/cc4BMeyl.s:158    .bss._tx_event_flags_created_ptr:00000000 $d
     /tmp/cc4BMeyl.s:165    .bss._tx_queue_created_count:00000000 $d
     /tmp/cc4BMeyl.s:172    .bss._tx_queue_created_ptr:00000000 $d
     /tmp/cc4BMeyl.s:179    .bss._tx_semaphore_created_count:00000000 $d
     /tmp/cc4BMeyl.s:186    .bss._tx_semaphore_created_ptr:00000000 $d

UNDEFINED SYMBOLS
_tx_thread_initialize
_tx_timer_initialize
