ARM GAS  /tmp/ccAIEv6H.s 			page 1


   1              		.cpu cortex-m7
   2              		.arch armv7e-m
   3              		.fpu fpv5-d16
   4              		.eabi_attribute 28, 1
   5              		.eabi_attribute 20, 1
   6              		.eabi_attribute 21, 1
   7              		.eabi_attribute 23, 3
   8              		.eabi_attribute 24, 1
   9              		.eabi_attribute 25, 1
  10              		.eabi_attribute 26, 1
  11              		.eabi_attribute 30, 1
  12              		.eabi_attribute 34, 1
  13              		.eabi_attribute 18, 4
  14              		.file	"tx_thread_time_slice.c"
  15              		.text
  16              	.Ltext0:
  17              		.cfi_sections	.debug_frame
  18              		.file 1 "Middlewares/ST/threadx/common/src/tx_thread_time_slice.c"
  19              		.section	.text._tx_thread_time_slice,"ax",%progbits
  20              		.align	1
  21              		.global	_tx_thread_time_slice
  22              		.syntax unified
  23              		.thumb
  24              		.thumb_func
  26              	_tx_thread_time_slice:
  27              	.LFB8:
   1:Middlewares/ST/threadx/common/src/tx_thread_time_slice.c **** /**************************************************************************/
   2:Middlewares/ST/threadx/common/src/tx_thread_time_slice.c **** /*                                                                        */
   3:Middlewares/ST/threadx/common/src/tx_thread_time_slice.c **** /*       Copyright (c) Microsoft Corporation. All rights reserved.        */
   4:Middlewares/ST/threadx/common/src/tx_thread_time_slice.c **** /*                                                                        */
   5:Middlewares/ST/threadx/common/src/tx_thread_time_slice.c **** /*       This software is licensed under the Microsoft Software License   */
   6:Middlewares/ST/threadx/common/src/tx_thread_time_slice.c **** /*       Terms for Microsoft Azure RTOS. Full text of the license can be  */
   7:Middlewares/ST/threadx/common/src/tx_thread_time_slice.c **** /*       found in the LICENSE file at https://aka.ms/AzureRTOS_EULA       */
   8:Middlewares/ST/threadx/common/src/tx_thread_time_slice.c **** /*       and in the root directory of this software.                      */
   9:Middlewares/ST/threadx/common/src/tx_thread_time_slice.c **** /*                                                                        */
  10:Middlewares/ST/threadx/common/src/tx_thread_time_slice.c **** /**************************************************************************/
  11:Middlewares/ST/threadx/common/src/tx_thread_time_slice.c **** 
  12:Middlewares/ST/threadx/common/src/tx_thread_time_slice.c **** 
  13:Middlewares/ST/threadx/common/src/tx_thread_time_slice.c **** /**************************************************************************/
  14:Middlewares/ST/threadx/common/src/tx_thread_time_slice.c **** /**************************************************************************/
  15:Middlewares/ST/threadx/common/src/tx_thread_time_slice.c **** /**                                                                       */
  16:Middlewares/ST/threadx/common/src/tx_thread_time_slice.c **** /** ThreadX Component                                                     */
  17:Middlewares/ST/threadx/common/src/tx_thread_time_slice.c **** /**                                                                       */
  18:Middlewares/ST/threadx/common/src/tx_thread_time_slice.c **** /**   Thread                                                              */
  19:Middlewares/ST/threadx/common/src/tx_thread_time_slice.c **** /**                                                                       */
  20:Middlewares/ST/threadx/common/src/tx_thread_time_slice.c **** /**************************************************************************/
  21:Middlewares/ST/threadx/common/src/tx_thread_time_slice.c **** /**************************************************************************/
  22:Middlewares/ST/threadx/common/src/tx_thread_time_slice.c **** 
  23:Middlewares/ST/threadx/common/src/tx_thread_time_slice.c **** #define TX_SOURCE_CODE
  24:Middlewares/ST/threadx/common/src/tx_thread_time_slice.c **** 
  25:Middlewares/ST/threadx/common/src/tx_thread_time_slice.c **** #ifndef TX_NO_TIMER
  26:Middlewares/ST/threadx/common/src/tx_thread_time_slice.c **** 
  27:Middlewares/ST/threadx/common/src/tx_thread_time_slice.c **** /* Include necessary system files.  */
  28:Middlewares/ST/threadx/common/src/tx_thread_time_slice.c **** 
  29:Middlewares/ST/threadx/common/src/tx_thread_time_slice.c **** #include "tx_api.h"
  30:Middlewares/ST/threadx/common/src/tx_thread_time_slice.c **** #include "tx_timer.h"
  31:Middlewares/ST/threadx/common/src/tx_thread_time_slice.c **** #include "tx_thread.h"
ARM GAS  /tmp/ccAIEv6H.s 			page 2


  32:Middlewares/ST/threadx/common/src/tx_thread_time_slice.c **** #include "tx_trace.h"
  33:Middlewares/ST/threadx/common/src/tx_thread_time_slice.c **** 
  34:Middlewares/ST/threadx/common/src/tx_thread_time_slice.c **** 
  35:Middlewares/ST/threadx/common/src/tx_thread_time_slice.c **** /**************************************************************************/
  36:Middlewares/ST/threadx/common/src/tx_thread_time_slice.c **** /*                                                                        */
  37:Middlewares/ST/threadx/common/src/tx_thread_time_slice.c **** /*  FUNCTION                                               RELEASE        */
  38:Middlewares/ST/threadx/common/src/tx_thread_time_slice.c **** /*                                                                        */
  39:Middlewares/ST/threadx/common/src/tx_thread_time_slice.c **** /*    _tx_thread_time_slice                               PORTABLE C      */
  40:Middlewares/ST/threadx/common/src/tx_thread_time_slice.c **** /*                                                           6.1          */
  41:Middlewares/ST/threadx/common/src/tx_thread_time_slice.c **** /*  AUTHOR                                                                */
  42:Middlewares/ST/threadx/common/src/tx_thread_time_slice.c **** /*                                                                        */
  43:Middlewares/ST/threadx/common/src/tx_thread_time_slice.c **** /*    William E. Lamie, Microsoft Corporation                             */
  44:Middlewares/ST/threadx/common/src/tx_thread_time_slice.c **** /*                                                                        */
  45:Middlewares/ST/threadx/common/src/tx_thread_time_slice.c **** /*  DESCRIPTION                                                           */
  46:Middlewares/ST/threadx/common/src/tx_thread_time_slice.c **** /*                                                                        */
  47:Middlewares/ST/threadx/common/src/tx_thread_time_slice.c **** /*    This function moves the currently executing thread to the end of    */
  48:Middlewares/ST/threadx/common/src/tx_thread_time_slice.c **** /*    the threads ready at the same priority level as a result of a       */
  49:Middlewares/ST/threadx/common/src/tx_thread_time_slice.c **** /*    time-slice interrupt.  If no other thread of the same priority is   */
  50:Middlewares/ST/threadx/common/src/tx_thread_time_slice.c **** /*    ready, this function simply returns.                                */
  51:Middlewares/ST/threadx/common/src/tx_thread_time_slice.c **** /*                                                                        */
  52:Middlewares/ST/threadx/common/src/tx_thread_time_slice.c **** /*  INPUT                                                                 */
  53:Middlewares/ST/threadx/common/src/tx_thread_time_slice.c **** /*                                                                        */
  54:Middlewares/ST/threadx/common/src/tx_thread_time_slice.c **** /*    None                                                                */
  55:Middlewares/ST/threadx/common/src/tx_thread_time_slice.c **** /*                                                                        */
  56:Middlewares/ST/threadx/common/src/tx_thread_time_slice.c **** /*  OUTPUT                                                                */
  57:Middlewares/ST/threadx/common/src/tx_thread_time_slice.c **** /*                                                                        */
  58:Middlewares/ST/threadx/common/src/tx_thread_time_slice.c **** /*    None                                                                */
  59:Middlewares/ST/threadx/common/src/tx_thread_time_slice.c **** /*                                                                        */
  60:Middlewares/ST/threadx/common/src/tx_thread_time_slice.c **** /*  CALLS                                                                 */
  61:Middlewares/ST/threadx/common/src/tx_thread_time_slice.c **** /*                                                                        */
  62:Middlewares/ST/threadx/common/src/tx_thread_time_slice.c **** /*    None                                                                */
  63:Middlewares/ST/threadx/common/src/tx_thread_time_slice.c **** /*                                                                        */
  64:Middlewares/ST/threadx/common/src/tx_thread_time_slice.c **** /*  CALLED BY                                                             */
  65:Middlewares/ST/threadx/common/src/tx_thread_time_slice.c **** /*                                                                        */
  66:Middlewares/ST/threadx/common/src/tx_thread_time_slice.c **** /*    _tx_timer_interrupt                   Timer interrupt handling      */
  67:Middlewares/ST/threadx/common/src/tx_thread_time_slice.c **** /*                                                                        */
  68:Middlewares/ST/threadx/common/src/tx_thread_time_slice.c **** /*  RELEASE HISTORY                                                       */
  69:Middlewares/ST/threadx/common/src/tx_thread_time_slice.c **** /*                                                                        */
  70:Middlewares/ST/threadx/common/src/tx_thread_time_slice.c **** /*    DATE              NAME                      DESCRIPTION             */
  71:Middlewares/ST/threadx/common/src/tx_thread_time_slice.c **** /*                                                                        */
  72:Middlewares/ST/threadx/common/src/tx_thread_time_slice.c **** /*  05-19-2020     William E. Lamie         Initial Version 6.0           */
  73:Middlewares/ST/threadx/common/src/tx_thread_time_slice.c **** /*  09-30-2020     Scott Larson             Modified comment(s), and      */
  74:Middlewares/ST/threadx/common/src/tx_thread_time_slice.c **** /*                                            opt out of function when    */
  75:Middlewares/ST/threadx/common/src/tx_thread_time_slice.c **** /*                                            TX_NO_TIMER is defined,     */
  76:Middlewares/ST/threadx/common/src/tx_thread_time_slice.c **** /*                                            resulting in version 6.1    */
  77:Middlewares/ST/threadx/common/src/tx_thread_time_slice.c **** /*                                                                        */
  78:Middlewares/ST/threadx/common/src/tx_thread_time_slice.c **** /**************************************************************************/
  79:Middlewares/ST/threadx/common/src/tx_thread_time_slice.c **** VOID  _tx_thread_time_slice(VOID)
  80:Middlewares/ST/threadx/common/src/tx_thread_time_slice.c **** {
  28              		.loc 1 80 1 view -0
  29              		.cfi_startproc
  30              		@ args = 0, pretend = 0, frame = 0
  31              		@ frame_needed = 0, uses_anonymous_args = 0
  32              		@ link register save eliminated.
  81:Middlewares/ST/threadx/common/src/tx_thread_time_slice.c **** 
  82:Middlewares/ST/threadx/common/src/tx_thread_time_slice.c **** TX_INTERRUPT_SAVE_AREA
  33              		.loc 1 82 1 view .LVU1
ARM GAS  /tmp/ccAIEv6H.s 			page 3


  83:Middlewares/ST/threadx/common/src/tx_thread_time_slice.c **** 
  84:Middlewares/ST/threadx/common/src/tx_thread_time_slice.c **** TX_THREAD       *thread_ptr;
  34              		.loc 1 84 1 view .LVU2
  85:Middlewares/ST/threadx/common/src/tx_thread_time_slice.c **** #ifdef TX_ENABLE_STACK_CHECKING
  86:Middlewares/ST/threadx/common/src/tx_thread_time_slice.c **** TX_THREAD       *next_thread_ptr;
  87:Middlewares/ST/threadx/common/src/tx_thread_time_slice.c **** #endif
  88:Middlewares/ST/threadx/common/src/tx_thread_time_slice.c **** #ifdef TX_ENABLE_EVENT_TRACE
  89:Middlewares/ST/threadx/common/src/tx_thread_time_slice.c **** ULONG           system_state;
  90:Middlewares/ST/threadx/common/src/tx_thread_time_slice.c **** UINT            preempt_disable;
  91:Middlewares/ST/threadx/common/src/tx_thread_time_slice.c **** #endif
  92:Middlewares/ST/threadx/common/src/tx_thread_time_slice.c **** 
  93:Middlewares/ST/threadx/common/src/tx_thread_time_slice.c ****     /* Pickup thread pointer.  */
  94:Middlewares/ST/threadx/common/src/tx_thread_time_slice.c ****     TX_THREAD_GET_CURRENT(thread_ptr)
  35              		.loc 1 94 5 view .LVU3
  36 0000 114B     		ldr	r3, .L4
  37 0002 1B68     		ldr	r3, [r3]
  38              	.LVL0:
  95:Middlewares/ST/threadx/common/src/tx_thread_time_slice.c **** 
  96:Middlewares/ST/threadx/common/src/tx_thread_time_slice.c **** #ifdef TX_ENABLE_STACK_CHECKING
  97:Middlewares/ST/threadx/common/src/tx_thread_time_slice.c **** 
  98:Middlewares/ST/threadx/common/src/tx_thread_time_slice.c ****     /* Check this thread's stack.  */
  99:Middlewares/ST/threadx/common/src/tx_thread_time_slice.c ****     TX_THREAD_STACK_CHECK(thread_ptr)
 100:Middlewares/ST/threadx/common/src/tx_thread_time_slice.c **** 
 101:Middlewares/ST/threadx/common/src/tx_thread_time_slice.c ****     /* Set the next thread pointer to NULL.  */
 102:Middlewares/ST/threadx/common/src/tx_thread_time_slice.c ****     next_thread_ptr =  TX_NULL;
 103:Middlewares/ST/threadx/common/src/tx_thread_time_slice.c **** #endif
 104:Middlewares/ST/threadx/common/src/tx_thread_time_slice.c **** 
 105:Middlewares/ST/threadx/common/src/tx_thread_time_slice.c ****     /* Lockout interrupts while the time-slice is evaluated.  */
 106:Middlewares/ST/threadx/common/src/tx_thread_time_slice.c ****     TX_DISABLE
  39              		.loc 1 106 5 view .LVU4
  40              	.LBB10:
  41              	.LBI10:
  42              		.file 2 "Middlewares/ST/threadx/ports/cortex_m7/gnu/inc/tx_port.h"
   1:Middlewares/ST/threadx/ports/cortex_m7/gnu/inc/tx_port.h **** /**************************************************************************/
   2:Middlewares/ST/threadx/ports/cortex_m7/gnu/inc/tx_port.h **** /*                                                                        */
   3:Middlewares/ST/threadx/ports/cortex_m7/gnu/inc/tx_port.h **** /*       Copyright (c) Microsoft Corporation. All rights reserved.        */
   4:Middlewares/ST/threadx/ports/cortex_m7/gnu/inc/tx_port.h **** /*                                                                        */
   5:Middlewares/ST/threadx/ports/cortex_m7/gnu/inc/tx_port.h **** /*       This software is licensed under the Microsoft Software License   */
   6:Middlewares/ST/threadx/ports/cortex_m7/gnu/inc/tx_port.h **** /*       Terms for Microsoft Azure RTOS. Full text of the license can be  */
   7:Middlewares/ST/threadx/ports/cortex_m7/gnu/inc/tx_port.h **** /*       found in the LICENSE file at https://aka.ms/AzureRTOS_EULA       */
   8:Middlewares/ST/threadx/ports/cortex_m7/gnu/inc/tx_port.h **** /*       and in the root directory of this software.                      */
   9:Middlewares/ST/threadx/ports/cortex_m7/gnu/inc/tx_port.h **** /*                                                                        */
  10:Middlewares/ST/threadx/ports/cortex_m7/gnu/inc/tx_port.h **** /**************************************************************************/
  11:Middlewares/ST/threadx/ports/cortex_m7/gnu/inc/tx_port.h **** 
  12:Middlewares/ST/threadx/ports/cortex_m7/gnu/inc/tx_port.h **** 
  13:Middlewares/ST/threadx/ports/cortex_m7/gnu/inc/tx_port.h **** /**************************************************************************/
  14:Middlewares/ST/threadx/ports/cortex_m7/gnu/inc/tx_port.h **** /**************************************************************************/
  15:Middlewares/ST/threadx/ports/cortex_m7/gnu/inc/tx_port.h **** /**                                                                       */
  16:Middlewares/ST/threadx/ports/cortex_m7/gnu/inc/tx_port.h **** /** ThreadX Component                                                     */
  17:Middlewares/ST/threadx/ports/cortex_m7/gnu/inc/tx_port.h **** /**                                                                       */
  18:Middlewares/ST/threadx/ports/cortex_m7/gnu/inc/tx_port.h **** /**   Port Specific                                                       */
  19:Middlewares/ST/threadx/ports/cortex_m7/gnu/inc/tx_port.h **** /**                                                                       */
  20:Middlewares/ST/threadx/ports/cortex_m7/gnu/inc/tx_port.h **** /**************************************************************************/
  21:Middlewares/ST/threadx/ports/cortex_m7/gnu/inc/tx_port.h **** /**************************************************************************/
  22:Middlewares/ST/threadx/ports/cortex_m7/gnu/inc/tx_port.h **** 
  23:Middlewares/ST/threadx/ports/cortex_m7/gnu/inc/tx_port.h **** 
  24:Middlewares/ST/threadx/ports/cortex_m7/gnu/inc/tx_port.h **** /**************************************************************************/
ARM GAS  /tmp/ccAIEv6H.s 			page 4


  25:Middlewares/ST/threadx/ports/cortex_m7/gnu/inc/tx_port.h **** /*                                                                        */
  26:Middlewares/ST/threadx/ports/cortex_m7/gnu/inc/tx_port.h **** /*  PORT SPECIFIC C INFORMATION                            RELEASE        */
  27:Middlewares/ST/threadx/ports/cortex_m7/gnu/inc/tx_port.h **** /*                                                                        */
  28:Middlewares/ST/threadx/ports/cortex_m7/gnu/inc/tx_port.h **** /*    tx_port.h                                         Cortex-M7/GNU     */
  29:Middlewares/ST/threadx/ports/cortex_m7/gnu/inc/tx_port.h **** /*                                                           6.1.12       */
  30:Middlewares/ST/threadx/ports/cortex_m7/gnu/inc/tx_port.h **** /*                                                                        */
  31:Middlewares/ST/threadx/ports/cortex_m7/gnu/inc/tx_port.h **** /*  AUTHOR                                                                */
  32:Middlewares/ST/threadx/ports/cortex_m7/gnu/inc/tx_port.h **** /*                                                                        */
  33:Middlewares/ST/threadx/ports/cortex_m7/gnu/inc/tx_port.h **** /*    Scott Larson, Microsoft Corporation                                 */
  34:Middlewares/ST/threadx/ports/cortex_m7/gnu/inc/tx_port.h **** /*                                                                        */
  35:Middlewares/ST/threadx/ports/cortex_m7/gnu/inc/tx_port.h **** /*  DESCRIPTION                                                           */
  36:Middlewares/ST/threadx/ports/cortex_m7/gnu/inc/tx_port.h **** /*                                                                        */
  37:Middlewares/ST/threadx/ports/cortex_m7/gnu/inc/tx_port.h **** /*    This file contains data type definitions that make the ThreadX      */
  38:Middlewares/ST/threadx/ports/cortex_m7/gnu/inc/tx_port.h **** /*    real-time kernel function identically on a variety of different     */
  39:Middlewares/ST/threadx/ports/cortex_m7/gnu/inc/tx_port.h **** /*    processor architectures.  For example, the size or number of bits   */
  40:Middlewares/ST/threadx/ports/cortex_m7/gnu/inc/tx_port.h **** /*    in an "int" data type vary between microprocessor architectures and */
  41:Middlewares/ST/threadx/ports/cortex_m7/gnu/inc/tx_port.h **** /*    even C compilers for the same microprocessor.  ThreadX does not     */
  42:Middlewares/ST/threadx/ports/cortex_m7/gnu/inc/tx_port.h **** /*    directly use native C data types.  Instead, ThreadX creates its     */
  43:Middlewares/ST/threadx/ports/cortex_m7/gnu/inc/tx_port.h **** /*    own special types that can be mapped to actual data types by this   */
  44:Middlewares/ST/threadx/ports/cortex_m7/gnu/inc/tx_port.h **** /*    file to guarantee consistency in the interface and functionality.   */
  45:Middlewares/ST/threadx/ports/cortex_m7/gnu/inc/tx_port.h **** /*                                                                        */
  46:Middlewares/ST/threadx/ports/cortex_m7/gnu/inc/tx_port.h **** /*    This file replaces the previous Cortex-M3/M4/M7 files. It unifies   */
  47:Middlewares/ST/threadx/ports/cortex_m7/gnu/inc/tx_port.h **** /*    the ARMv7-M architecture and compilers into one common file.        */
  48:Middlewares/ST/threadx/ports/cortex_m7/gnu/inc/tx_port.h **** /*                                                                        */
  49:Middlewares/ST/threadx/ports/cortex_m7/gnu/inc/tx_port.h **** /*  RELEASE HISTORY                                                       */
  50:Middlewares/ST/threadx/ports/cortex_m7/gnu/inc/tx_port.h **** /*                                                                        */
  51:Middlewares/ST/threadx/ports/cortex_m7/gnu/inc/tx_port.h **** /*    DATE              NAME                      DESCRIPTION             */
  52:Middlewares/ST/threadx/ports/cortex_m7/gnu/inc/tx_port.h **** /*                                                                        */
  53:Middlewares/ST/threadx/ports/cortex_m7/gnu/inc/tx_port.h **** /*  06-02-2021      Scott Larson            Initial Version 6.1.7         */
  54:Middlewares/ST/threadx/ports/cortex_m7/gnu/inc/tx_port.h **** /*  01-31-2022      Scott Larson            Modified comments, updated    */
  55:Middlewares/ST/threadx/ports/cortex_m7/gnu/inc/tx_port.h **** /*                                            typedef to fix misra        */
  56:Middlewares/ST/threadx/ports/cortex_m7/gnu/inc/tx_port.h **** /*                                            violation,                  */
  57:Middlewares/ST/threadx/ports/cortex_m7/gnu/inc/tx_port.h **** /*                                            fixed predefined macro,     */
  58:Middlewares/ST/threadx/ports/cortex_m7/gnu/inc/tx_port.h **** /*                                            resulting in version 6.1.10 */
  59:Middlewares/ST/threadx/ports/cortex_m7/gnu/inc/tx_port.h **** /*  04-25-2022      Scott Larson            Modified comments and added   */
  60:Middlewares/ST/threadx/ports/cortex_m7/gnu/inc/tx_port.h **** /*                                            volatile to registers,      */
  61:Middlewares/ST/threadx/ports/cortex_m7/gnu/inc/tx_port.h **** /*                                            resulting in version 6.1.11 */
  62:Middlewares/ST/threadx/ports/cortex_m7/gnu/inc/tx_port.h **** /*  07-29-2022      Scott Larson            Modified comments and         */
  63:Middlewares/ST/threadx/ports/cortex_m7/gnu/inc/tx_port.h **** /*                                            described BASEPRI usage,    */
  64:Middlewares/ST/threadx/ports/cortex_m7/gnu/inc/tx_port.h **** /*                                            resulting in version 6.1.12 */
  65:Middlewares/ST/threadx/ports/cortex_m7/gnu/inc/tx_port.h **** /*                                                                        */
  66:Middlewares/ST/threadx/ports/cortex_m7/gnu/inc/tx_port.h **** /**************************************************************************/
  67:Middlewares/ST/threadx/ports/cortex_m7/gnu/inc/tx_port.h **** 
  68:Middlewares/ST/threadx/ports/cortex_m7/gnu/inc/tx_port.h **** #ifndef TX_PORT_H
  69:Middlewares/ST/threadx/ports/cortex_m7/gnu/inc/tx_port.h **** #define TX_PORT_H
  70:Middlewares/ST/threadx/ports/cortex_m7/gnu/inc/tx_port.h **** 
  71:Middlewares/ST/threadx/ports/cortex_m7/gnu/inc/tx_port.h **** 
  72:Middlewares/ST/threadx/ports/cortex_m7/gnu/inc/tx_port.h **** /* Determine if the optional ThreadX user define file should be used.  */
  73:Middlewares/ST/threadx/ports/cortex_m7/gnu/inc/tx_port.h **** 
  74:Middlewares/ST/threadx/ports/cortex_m7/gnu/inc/tx_port.h **** #ifdef TX_INCLUDE_USER_DEFINE_FILE
  75:Middlewares/ST/threadx/ports/cortex_m7/gnu/inc/tx_port.h **** 
  76:Middlewares/ST/threadx/ports/cortex_m7/gnu/inc/tx_port.h **** /* Yes, include the user defines in tx_user.h. The defines in this file may
  77:Middlewares/ST/threadx/ports/cortex_m7/gnu/inc/tx_port.h ****    alternately be defined on the command line.  */
  78:Middlewares/ST/threadx/ports/cortex_m7/gnu/inc/tx_port.h **** 
  79:Middlewares/ST/threadx/ports/cortex_m7/gnu/inc/tx_port.h **** #include "tx_user.h"
  80:Middlewares/ST/threadx/ports/cortex_m7/gnu/inc/tx_port.h **** #endif
  81:Middlewares/ST/threadx/ports/cortex_m7/gnu/inc/tx_port.h **** 
ARM GAS  /tmp/ccAIEv6H.s 			page 5


  82:Middlewares/ST/threadx/ports/cortex_m7/gnu/inc/tx_port.h **** 
  83:Middlewares/ST/threadx/ports/cortex_m7/gnu/inc/tx_port.h **** /* Define compiler library include files.  */
  84:Middlewares/ST/threadx/ports/cortex_m7/gnu/inc/tx_port.h **** 
  85:Middlewares/ST/threadx/ports/cortex_m7/gnu/inc/tx_port.h **** #include <stdlib.h>
  86:Middlewares/ST/threadx/ports/cortex_m7/gnu/inc/tx_port.h **** #include <string.h>
  87:Middlewares/ST/threadx/ports/cortex_m7/gnu/inc/tx_port.h **** 
  88:Middlewares/ST/threadx/ports/cortex_m7/gnu/inc/tx_port.h **** #ifdef __ICCARM__
  89:Middlewares/ST/threadx/ports/cortex_m7/gnu/inc/tx_port.h **** #include <intrinsics.h>                     /* IAR Intrinsics */
  90:Middlewares/ST/threadx/ports/cortex_m7/gnu/inc/tx_port.h **** #define __asm__ __asm                       /* Define to make all inline asm look similar */
  91:Middlewares/ST/threadx/ports/cortex_m7/gnu/inc/tx_port.h **** #ifdef  TX_ENABLE_IAR_LIBRARY_SUPPORT
  92:Middlewares/ST/threadx/ports/cortex_m7/gnu/inc/tx_port.h **** #include <yvals.h>
  93:Middlewares/ST/threadx/ports/cortex_m7/gnu/inc/tx_port.h **** #endif
  94:Middlewares/ST/threadx/ports/cortex_m7/gnu/inc/tx_port.h **** #endif /* __ICCARM__ */
  95:Middlewares/ST/threadx/ports/cortex_m7/gnu/inc/tx_port.h **** 
  96:Middlewares/ST/threadx/ports/cortex_m7/gnu/inc/tx_port.h **** #ifdef __ghs__
  97:Middlewares/ST/threadx/ports/cortex_m7/gnu/inc/tx_port.h **** #include <arm_ghs.h>
  98:Middlewares/ST/threadx/ports/cortex_m7/gnu/inc/tx_port.h **** #include "tx_ghs.h"
  99:Middlewares/ST/threadx/ports/cortex_m7/gnu/inc/tx_port.h **** #endif  /* __ghs__ */
 100:Middlewares/ST/threadx/ports/cortex_m7/gnu/inc/tx_port.h **** 
 101:Middlewares/ST/threadx/ports/cortex_m7/gnu/inc/tx_port.h **** 
 102:Middlewares/ST/threadx/ports/cortex_m7/gnu/inc/tx_port.h **** #if !defined(__GNUC__) && !defined(__CC_ARM)
 103:Middlewares/ST/threadx/ports/cortex_m7/gnu/inc/tx_port.h **** #define __get_control_value __get_CONTROL
 104:Middlewares/ST/threadx/ports/cortex_m7/gnu/inc/tx_port.h **** #define __set_control_value __set_CONTROL
 105:Middlewares/ST/threadx/ports/cortex_m7/gnu/inc/tx_port.h **** #endif
 106:Middlewares/ST/threadx/ports/cortex_m7/gnu/inc/tx_port.h **** 
 107:Middlewares/ST/threadx/ports/cortex_m7/gnu/inc/tx_port.h **** #ifndef __GNUC__
 108:Middlewares/ST/threadx/ports/cortex_m7/gnu/inc/tx_port.h **** #define __get_ipsr_value __get_IPSR
 109:Middlewares/ST/threadx/ports/cortex_m7/gnu/inc/tx_port.h **** #endif
 110:Middlewares/ST/threadx/ports/cortex_m7/gnu/inc/tx_port.h **** 
 111:Middlewares/ST/threadx/ports/cortex_m7/gnu/inc/tx_port.h **** /* Define ThreadX basic types for this port.  */
 112:Middlewares/ST/threadx/ports/cortex_m7/gnu/inc/tx_port.h **** 
 113:Middlewares/ST/threadx/ports/cortex_m7/gnu/inc/tx_port.h **** #define VOID                                    void
 114:Middlewares/ST/threadx/ports/cortex_m7/gnu/inc/tx_port.h **** typedef char                                    CHAR;
 115:Middlewares/ST/threadx/ports/cortex_m7/gnu/inc/tx_port.h **** typedef unsigned char                           UCHAR;
 116:Middlewares/ST/threadx/ports/cortex_m7/gnu/inc/tx_port.h **** typedef int                                     INT;
 117:Middlewares/ST/threadx/ports/cortex_m7/gnu/inc/tx_port.h **** typedef unsigned int                            UINT;
 118:Middlewares/ST/threadx/ports/cortex_m7/gnu/inc/tx_port.h **** typedef long                                    LONG;
 119:Middlewares/ST/threadx/ports/cortex_m7/gnu/inc/tx_port.h **** typedef unsigned long                           ULONG;
 120:Middlewares/ST/threadx/ports/cortex_m7/gnu/inc/tx_port.h **** typedef unsigned long long                      ULONG64;
 121:Middlewares/ST/threadx/ports/cortex_m7/gnu/inc/tx_port.h **** typedef short                                   SHORT;
 122:Middlewares/ST/threadx/ports/cortex_m7/gnu/inc/tx_port.h **** typedef unsigned short                          USHORT;
 123:Middlewares/ST/threadx/ports/cortex_m7/gnu/inc/tx_port.h **** #define ULONG64_DEFINED
 124:Middlewares/ST/threadx/ports/cortex_m7/gnu/inc/tx_port.h **** 
 125:Middlewares/ST/threadx/ports/cortex_m7/gnu/inc/tx_port.h **** /* Define the priority levels for ThreadX.  Legal values range
 126:Middlewares/ST/threadx/ports/cortex_m7/gnu/inc/tx_port.h ****    from 32 to 1024 and MUST be evenly divisible by 32.  */
 127:Middlewares/ST/threadx/ports/cortex_m7/gnu/inc/tx_port.h **** 
 128:Middlewares/ST/threadx/ports/cortex_m7/gnu/inc/tx_port.h **** #ifndef TX_MAX_PRIORITIES
 129:Middlewares/ST/threadx/ports/cortex_m7/gnu/inc/tx_port.h **** #define TX_MAX_PRIORITIES                       32
 130:Middlewares/ST/threadx/ports/cortex_m7/gnu/inc/tx_port.h **** #endif
 131:Middlewares/ST/threadx/ports/cortex_m7/gnu/inc/tx_port.h **** 
 132:Middlewares/ST/threadx/ports/cortex_m7/gnu/inc/tx_port.h **** 
 133:Middlewares/ST/threadx/ports/cortex_m7/gnu/inc/tx_port.h **** /* Define the minimum stack for a ThreadX thread on this processor. If the size supplied during
 134:Middlewares/ST/threadx/ports/cortex_m7/gnu/inc/tx_port.h ****    thread creation is less than this value, the thread create call will return an error.  */
 135:Middlewares/ST/threadx/ports/cortex_m7/gnu/inc/tx_port.h **** 
 136:Middlewares/ST/threadx/ports/cortex_m7/gnu/inc/tx_port.h **** #ifndef TX_MINIMUM_STACK
 137:Middlewares/ST/threadx/ports/cortex_m7/gnu/inc/tx_port.h **** #define TX_MINIMUM_STACK                        200         /* Minimum stack size for this port  */
 138:Middlewares/ST/threadx/ports/cortex_m7/gnu/inc/tx_port.h **** #endif
ARM GAS  /tmp/ccAIEv6H.s 			page 6


 139:Middlewares/ST/threadx/ports/cortex_m7/gnu/inc/tx_port.h **** 
 140:Middlewares/ST/threadx/ports/cortex_m7/gnu/inc/tx_port.h **** 
 141:Middlewares/ST/threadx/ports/cortex_m7/gnu/inc/tx_port.h **** /* Define the system timer thread's default stack size and priority.  These are only applicable
 142:Middlewares/ST/threadx/ports/cortex_m7/gnu/inc/tx_port.h ****    if TX_TIMER_PROCESS_IN_ISR is not defined.  */
 143:Middlewares/ST/threadx/ports/cortex_m7/gnu/inc/tx_port.h **** 
 144:Middlewares/ST/threadx/ports/cortex_m7/gnu/inc/tx_port.h **** #ifndef TX_TIMER_THREAD_STACK_SIZE
 145:Middlewares/ST/threadx/ports/cortex_m7/gnu/inc/tx_port.h **** #define TX_TIMER_THREAD_STACK_SIZE              1024        /* Default timer thread stack size  */
 146:Middlewares/ST/threadx/ports/cortex_m7/gnu/inc/tx_port.h **** #endif
 147:Middlewares/ST/threadx/ports/cortex_m7/gnu/inc/tx_port.h **** 
 148:Middlewares/ST/threadx/ports/cortex_m7/gnu/inc/tx_port.h **** #ifndef TX_TIMER_THREAD_PRIORITY
 149:Middlewares/ST/threadx/ports/cortex_m7/gnu/inc/tx_port.h **** #define TX_TIMER_THREAD_PRIORITY                0           /* Default timer thread priority    */
 150:Middlewares/ST/threadx/ports/cortex_m7/gnu/inc/tx_port.h **** #endif
 151:Middlewares/ST/threadx/ports/cortex_m7/gnu/inc/tx_port.h **** 
 152:Middlewares/ST/threadx/ports/cortex_m7/gnu/inc/tx_port.h **** /* By default, ThreadX for Cortex-M uses the PRIMASK register to enable/disable interrupts.
 153:Middlewares/ST/threadx/ports/cortex_m7/gnu/inc/tx_port.h **** If using BASEPRI is desired, define the following two symbols for both c and assembly files:
 154:Middlewares/ST/threadx/ports/cortex_m7/gnu/inc/tx_port.h **** TX_PORT_USE_BASEPRI - This tells ThreadX to use BASEPRI instead of PRIMASK.
 155:Middlewares/ST/threadx/ports/cortex_m7/gnu/inc/tx_port.h **** TX_PORT_BASEPRI = (priority_mask << (8 - number_priority_bits)) - this defines the maximum priority
 156:Middlewares/ST/threadx/ports/cortex_m7/gnu/inc/tx_port.h **** Any interrupt with a higher priority than priority_mask will not be masked, thus the interrupt will
 157:Middlewares/ST/threadx/ports/cortex_m7/gnu/inc/tx_port.h **** */
 158:Middlewares/ST/threadx/ports/cortex_m7/gnu/inc/tx_port.h **** 
 159:Middlewares/ST/threadx/ports/cortex_m7/gnu/inc/tx_port.h **** /* Define various constants for the ThreadX Cortex-M port.  */
 160:Middlewares/ST/threadx/ports/cortex_m7/gnu/inc/tx_port.h **** 
 161:Middlewares/ST/threadx/ports/cortex_m7/gnu/inc/tx_port.h **** #define TX_INT_DISABLE                          1           /* Disable interrupts               */
 162:Middlewares/ST/threadx/ports/cortex_m7/gnu/inc/tx_port.h **** #define TX_INT_ENABLE                           0           /* Enable interrupts                */
 163:Middlewares/ST/threadx/ports/cortex_m7/gnu/inc/tx_port.h **** 
 164:Middlewares/ST/threadx/ports/cortex_m7/gnu/inc/tx_port.h **** 
 165:Middlewares/ST/threadx/ports/cortex_m7/gnu/inc/tx_port.h **** /* Define the clock source for trace event entry time stamp. The following two item are port specif
 166:Middlewares/ST/threadx/ports/cortex_m7/gnu/inc/tx_port.h ****    For example, if the time source is at the address 0x0a800024 and is 16-bits in size, the clock
 167:Middlewares/ST/threadx/ports/cortex_m7/gnu/inc/tx_port.h ****    source constants would be:
 168:Middlewares/ST/threadx/ports/cortex_m7/gnu/inc/tx_port.h **** 
 169:Middlewares/ST/threadx/ports/cortex_m7/gnu/inc/tx_port.h **** #define TX_TRACE_TIME_SOURCE                    *((volatile ULONG *) 0x0a800024)
 170:Middlewares/ST/threadx/ports/cortex_m7/gnu/inc/tx_port.h **** #define TX_TRACE_TIME_MASK                      0x0000FFFFUL
 171:Middlewares/ST/threadx/ports/cortex_m7/gnu/inc/tx_port.h **** 
 172:Middlewares/ST/threadx/ports/cortex_m7/gnu/inc/tx_port.h **** */
 173:Middlewares/ST/threadx/ports/cortex_m7/gnu/inc/tx_port.h **** 
 174:Middlewares/ST/threadx/ports/cortex_m7/gnu/inc/tx_port.h **** #ifndef TX_MISRA_ENABLE
 175:Middlewares/ST/threadx/ports/cortex_m7/gnu/inc/tx_port.h **** #ifndef TX_TRACE_TIME_SOURCE
 176:Middlewares/ST/threadx/ports/cortex_m7/gnu/inc/tx_port.h **** #define TX_TRACE_TIME_SOURCE                    *((volatile ULONG *) 0xE0001004)
 177:Middlewares/ST/threadx/ports/cortex_m7/gnu/inc/tx_port.h **** #endif
 178:Middlewares/ST/threadx/ports/cortex_m7/gnu/inc/tx_port.h **** #else
 179:Middlewares/ST/threadx/ports/cortex_m7/gnu/inc/tx_port.h **** ULONG   _tx_misra_time_stamp_get(VOID);
 180:Middlewares/ST/threadx/ports/cortex_m7/gnu/inc/tx_port.h **** #define TX_TRACE_TIME_SOURCE                    _tx_misra_time_stamp_get()
 181:Middlewares/ST/threadx/ports/cortex_m7/gnu/inc/tx_port.h **** #endif
 182:Middlewares/ST/threadx/ports/cortex_m7/gnu/inc/tx_port.h **** 
 183:Middlewares/ST/threadx/ports/cortex_m7/gnu/inc/tx_port.h **** #ifndef TX_TRACE_TIME_MASK
 184:Middlewares/ST/threadx/ports/cortex_m7/gnu/inc/tx_port.h **** #define TX_TRACE_TIME_MASK                      0xFFFFFFFFUL
 185:Middlewares/ST/threadx/ports/cortex_m7/gnu/inc/tx_port.h **** #endif
 186:Middlewares/ST/threadx/ports/cortex_m7/gnu/inc/tx_port.h **** 
 187:Middlewares/ST/threadx/ports/cortex_m7/gnu/inc/tx_port.h **** #ifdef __ghs__
 188:Middlewares/ST/threadx/ports/cortex_m7/gnu/inc/tx_port.h **** /* Define constants for Green Hills EventAnalyzer.  */
 189:Middlewares/ST/threadx/ports/cortex_m7/gnu/inc/tx_port.h **** 
 190:Middlewares/ST/threadx/ports/cortex_m7/gnu/inc/tx_port.h **** /* Define the number of ticks per second. This informs the EventAnalyzer what the timestamps
 191:Middlewares/ST/threadx/ports/cortex_m7/gnu/inc/tx_port.h ****    represent.  By default, this is set to 1,000,000 i.e., one tick every microsecond. */
 192:Middlewares/ST/threadx/ports/cortex_m7/gnu/inc/tx_port.h **** 
 193:Middlewares/ST/threadx/ports/cortex_m7/gnu/inc/tx_port.h **** #define TX_EL_TICKS_PER_SECOND                  1000000
 194:Middlewares/ST/threadx/ports/cortex_m7/gnu/inc/tx_port.h **** 
 195:Middlewares/ST/threadx/ports/cortex_m7/gnu/inc/tx_port.h **** /* Define the method of how to get the upper and lower 32-bits of the time stamp. By default, simpl
ARM GAS  /tmp/ccAIEv6H.s 			page 7


 196:Middlewares/ST/threadx/ports/cortex_m7/gnu/inc/tx_port.h ****    simulate the time-stamp source with a counter.  */
 197:Middlewares/ST/threadx/ports/cortex_m7/gnu/inc/tx_port.h **** 
 198:Middlewares/ST/threadx/ports/cortex_m7/gnu/inc/tx_port.h **** #define read_tbu()                              _tx_el_time_base_upper
 199:Middlewares/ST/threadx/ports/cortex_m7/gnu/inc/tx_port.h **** #define read_tbl()                              ++_tx_el_time_base_lower
 200:Middlewares/ST/threadx/ports/cortex_m7/gnu/inc/tx_port.h **** #endif  /* __ghs__ */
 201:Middlewares/ST/threadx/ports/cortex_m7/gnu/inc/tx_port.h **** 
 202:Middlewares/ST/threadx/ports/cortex_m7/gnu/inc/tx_port.h **** /* Define the port specific options for the _tx_build_options variable. This variable indicates
 203:Middlewares/ST/threadx/ports/cortex_m7/gnu/inc/tx_port.h ****    how the ThreadX library was built.  */
 204:Middlewares/ST/threadx/ports/cortex_m7/gnu/inc/tx_port.h **** 
 205:Middlewares/ST/threadx/ports/cortex_m7/gnu/inc/tx_port.h **** #define TX_PORT_SPECIFIC_BUILD_OPTIONS          (0)
 206:Middlewares/ST/threadx/ports/cortex_m7/gnu/inc/tx_port.h **** 
 207:Middlewares/ST/threadx/ports/cortex_m7/gnu/inc/tx_port.h **** 
 208:Middlewares/ST/threadx/ports/cortex_m7/gnu/inc/tx_port.h **** /* Define the in-line initialization constant so that modules with in-line
 209:Middlewares/ST/threadx/ports/cortex_m7/gnu/inc/tx_port.h ****    initialization capabilities can prevent their initialization from being
 210:Middlewares/ST/threadx/ports/cortex_m7/gnu/inc/tx_port.h ****    a function call.  */
 211:Middlewares/ST/threadx/ports/cortex_m7/gnu/inc/tx_port.h **** 
 212:Middlewares/ST/threadx/ports/cortex_m7/gnu/inc/tx_port.h **** #ifdef TX_MISRA_ENABLE
 213:Middlewares/ST/threadx/ports/cortex_m7/gnu/inc/tx_port.h **** #define TX_DISABLE_INLINE
 214:Middlewares/ST/threadx/ports/cortex_m7/gnu/inc/tx_port.h **** #else
 215:Middlewares/ST/threadx/ports/cortex_m7/gnu/inc/tx_port.h **** #define TX_INLINE_INITIALIZATION
 216:Middlewares/ST/threadx/ports/cortex_m7/gnu/inc/tx_port.h **** #endif
 217:Middlewares/ST/threadx/ports/cortex_m7/gnu/inc/tx_port.h **** 
 218:Middlewares/ST/threadx/ports/cortex_m7/gnu/inc/tx_port.h **** 
 219:Middlewares/ST/threadx/ports/cortex_m7/gnu/inc/tx_port.h **** /* Determine whether or not stack checking is enabled. By default, ThreadX stack checking is
 220:Middlewares/ST/threadx/ports/cortex_m7/gnu/inc/tx_port.h ****    disabled. When the following is defined, ThreadX thread stack checking is enabled.  If stack
 221:Middlewares/ST/threadx/ports/cortex_m7/gnu/inc/tx_port.h ****    checking is enabled (TX_ENABLE_STACK_CHECKING is defined), the TX_DISABLE_STACK_FILLING
 222:Middlewares/ST/threadx/ports/cortex_m7/gnu/inc/tx_port.h ****    define is negated, thereby forcing the stack fill which is necessary for the stack checking
 223:Middlewares/ST/threadx/ports/cortex_m7/gnu/inc/tx_port.h ****    logic.  */
 224:Middlewares/ST/threadx/ports/cortex_m7/gnu/inc/tx_port.h **** 
 225:Middlewares/ST/threadx/ports/cortex_m7/gnu/inc/tx_port.h **** #ifndef TX_MISRA_ENABLE
 226:Middlewares/ST/threadx/ports/cortex_m7/gnu/inc/tx_port.h **** #ifdef TX_ENABLE_STACK_CHECKING
 227:Middlewares/ST/threadx/ports/cortex_m7/gnu/inc/tx_port.h **** #undef TX_DISABLE_STACK_FILLING
 228:Middlewares/ST/threadx/ports/cortex_m7/gnu/inc/tx_port.h **** #endif
 229:Middlewares/ST/threadx/ports/cortex_m7/gnu/inc/tx_port.h **** #endif
 230:Middlewares/ST/threadx/ports/cortex_m7/gnu/inc/tx_port.h **** 
 231:Middlewares/ST/threadx/ports/cortex_m7/gnu/inc/tx_port.h **** 
 232:Middlewares/ST/threadx/ports/cortex_m7/gnu/inc/tx_port.h **** /* Define the TX_THREAD control block extensions for this port. The main reason
 233:Middlewares/ST/threadx/ports/cortex_m7/gnu/inc/tx_port.h ****    for the multiple macros is so that backward compatibility can be maintained with
 234:Middlewares/ST/threadx/ports/cortex_m7/gnu/inc/tx_port.h ****    existing ThreadX kernel awareness modules.  */
 235:Middlewares/ST/threadx/ports/cortex_m7/gnu/inc/tx_port.h **** 
 236:Middlewares/ST/threadx/ports/cortex_m7/gnu/inc/tx_port.h **** #define TX_THREAD_EXTENSION_0
 237:Middlewares/ST/threadx/ports/cortex_m7/gnu/inc/tx_port.h **** #define TX_THREAD_EXTENSION_1
 238:Middlewares/ST/threadx/ports/cortex_m7/gnu/inc/tx_port.h **** #ifdef  TX_ENABLE_IAR_LIBRARY_SUPPORT
 239:Middlewares/ST/threadx/ports/cortex_m7/gnu/inc/tx_port.h **** #define TX_THREAD_EXTENSION_2           VOID    *tx_thread_iar_tls_pointer;
 240:Middlewares/ST/threadx/ports/cortex_m7/gnu/inc/tx_port.h **** #elif defined(__ghs__)
 241:Middlewares/ST/threadx/ports/cortex_m7/gnu/inc/tx_port.h **** #define TX_THREAD_EXTENSION_2           VOID *  tx_thread_eh_globals;                           \
 242:Middlewares/ST/threadx/ports/cortex_m7/gnu/inc/tx_port.h ****                                         int     Errno;             /* errno.  */                \
 243:Middlewares/ST/threadx/ports/cortex_m7/gnu/inc/tx_port.h ****                                         char *  strtok_saved_pos;  /* strtok() position.  */
 244:Middlewares/ST/threadx/ports/cortex_m7/gnu/inc/tx_port.h **** #else
 245:Middlewares/ST/threadx/ports/cortex_m7/gnu/inc/tx_port.h **** #define TX_THREAD_EXTENSION_2
 246:Middlewares/ST/threadx/ports/cortex_m7/gnu/inc/tx_port.h **** #endif
 247:Middlewares/ST/threadx/ports/cortex_m7/gnu/inc/tx_port.h **** 
 248:Middlewares/ST/threadx/ports/cortex_m7/gnu/inc/tx_port.h **** 
 249:Middlewares/ST/threadx/ports/cortex_m7/gnu/inc/tx_port.h **** #define TX_THREAD_EXTENSION_3
 250:Middlewares/ST/threadx/ports/cortex_m7/gnu/inc/tx_port.h **** 
 251:Middlewares/ST/threadx/ports/cortex_m7/gnu/inc/tx_port.h **** 
 252:Middlewares/ST/threadx/ports/cortex_m7/gnu/inc/tx_port.h **** 
ARM GAS  /tmp/ccAIEv6H.s 			page 8


 253:Middlewares/ST/threadx/ports/cortex_m7/gnu/inc/tx_port.h **** /* Define the port extensions of the remaining ThreadX objects.  */
 254:Middlewares/ST/threadx/ports/cortex_m7/gnu/inc/tx_port.h **** 
 255:Middlewares/ST/threadx/ports/cortex_m7/gnu/inc/tx_port.h **** #define TX_BLOCK_POOL_EXTENSION
 256:Middlewares/ST/threadx/ports/cortex_m7/gnu/inc/tx_port.h **** #define TX_BYTE_POOL_EXTENSION
 257:Middlewares/ST/threadx/ports/cortex_m7/gnu/inc/tx_port.h **** #define TX_EVENT_FLAGS_GROUP_EXTENSION
 258:Middlewares/ST/threadx/ports/cortex_m7/gnu/inc/tx_port.h **** #define TX_MUTEX_EXTENSION
 259:Middlewares/ST/threadx/ports/cortex_m7/gnu/inc/tx_port.h **** #define TX_QUEUE_EXTENSION
 260:Middlewares/ST/threadx/ports/cortex_m7/gnu/inc/tx_port.h **** #define TX_SEMAPHORE_EXTENSION
 261:Middlewares/ST/threadx/ports/cortex_m7/gnu/inc/tx_port.h **** #define TX_TIMER_EXTENSION
 262:Middlewares/ST/threadx/ports/cortex_m7/gnu/inc/tx_port.h **** 
 263:Middlewares/ST/threadx/ports/cortex_m7/gnu/inc/tx_port.h **** 
 264:Middlewares/ST/threadx/ports/cortex_m7/gnu/inc/tx_port.h **** /* Define the user extension field of the thread control block.  Nothing
 265:Middlewares/ST/threadx/ports/cortex_m7/gnu/inc/tx_port.h ****    additional is needed for this port so it is defined as white space.  */
 266:Middlewares/ST/threadx/ports/cortex_m7/gnu/inc/tx_port.h **** 
 267:Middlewares/ST/threadx/ports/cortex_m7/gnu/inc/tx_port.h **** #ifndef TX_THREAD_USER_EXTENSION
 268:Middlewares/ST/threadx/ports/cortex_m7/gnu/inc/tx_port.h **** #define TX_THREAD_USER_EXTENSION
 269:Middlewares/ST/threadx/ports/cortex_m7/gnu/inc/tx_port.h **** #endif
 270:Middlewares/ST/threadx/ports/cortex_m7/gnu/inc/tx_port.h **** 
 271:Middlewares/ST/threadx/ports/cortex_m7/gnu/inc/tx_port.h **** 
 272:Middlewares/ST/threadx/ports/cortex_m7/gnu/inc/tx_port.h **** /* Define the macros for processing extensions in tx_thread_create, tx_thread_delete,
 273:Middlewares/ST/threadx/ports/cortex_m7/gnu/inc/tx_port.h ****    tx_thread_shell_entry, and tx_thread_terminate.  */
 274:Middlewares/ST/threadx/ports/cortex_m7/gnu/inc/tx_port.h **** 
 275:Middlewares/ST/threadx/ports/cortex_m7/gnu/inc/tx_port.h **** 
 276:Middlewares/ST/threadx/ports/cortex_m7/gnu/inc/tx_port.h **** #ifdef  TX_ENABLE_IAR_LIBRARY_SUPPORT
 277:Middlewares/ST/threadx/ports/cortex_m7/gnu/inc/tx_port.h **** #if (__VER__ < 8000000)
 278:Middlewares/ST/threadx/ports/cortex_m7/gnu/inc/tx_port.h **** #define TX_THREAD_CREATE_EXTENSION(thread_ptr)                      thread_ptr -> tx_thread_iar_tls
 279:Middlewares/ST/threadx/ports/cortex_m7/gnu/inc/tx_port.h **** #define TX_THREAD_DELETE_EXTENSION(thread_ptr)                      __iar_dlib_perthread_deallocate
 280:Middlewares/ST/threadx/ports/cortex_m7/gnu/inc/tx_port.h ****                                                                     thread_ptr -> tx_thread_iar_tls
 281:Middlewares/ST/threadx/ports/cortex_m7/gnu/inc/tx_port.h **** #define TX_PORT_SPECIFIC_PRE_SCHEDULER_INITIALIZATION               __iar_dlib_perthread_access(0);
 282:Middlewares/ST/threadx/ports/cortex_m7/gnu/inc/tx_port.h **** #else
 283:Middlewares/ST/threadx/ports/cortex_m7/gnu/inc/tx_port.h **** void    *_tx_iar_create_per_thread_tls_area(void);
 284:Middlewares/ST/threadx/ports/cortex_m7/gnu/inc/tx_port.h **** void    _tx_iar_destroy_per_thread_tls_area(void *tls_ptr);
 285:Middlewares/ST/threadx/ports/cortex_m7/gnu/inc/tx_port.h **** void    __iar_Initlocks(void);
 286:Middlewares/ST/threadx/ports/cortex_m7/gnu/inc/tx_port.h **** 
 287:Middlewares/ST/threadx/ports/cortex_m7/gnu/inc/tx_port.h **** #define TX_THREAD_CREATE_EXTENSION(thread_ptr)                      thread_ptr -> tx_thread_iar_tls
 288:Middlewares/ST/threadx/ports/cortex_m7/gnu/inc/tx_port.h **** #define TX_THREAD_DELETE_EXTENSION(thread_ptr)                      do {_tx_iar_destroy_per_thread_
 289:Middlewares/ST/threadx/ports/cortex_m7/gnu/inc/tx_port.h ****                                                                         thread_ptr -> tx_thread_iar
 290:Middlewares/ST/threadx/ports/cortex_m7/gnu/inc/tx_port.h **** #define TX_PORT_SPECIFIC_PRE_SCHEDULER_INITIALIZATION               do {__iar_Initlocks();} while(0
 291:Middlewares/ST/threadx/ports/cortex_m7/gnu/inc/tx_port.h **** #endif
 292:Middlewares/ST/threadx/ports/cortex_m7/gnu/inc/tx_port.h **** #else
 293:Middlewares/ST/threadx/ports/cortex_m7/gnu/inc/tx_port.h **** #define TX_THREAD_CREATE_EXTENSION(thread_ptr)
 294:Middlewares/ST/threadx/ports/cortex_m7/gnu/inc/tx_port.h **** #define TX_THREAD_DELETE_EXTENSION(thread_ptr)
 295:Middlewares/ST/threadx/ports/cortex_m7/gnu/inc/tx_port.h **** #endif
 296:Middlewares/ST/threadx/ports/cortex_m7/gnu/inc/tx_port.h **** 
 297:Middlewares/ST/threadx/ports/cortex_m7/gnu/inc/tx_port.h **** #if defined(__ARMVFP__) || defined(__ARM_PCS_VFP) || defined(__ARM_FP) || defined(__TARGET_FPU_VFP)
 298:Middlewares/ST/threadx/ports/cortex_m7/gnu/inc/tx_port.h **** 
 299:Middlewares/ST/threadx/ports/cortex_m7/gnu/inc/tx_port.h **** #ifdef TX_MISRA_ENABLE
 300:Middlewares/ST/threadx/ports/cortex_m7/gnu/inc/tx_port.h **** 
 301:Middlewares/ST/threadx/ports/cortex_m7/gnu/inc/tx_port.h **** ULONG  _tx_misra_control_get(void);
 302:Middlewares/ST/threadx/ports/cortex_m7/gnu/inc/tx_port.h **** void   _tx_misra_control_set(ULONG value);
 303:Middlewares/ST/threadx/ports/cortex_m7/gnu/inc/tx_port.h **** ULONG  _tx_misra_fpccr_get(void);
 304:Middlewares/ST/threadx/ports/cortex_m7/gnu/inc/tx_port.h **** void   _tx_misra_vfp_touch(void);
 305:Middlewares/ST/threadx/ports/cortex_m7/gnu/inc/tx_port.h **** 
 306:Middlewares/ST/threadx/ports/cortex_m7/gnu/inc/tx_port.h **** #else   /* TX_MISRA_ENABLE not defined */
 307:Middlewares/ST/threadx/ports/cortex_m7/gnu/inc/tx_port.h **** 
 308:Middlewares/ST/threadx/ports/cortex_m7/gnu/inc/tx_port.h **** /* Define some helper functions (these are intrinsics in some compilers). */
 309:Middlewares/ST/threadx/ports/cortex_m7/gnu/inc/tx_port.h **** #ifdef __GNUC__ /* GCC and ARM Compiler 6 */
ARM GAS  /tmp/ccAIEv6H.s 			page 9


 310:Middlewares/ST/threadx/ports/cortex_m7/gnu/inc/tx_port.h **** 
 311:Middlewares/ST/threadx/ports/cortex_m7/gnu/inc/tx_port.h **** __attribute__( ( always_inline ) ) static inline ULONG __get_control_value(void)
 312:Middlewares/ST/threadx/ports/cortex_m7/gnu/inc/tx_port.h **** {
 313:Middlewares/ST/threadx/ports/cortex_m7/gnu/inc/tx_port.h **** ULONG  control_value;
 314:Middlewares/ST/threadx/ports/cortex_m7/gnu/inc/tx_port.h **** 
 315:Middlewares/ST/threadx/ports/cortex_m7/gnu/inc/tx_port.h ****     __asm__ volatile (" MRS  %0,CONTROL ": "=r" (control_value) );
 316:Middlewares/ST/threadx/ports/cortex_m7/gnu/inc/tx_port.h ****     return(control_value);
 317:Middlewares/ST/threadx/ports/cortex_m7/gnu/inc/tx_port.h **** }
 318:Middlewares/ST/threadx/ports/cortex_m7/gnu/inc/tx_port.h **** 
 319:Middlewares/ST/threadx/ports/cortex_m7/gnu/inc/tx_port.h **** __attribute__( ( always_inline ) ) static inline void __set_control_value(ULONG control_value)
 320:Middlewares/ST/threadx/ports/cortex_m7/gnu/inc/tx_port.h **** {
 321:Middlewares/ST/threadx/ports/cortex_m7/gnu/inc/tx_port.h ****     __asm__ volatile (" MSR  CONTROL,%0": : "r" (control_value): "memory" );
 322:Middlewares/ST/threadx/ports/cortex_m7/gnu/inc/tx_port.h **** }
 323:Middlewares/ST/threadx/ports/cortex_m7/gnu/inc/tx_port.h **** 
 324:Middlewares/ST/threadx/ports/cortex_m7/gnu/inc/tx_port.h **** #define TX_VFP_TOUCH()  __asm__ volatile ("VMOV.F32 s0, s0");
 325:Middlewares/ST/threadx/ports/cortex_m7/gnu/inc/tx_port.h **** 
 326:Middlewares/ST/threadx/ports/cortex_m7/gnu/inc/tx_port.h **** #elif defined(__CC_ARM) /* ARM Compiler 5 */
 327:Middlewares/ST/threadx/ports/cortex_m7/gnu/inc/tx_port.h **** 
 328:Middlewares/ST/threadx/ports/cortex_m7/gnu/inc/tx_port.h **** __attribute__( ( always_inline ) ) ULONG __get_control_value(void)
 329:Middlewares/ST/threadx/ports/cortex_m7/gnu/inc/tx_port.h **** {
 330:Middlewares/ST/threadx/ports/cortex_m7/gnu/inc/tx_port.h **** ULONG  control_value;
 331:Middlewares/ST/threadx/ports/cortex_m7/gnu/inc/tx_port.h **** 
 332:Middlewares/ST/threadx/ports/cortex_m7/gnu/inc/tx_port.h ****     __asm volatile ("MRS control_value,CONTROL");
 333:Middlewares/ST/threadx/ports/cortex_m7/gnu/inc/tx_port.h ****     return(control_value);
 334:Middlewares/ST/threadx/ports/cortex_m7/gnu/inc/tx_port.h **** }
 335:Middlewares/ST/threadx/ports/cortex_m7/gnu/inc/tx_port.h **** 
 336:Middlewares/ST/threadx/ports/cortex_m7/gnu/inc/tx_port.h **** __attribute__( ( always_inline ) ) void __set_control_value(ULONG control_value)
 337:Middlewares/ST/threadx/ports/cortex_m7/gnu/inc/tx_port.h **** {
 338:Middlewares/ST/threadx/ports/cortex_m7/gnu/inc/tx_port.h ****     __asm__ volatile ("MSR CONTROL,control_value");
 339:Middlewares/ST/threadx/ports/cortex_m7/gnu/inc/tx_port.h **** }
 340:Middlewares/ST/threadx/ports/cortex_m7/gnu/inc/tx_port.h **** /* Can't access VFP registers with inline asm, so define this in tx_thread_schedule.  */
 341:Middlewares/ST/threadx/ports/cortex_m7/gnu/inc/tx_port.h **** void _tx_vfp_access(void);
 342:Middlewares/ST/threadx/ports/cortex_m7/gnu/inc/tx_port.h **** #define TX_VFP_TOUCH()  _tx_vfp_access();
 343:Middlewares/ST/threadx/ports/cortex_m7/gnu/inc/tx_port.h **** 
 344:Middlewares/ST/threadx/ports/cortex_m7/gnu/inc/tx_port.h **** #elif defined(__ICCARM__)  /* IAR */
 345:Middlewares/ST/threadx/ports/cortex_m7/gnu/inc/tx_port.h **** #define TX_VFP_TOUCH()  __asm__ volatile ("VMOV.F32 s0, s0");
 346:Middlewares/ST/threadx/ports/cortex_m7/gnu/inc/tx_port.h **** #endif  /* Helper functions for different compilers */
 347:Middlewares/ST/threadx/ports/cortex_m7/gnu/inc/tx_port.h **** 
 348:Middlewares/ST/threadx/ports/cortex_m7/gnu/inc/tx_port.h **** #endif  /* TX_MISRA_ENABLE */
 349:Middlewares/ST/threadx/ports/cortex_m7/gnu/inc/tx_port.h **** 
 350:Middlewares/ST/threadx/ports/cortex_m7/gnu/inc/tx_port.h **** 
 351:Middlewares/ST/threadx/ports/cortex_m7/gnu/inc/tx_port.h **** /* A completed thread falls into _thread_shell_entry and we can simply deactivate the FPU via CONTR
 352:Middlewares/ST/threadx/ports/cortex_m7/gnu/inc/tx_port.h ****    in order to ensure no lazy stacking will occur. */
 353:Middlewares/ST/threadx/ports/cortex_m7/gnu/inc/tx_port.h **** 
 354:Middlewares/ST/threadx/ports/cortex_m7/gnu/inc/tx_port.h **** #ifndef TX_MISRA_ENABLE
 355:Middlewares/ST/threadx/ports/cortex_m7/gnu/inc/tx_port.h **** 
 356:Middlewares/ST/threadx/ports/cortex_m7/gnu/inc/tx_port.h **** #define TX_THREAD_COMPLETED_EXTENSION(thread_ptr)   {                                              
 357:Middlewares/ST/threadx/ports/cortex_m7/gnu/inc/tx_port.h ****                                                     ULONG  _tx_vfp_state;                          
 358:Middlewares/ST/threadx/ports/cortex_m7/gnu/inc/tx_port.h ****                                                         _tx_vfp_state =  __get_control_value();    
 359:Middlewares/ST/threadx/ports/cortex_m7/gnu/inc/tx_port.h ****                                                         _tx_vfp_state =  _tx_vfp_state & ~((ULONG) 
 360:Middlewares/ST/threadx/ports/cortex_m7/gnu/inc/tx_port.h ****                                                         __set_control_value(_tx_vfp_state);        
 361:Middlewares/ST/threadx/ports/cortex_m7/gnu/inc/tx_port.h ****                                                     }
 362:Middlewares/ST/threadx/ports/cortex_m7/gnu/inc/tx_port.h **** #else
 363:Middlewares/ST/threadx/ports/cortex_m7/gnu/inc/tx_port.h **** 
 364:Middlewares/ST/threadx/ports/cortex_m7/gnu/inc/tx_port.h **** #define TX_THREAD_COMPLETED_EXTENSION(thread_ptr)   {                                              
 365:Middlewares/ST/threadx/ports/cortex_m7/gnu/inc/tx_port.h ****                                                     ULONG  _tx_vfp_state;                          
 366:Middlewares/ST/threadx/ports/cortex_m7/gnu/inc/tx_port.h ****                                                         _tx_vfp_state =  _tx_misra_control_get();  
ARM GAS  /tmp/ccAIEv6H.s 			page 10


 367:Middlewares/ST/threadx/ports/cortex_m7/gnu/inc/tx_port.h ****                                                         _tx_vfp_state =  _tx_vfp_state & ~((ULONG) 
 368:Middlewares/ST/threadx/ports/cortex_m7/gnu/inc/tx_port.h ****                                                         _tx_misra_control_set(_tx_vfp_state);      
 369:Middlewares/ST/threadx/ports/cortex_m7/gnu/inc/tx_port.h ****                                                     }
 370:Middlewares/ST/threadx/ports/cortex_m7/gnu/inc/tx_port.h **** 
 371:Middlewares/ST/threadx/ports/cortex_m7/gnu/inc/tx_port.h **** #endif
 372:Middlewares/ST/threadx/ports/cortex_m7/gnu/inc/tx_port.h **** 
 373:Middlewares/ST/threadx/ports/cortex_m7/gnu/inc/tx_port.h **** /* A thread can be terminated by another thread, so we first check if it's self-terminating and not
 374:Middlewares/ST/threadx/ports/cortex_m7/gnu/inc/tx_port.h ****    If so, deactivate the FPU via CONTROL.FPCA. Otherwise we are in an interrupt or another thread i
 375:Middlewares/ST/threadx/ports/cortex_m7/gnu/inc/tx_port.h ****    this one, so if the FPCCR.LSPACT bit is set, we need to save the CONTROL.FPCA state, touch the F
 376:Middlewares/ST/threadx/ports/cortex_m7/gnu/inc/tx_port.h ****    the lazy FPU save, then restore the CONTROL.FPCA state. */
 377:Middlewares/ST/threadx/ports/cortex_m7/gnu/inc/tx_port.h **** 
 378:Middlewares/ST/threadx/ports/cortex_m7/gnu/inc/tx_port.h **** #ifndef TX_MISRA_ENABLE
 379:Middlewares/ST/threadx/ports/cortex_m7/gnu/inc/tx_port.h **** 
 380:Middlewares/ST/threadx/ports/cortex_m7/gnu/inc/tx_port.h **** #define TX_THREAD_TERMINATED_EXTENSION(thread_ptr)  {                                              
 381:Middlewares/ST/threadx/ports/cortex_m7/gnu/inc/tx_port.h ****                                                     ULONG  _tx_system_state;                       
 382:Middlewares/ST/threadx/ports/cortex_m7/gnu/inc/tx_port.h ****                                                         _tx_system_state =  TX_THREAD_GET_SYSTEM_ST
 383:Middlewares/ST/threadx/ports/cortex_m7/gnu/inc/tx_port.h ****                                                         if ((_tx_system_state == ((ULONG) 0)) && ((
 384:Middlewares/ST/threadx/ports/cortex_m7/gnu/inc/tx_port.h ****                                                         {                                          
 385:Middlewares/ST/threadx/ports/cortex_m7/gnu/inc/tx_port.h ****                                                         ULONG  _tx_vfp_state;                      
 386:Middlewares/ST/threadx/ports/cortex_m7/gnu/inc/tx_port.h ****                                                             _tx_vfp_state =  __get_control_value();
 387:Middlewares/ST/threadx/ports/cortex_m7/gnu/inc/tx_port.h ****                                                             _tx_vfp_state =  _tx_vfp_state & ~((ULO
 388:Middlewares/ST/threadx/ports/cortex_m7/gnu/inc/tx_port.h ****                                                             __set_control_value(_tx_vfp_state);    
 389:Middlewares/ST/threadx/ports/cortex_m7/gnu/inc/tx_port.h ****                                                         }                                          
 390:Middlewares/ST/threadx/ports/cortex_m7/gnu/inc/tx_port.h ****                                                         else                                       
 391:Middlewares/ST/threadx/ports/cortex_m7/gnu/inc/tx_port.h ****                                                         {                                          
 392:Middlewares/ST/threadx/ports/cortex_m7/gnu/inc/tx_port.h ****                                                         ULONG  _tx_fpccr;                          
 393:Middlewares/ST/threadx/ports/cortex_m7/gnu/inc/tx_port.h ****                                                             _tx_fpccr =  *((volatile ULONG *) 0xE00
 394:Middlewares/ST/threadx/ports/cortex_m7/gnu/inc/tx_port.h ****                                                             _tx_fpccr =  _tx_fpccr & ((ULONG) 0x01)
 395:Middlewares/ST/threadx/ports/cortex_m7/gnu/inc/tx_port.h ****                                                             if (_tx_fpccr == ((ULONG) 0x01))       
 396:Middlewares/ST/threadx/ports/cortex_m7/gnu/inc/tx_port.h ****                                                             {                                      
 397:Middlewares/ST/threadx/ports/cortex_m7/gnu/inc/tx_port.h ****                                                             ULONG _tx_vfp_state;                   
 398:Middlewares/ST/threadx/ports/cortex_m7/gnu/inc/tx_port.h ****                                                                 _tx_vfp_state = __get_control_value
 399:Middlewares/ST/threadx/ports/cortex_m7/gnu/inc/tx_port.h ****                                                                 _tx_vfp_state =  _tx_vfp_state & ((
 400:Middlewares/ST/threadx/ports/cortex_m7/gnu/inc/tx_port.h ****                                                                 TX_VFP_TOUCH();                    
 401:Middlewares/ST/threadx/ports/cortex_m7/gnu/inc/tx_port.h ****                                                                 if (_tx_vfp_state == ((ULONG) 0))  
 402:Middlewares/ST/threadx/ports/cortex_m7/gnu/inc/tx_port.h ****                                                                 {                                  
 403:Middlewares/ST/threadx/ports/cortex_m7/gnu/inc/tx_port.h ****                                                                     _tx_vfp_state =  __get_control_
 404:Middlewares/ST/threadx/ports/cortex_m7/gnu/inc/tx_port.h ****                                                                     _tx_vfp_state =  _tx_vfp_state 
 405:Middlewares/ST/threadx/ports/cortex_m7/gnu/inc/tx_port.h ****                                                                     __set_control_value(_tx_vfp_sta
 406:Middlewares/ST/threadx/ports/cortex_m7/gnu/inc/tx_port.h ****                                                                 }                                  
 407:Middlewares/ST/threadx/ports/cortex_m7/gnu/inc/tx_port.h ****                                                             }                                      
 408:Middlewares/ST/threadx/ports/cortex_m7/gnu/inc/tx_port.h ****                                                         }                                          
 409:Middlewares/ST/threadx/ports/cortex_m7/gnu/inc/tx_port.h ****                                                     }
 410:Middlewares/ST/threadx/ports/cortex_m7/gnu/inc/tx_port.h **** #else
 411:Middlewares/ST/threadx/ports/cortex_m7/gnu/inc/tx_port.h **** 
 412:Middlewares/ST/threadx/ports/cortex_m7/gnu/inc/tx_port.h **** #define TX_THREAD_TERMINATED_EXTENSION(thread_ptr)  {                                              
 413:Middlewares/ST/threadx/ports/cortex_m7/gnu/inc/tx_port.h ****                                                     ULONG  _tx_system_state;                       
 414:Middlewares/ST/threadx/ports/cortex_m7/gnu/inc/tx_port.h ****                                                         _tx_system_state =  TX_THREAD_GET_SYSTEM_ST
 415:Middlewares/ST/threadx/ports/cortex_m7/gnu/inc/tx_port.h ****                                                         if ((_tx_system_state == ((ULONG) 0)) && ((
 416:Middlewares/ST/threadx/ports/cortex_m7/gnu/inc/tx_port.h ****                                                         {                                          
 417:Middlewares/ST/threadx/ports/cortex_m7/gnu/inc/tx_port.h ****                                                         ULONG  _tx_vfp_state;                      
 418:Middlewares/ST/threadx/ports/cortex_m7/gnu/inc/tx_port.h ****                                                             _tx_vfp_state =  _tx_misra_control_get(
 419:Middlewares/ST/threadx/ports/cortex_m7/gnu/inc/tx_port.h ****                                                             _tx_vfp_state =  _tx_vfp_state & ~((ULO
 420:Middlewares/ST/threadx/ports/cortex_m7/gnu/inc/tx_port.h ****                                                             _tx_misra_control_set(_tx_vfp_state);  
 421:Middlewares/ST/threadx/ports/cortex_m7/gnu/inc/tx_port.h ****                                                         }                                          
 422:Middlewares/ST/threadx/ports/cortex_m7/gnu/inc/tx_port.h ****                                                         else                                       
 423:Middlewares/ST/threadx/ports/cortex_m7/gnu/inc/tx_port.h ****                                                         {                                          
ARM GAS  /tmp/ccAIEv6H.s 			page 11


 424:Middlewares/ST/threadx/ports/cortex_m7/gnu/inc/tx_port.h ****                                                         ULONG  _tx_fpccr;                          
 425:Middlewares/ST/threadx/ports/cortex_m7/gnu/inc/tx_port.h ****                                                             _tx_fpccr =  _tx_misra_fpccr_get();    
 426:Middlewares/ST/threadx/ports/cortex_m7/gnu/inc/tx_port.h ****                                                             _tx_fpccr =  _tx_fpccr & ((ULONG) 0x01)
 427:Middlewares/ST/threadx/ports/cortex_m7/gnu/inc/tx_port.h ****                                                             if (_tx_fpccr == ((ULONG) 0x01))       
 428:Middlewares/ST/threadx/ports/cortex_m7/gnu/inc/tx_port.h ****                                                             {                                      
 429:Middlewares/ST/threadx/ports/cortex_m7/gnu/inc/tx_port.h ****                                                             ULONG _tx_vfp_state;                   
 430:Middlewares/ST/threadx/ports/cortex_m7/gnu/inc/tx_port.h ****                                                                 _tx_vfp_state = _tx_misra_control_g
 431:Middlewares/ST/threadx/ports/cortex_m7/gnu/inc/tx_port.h ****                                                                 _tx_vfp_state =  _tx_vfp_state & ((
 432:Middlewares/ST/threadx/ports/cortex_m7/gnu/inc/tx_port.h ****                                                                 _tx_misra_vfp_touch();             
 433:Middlewares/ST/threadx/ports/cortex_m7/gnu/inc/tx_port.h ****                                                                 if (_tx_vfp_state == ((ULONG) 0))  
 434:Middlewares/ST/threadx/ports/cortex_m7/gnu/inc/tx_port.h ****                                                                 {                                  
 435:Middlewares/ST/threadx/ports/cortex_m7/gnu/inc/tx_port.h ****                                                                     _tx_vfp_state =  _tx_misra_cont
 436:Middlewares/ST/threadx/ports/cortex_m7/gnu/inc/tx_port.h ****                                                                     _tx_vfp_state =  _tx_vfp_state 
 437:Middlewares/ST/threadx/ports/cortex_m7/gnu/inc/tx_port.h ****                                                                     _tx_misra_control_set(_tx_vfp_s
 438:Middlewares/ST/threadx/ports/cortex_m7/gnu/inc/tx_port.h ****                                                                 }                                  
 439:Middlewares/ST/threadx/ports/cortex_m7/gnu/inc/tx_port.h ****                                                             }                                      
 440:Middlewares/ST/threadx/ports/cortex_m7/gnu/inc/tx_port.h ****                                                         }                                          
 441:Middlewares/ST/threadx/ports/cortex_m7/gnu/inc/tx_port.h ****                                                     }
 442:Middlewares/ST/threadx/ports/cortex_m7/gnu/inc/tx_port.h **** #endif
 443:Middlewares/ST/threadx/ports/cortex_m7/gnu/inc/tx_port.h **** 
 444:Middlewares/ST/threadx/ports/cortex_m7/gnu/inc/tx_port.h **** #else   /* No VFP in use */
 445:Middlewares/ST/threadx/ports/cortex_m7/gnu/inc/tx_port.h **** 
 446:Middlewares/ST/threadx/ports/cortex_m7/gnu/inc/tx_port.h **** #define TX_THREAD_COMPLETED_EXTENSION(thread_ptr)
 447:Middlewares/ST/threadx/ports/cortex_m7/gnu/inc/tx_port.h **** #define TX_THREAD_TERMINATED_EXTENSION(thread_ptr)
 448:Middlewares/ST/threadx/ports/cortex_m7/gnu/inc/tx_port.h **** 
 449:Middlewares/ST/threadx/ports/cortex_m7/gnu/inc/tx_port.h **** #endif  /* defined(__ARMVFP__) || defined(__ARM_PCS_VFP) || defined(__ARM_FP) || defined(__TARGET_F
 450:Middlewares/ST/threadx/ports/cortex_m7/gnu/inc/tx_port.h **** 
 451:Middlewares/ST/threadx/ports/cortex_m7/gnu/inc/tx_port.h **** 
 452:Middlewares/ST/threadx/ports/cortex_m7/gnu/inc/tx_port.h **** /* Define the ThreadX object creation extensions for the remaining objects.  */
 453:Middlewares/ST/threadx/ports/cortex_m7/gnu/inc/tx_port.h **** 
 454:Middlewares/ST/threadx/ports/cortex_m7/gnu/inc/tx_port.h **** #define TX_BLOCK_POOL_CREATE_EXTENSION(pool_ptr)
 455:Middlewares/ST/threadx/ports/cortex_m7/gnu/inc/tx_port.h **** #define TX_BYTE_POOL_CREATE_EXTENSION(pool_ptr)
 456:Middlewares/ST/threadx/ports/cortex_m7/gnu/inc/tx_port.h **** #define TX_EVENT_FLAGS_GROUP_CREATE_EXTENSION(group_ptr)
 457:Middlewares/ST/threadx/ports/cortex_m7/gnu/inc/tx_port.h **** #define TX_MUTEX_CREATE_EXTENSION(mutex_ptr)
 458:Middlewares/ST/threadx/ports/cortex_m7/gnu/inc/tx_port.h **** #define TX_QUEUE_CREATE_EXTENSION(queue_ptr)
 459:Middlewares/ST/threadx/ports/cortex_m7/gnu/inc/tx_port.h **** #define TX_SEMAPHORE_CREATE_EXTENSION(semaphore_ptr)
 460:Middlewares/ST/threadx/ports/cortex_m7/gnu/inc/tx_port.h **** #define TX_TIMER_CREATE_EXTENSION(timer_ptr)
 461:Middlewares/ST/threadx/ports/cortex_m7/gnu/inc/tx_port.h **** 
 462:Middlewares/ST/threadx/ports/cortex_m7/gnu/inc/tx_port.h **** 
 463:Middlewares/ST/threadx/ports/cortex_m7/gnu/inc/tx_port.h **** /* Define the ThreadX object deletion extensions for the remaining objects.  */
 464:Middlewares/ST/threadx/ports/cortex_m7/gnu/inc/tx_port.h **** 
 465:Middlewares/ST/threadx/ports/cortex_m7/gnu/inc/tx_port.h **** #define TX_BLOCK_POOL_DELETE_EXTENSION(pool_ptr)
 466:Middlewares/ST/threadx/ports/cortex_m7/gnu/inc/tx_port.h **** #define TX_BYTE_POOL_DELETE_EXTENSION(pool_ptr)
 467:Middlewares/ST/threadx/ports/cortex_m7/gnu/inc/tx_port.h **** #define TX_EVENT_FLAGS_GROUP_DELETE_EXTENSION(group_ptr)
 468:Middlewares/ST/threadx/ports/cortex_m7/gnu/inc/tx_port.h **** #define TX_MUTEX_DELETE_EXTENSION(mutex_ptr)
 469:Middlewares/ST/threadx/ports/cortex_m7/gnu/inc/tx_port.h **** #define TX_QUEUE_DELETE_EXTENSION(queue_ptr)
 470:Middlewares/ST/threadx/ports/cortex_m7/gnu/inc/tx_port.h **** #define TX_SEMAPHORE_DELETE_EXTENSION(semaphore_ptr)
 471:Middlewares/ST/threadx/ports/cortex_m7/gnu/inc/tx_port.h **** #define TX_TIMER_DELETE_EXTENSION(timer_ptr)
 472:Middlewares/ST/threadx/ports/cortex_m7/gnu/inc/tx_port.h **** 
 473:Middlewares/ST/threadx/ports/cortex_m7/gnu/inc/tx_port.h **** 
 474:Middlewares/ST/threadx/ports/cortex_m7/gnu/inc/tx_port.h **** /* Define the get system state macro.  */
 475:Middlewares/ST/threadx/ports/cortex_m7/gnu/inc/tx_port.h **** 
 476:Middlewares/ST/threadx/ports/cortex_m7/gnu/inc/tx_port.h **** #ifndef TX_THREAD_GET_SYSTEM_STATE
 477:Middlewares/ST/threadx/ports/cortex_m7/gnu/inc/tx_port.h **** #ifndef TX_MISRA_ENABLE
 478:Middlewares/ST/threadx/ports/cortex_m7/gnu/inc/tx_port.h **** 
 479:Middlewares/ST/threadx/ports/cortex_m7/gnu/inc/tx_port.h **** #ifdef __CC_ARM /* ARM Compiler 5 */
 480:Middlewares/ST/threadx/ports/cortex_m7/gnu/inc/tx_port.h **** 
ARM GAS  /tmp/ccAIEv6H.s 			page 12


 481:Middlewares/ST/threadx/ports/cortex_m7/gnu/inc/tx_port.h **** register unsigned int _ipsr __asm("ipsr");
 482:Middlewares/ST/threadx/ports/cortex_m7/gnu/inc/tx_port.h **** #define TX_THREAD_GET_SYSTEM_STATE()        (_tx_thread_system_state | _ipsr)
 483:Middlewares/ST/threadx/ports/cortex_m7/gnu/inc/tx_port.h **** 
 484:Middlewares/ST/threadx/ports/cortex_m7/gnu/inc/tx_port.h **** #elif defined(__GNUC__) /* GCC and ARM Compiler 6 */
 485:Middlewares/ST/threadx/ports/cortex_m7/gnu/inc/tx_port.h **** 
 486:Middlewares/ST/threadx/ports/cortex_m7/gnu/inc/tx_port.h **** __attribute__( ( always_inline ) ) static inline unsigned int __get_ipsr_value(void)
 487:Middlewares/ST/threadx/ports/cortex_m7/gnu/inc/tx_port.h **** {
 488:Middlewares/ST/threadx/ports/cortex_m7/gnu/inc/tx_port.h **** unsigned int  ipsr_value;
 489:Middlewares/ST/threadx/ports/cortex_m7/gnu/inc/tx_port.h ****     __asm__ volatile (" MRS  %0,IPSR ": "=r" (ipsr_value) );
 490:Middlewares/ST/threadx/ports/cortex_m7/gnu/inc/tx_port.h ****     return(ipsr_value);
 491:Middlewares/ST/threadx/ports/cortex_m7/gnu/inc/tx_port.h **** }
 492:Middlewares/ST/threadx/ports/cortex_m7/gnu/inc/tx_port.h **** 
 493:Middlewares/ST/threadx/ports/cortex_m7/gnu/inc/tx_port.h **** #define TX_THREAD_GET_SYSTEM_STATE()        (_tx_thread_system_state | __get_ipsr_value())
 494:Middlewares/ST/threadx/ports/cortex_m7/gnu/inc/tx_port.h **** 
 495:Middlewares/ST/threadx/ports/cortex_m7/gnu/inc/tx_port.h **** #elif defined(__ICCARM__)   /* IAR */
 496:Middlewares/ST/threadx/ports/cortex_m7/gnu/inc/tx_port.h **** 
 497:Middlewares/ST/threadx/ports/cortex_m7/gnu/inc/tx_port.h **** #define TX_THREAD_GET_SYSTEM_STATE()        (_tx_thread_system_state | __get_IPSR())
 498:Middlewares/ST/threadx/ports/cortex_m7/gnu/inc/tx_port.h **** 
 499:Middlewares/ST/threadx/ports/cortex_m7/gnu/inc/tx_port.h **** #endif  /* TX_THREAD_GET_SYSTEM_STATE for different compilers */
 500:Middlewares/ST/threadx/ports/cortex_m7/gnu/inc/tx_port.h **** 
 501:Middlewares/ST/threadx/ports/cortex_m7/gnu/inc/tx_port.h **** #else   /* TX_MISRA_ENABLE is defined, use MISRA function. */
 502:Middlewares/ST/threadx/ports/cortex_m7/gnu/inc/tx_port.h **** ULONG   _tx_misra_ipsr_get(VOID);
 503:Middlewares/ST/threadx/ports/cortex_m7/gnu/inc/tx_port.h **** #define TX_THREAD_GET_SYSTEM_STATE()        (_tx_thread_system_state | _tx_misra_ipsr_get())
 504:Middlewares/ST/threadx/ports/cortex_m7/gnu/inc/tx_port.h **** #endif  /* TX_MISRA_ENABLE */
 505:Middlewares/ST/threadx/ports/cortex_m7/gnu/inc/tx_port.h **** #endif  /* TX_THREAD_GET_SYSTEM_STATE */
 506:Middlewares/ST/threadx/ports/cortex_m7/gnu/inc/tx_port.h **** 
 507:Middlewares/ST/threadx/ports/cortex_m7/gnu/inc/tx_port.h **** 
 508:Middlewares/ST/threadx/ports/cortex_m7/gnu/inc/tx_port.h **** /* Define the check for whether or not to call the _tx_thread_system_return function.  A non-zero v
 509:Middlewares/ST/threadx/ports/cortex_m7/gnu/inc/tx_port.h ****    indicates that _tx_thread_system_return should not be called. This overrides the definition in t
 510:Middlewares/ST/threadx/ports/cortex_m7/gnu/inc/tx_port.h ****    for Cortex-M since so we don't waste time checking the _tx_thread_system_state variable that is 
 511:Middlewares/ST/threadx/ports/cortex_m7/gnu/inc/tx_port.h ****    zero after initialization for Cortex-M ports. */
 512:Middlewares/ST/threadx/ports/cortex_m7/gnu/inc/tx_port.h **** 
 513:Middlewares/ST/threadx/ports/cortex_m7/gnu/inc/tx_port.h **** #ifndef TX_THREAD_SYSTEM_RETURN_CHECK
 514:Middlewares/ST/threadx/ports/cortex_m7/gnu/inc/tx_port.h **** #define TX_THREAD_SYSTEM_RETURN_CHECK(c)    (c) = ((ULONG) _tx_thread_preempt_disable);
 515:Middlewares/ST/threadx/ports/cortex_m7/gnu/inc/tx_port.h **** #endif
 516:Middlewares/ST/threadx/ports/cortex_m7/gnu/inc/tx_port.h **** 
 517:Middlewares/ST/threadx/ports/cortex_m7/gnu/inc/tx_port.h **** /* Define the macro to ensure _tx_thread_preempt_disable is set early in initialization in order to
 518:Middlewares/ST/threadx/ports/cortex_m7/gnu/inc/tx_port.h ****    prevent early scheduling on Cortex-M parts.  */
 519:Middlewares/ST/threadx/ports/cortex_m7/gnu/inc/tx_port.h **** 
 520:Middlewares/ST/threadx/ports/cortex_m7/gnu/inc/tx_port.h **** #define TX_PORT_SPECIFIC_POST_INITIALIZATION    _tx_thread_preempt_disable++;
 521:Middlewares/ST/threadx/ports/cortex_m7/gnu/inc/tx_port.h **** 
 522:Middlewares/ST/threadx/ports/cortex_m7/gnu/inc/tx_port.h **** 
 523:Middlewares/ST/threadx/ports/cortex_m7/gnu/inc/tx_port.h **** 
 524:Middlewares/ST/threadx/ports/cortex_m7/gnu/inc/tx_port.h **** 
 525:Middlewares/ST/threadx/ports/cortex_m7/gnu/inc/tx_port.h **** #ifndef TX_DISABLE_INLINE
 526:Middlewares/ST/threadx/ports/cortex_m7/gnu/inc/tx_port.h **** 
 527:Middlewares/ST/threadx/ports/cortex_m7/gnu/inc/tx_port.h **** /* Define the TX_LOWEST_SET_BIT_CALCULATE macro for each compiler. */
 528:Middlewares/ST/threadx/ports/cortex_m7/gnu/inc/tx_port.h **** #ifdef __ICCARM__       /* IAR Compiler */
 529:Middlewares/ST/threadx/ports/cortex_m7/gnu/inc/tx_port.h **** #define TX_LOWEST_SET_BIT_CALCULATE(m, b)       (b) = (UINT) __CLZ(__RBIT((m)));
 530:Middlewares/ST/threadx/ports/cortex_m7/gnu/inc/tx_port.h **** #elif defined(__CC_ARM) /* AC5 Compiler */
 531:Middlewares/ST/threadx/ports/cortex_m7/gnu/inc/tx_port.h **** #define TX_LOWEST_SET_BIT_CALCULATE(m, b)       (b) = (UINT) __clz(__rbit((m)));
 532:Middlewares/ST/threadx/ports/cortex_m7/gnu/inc/tx_port.h **** #elif defined(__GNUC__) /* GCC and AC6 Compiler */
 533:Middlewares/ST/threadx/ports/cortex_m7/gnu/inc/tx_port.h **** #define TX_LOWEST_SET_BIT_CALCULATE(m, b)       __asm__ volatile (" RBIT %0,%1 ": "=r" (m) : "r" (m
 534:Middlewares/ST/threadx/ports/cortex_m7/gnu/inc/tx_port.h ****                                                 __asm__ volatile (" CLZ  %0,%1 ": "=r" (b) : "r" (m
 535:Middlewares/ST/threadx/ports/cortex_m7/gnu/inc/tx_port.h **** #endif
 536:Middlewares/ST/threadx/ports/cortex_m7/gnu/inc/tx_port.h **** 
 537:Middlewares/ST/threadx/ports/cortex_m7/gnu/inc/tx_port.h **** 
ARM GAS  /tmp/ccAIEv6H.s 			page 13


 538:Middlewares/ST/threadx/ports/cortex_m7/gnu/inc/tx_port.h **** 
 539:Middlewares/ST/threadx/ports/cortex_m7/gnu/inc/tx_port.h **** /* Define the interrupt disable/restore macros for each compiler. */
 540:Middlewares/ST/threadx/ports/cortex_m7/gnu/inc/tx_port.h **** 
 541:Middlewares/ST/threadx/ports/cortex_m7/gnu/inc/tx_port.h **** #if defined(__GNUC__) || defined(__ICCARM__)
 542:Middlewares/ST/threadx/ports/cortex_m7/gnu/inc/tx_port.h **** 
 543:Middlewares/ST/threadx/ports/cortex_m7/gnu/inc/tx_port.h **** /*** GCC/AC6 and IAR ***/
 544:Middlewares/ST/threadx/ports/cortex_m7/gnu/inc/tx_port.h **** 
 545:Middlewares/ST/threadx/ports/cortex_m7/gnu/inc/tx_port.h **** __attribute__( ( always_inline ) ) static inline unsigned int __get_interrupt_posture(void)
 546:Middlewares/ST/threadx/ports/cortex_m7/gnu/inc/tx_port.h **** {
 547:Middlewares/ST/threadx/ports/cortex_m7/gnu/inc/tx_port.h **** unsigned int posture;
 548:Middlewares/ST/threadx/ports/cortex_m7/gnu/inc/tx_port.h **** #ifdef TX_PORT_USE_BASEPRI
 549:Middlewares/ST/threadx/ports/cortex_m7/gnu/inc/tx_port.h ****     __asm__ volatile ("MRS  %0, BASEPRI ": "=r" (posture));
 550:Middlewares/ST/threadx/ports/cortex_m7/gnu/inc/tx_port.h **** #else
 551:Middlewares/ST/threadx/ports/cortex_m7/gnu/inc/tx_port.h ****     __asm__ volatile ("MRS  %0, PRIMASK ": "=r" (posture));
 552:Middlewares/ST/threadx/ports/cortex_m7/gnu/inc/tx_port.h **** #endif
 553:Middlewares/ST/threadx/ports/cortex_m7/gnu/inc/tx_port.h ****     return(posture);
 554:Middlewares/ST/threadx/ports/cortex_m7/gnu/inc/tx_port.h **** }
 555:Middlewares/ST/threadx/ports/cortex_m7/gnu/inc/tx_port.h **** 
 556:Middlewares/ST/threadx/ports/cortex_m7/gnu/inc/tx_port.h **** #ifdef TX_PORT_USE_BASEPRI
 557:Middlewares/ST/threadx/ports/cortex_m7/gnu/inc/tx_port.h **** __attribute__( ( always_inline ) ) static inline void __set_basepri_value(unsigned int basepri_valu
 558:Middlewares/ST/threadx/ports/cortex_m7/gnu/inc/tx_port.h **** {
 559:Middlewares/ST/threadx/ports/cortex_m7/gnu/inc/tx_port.h ****     __asm__ volatile ("MSR  BASEPRI,%0 ": : "r" (basepri_value));
 560:Middlewares/ST/threadx/ports/cortex_m7/gnu/inc/tx_port.h **** }
 561:Middlewares/ST/threadx/ports/cortex_m7/gnu/inc/tx_port.h **** #else
 562:Middlewares/ST/threadx/ports/cortex_m7/gnu/inc/tx_port.h **** __attribute__( ( always_inline ) ) static inline void __enable_interrupts(void)
 563:Middlewares/ST/threadx/ports/cortex_m7/gnu/inc/tx_port.h **** {
 564:Middlewares/ST/threadx/ports/cortex_m7/gnu/inc/tx_port.h ****     __asm__ volatile ("CPSIE  i": : : "memory");
 565:Middlewares/ST/threadx/ports/cortex_m7/gnu/inc/tx_port.h **** }
 566:Middlewares/ST/threadx/ports/cortex_m7/gnu/inc/tx_port.h **** #endif
 567:Middlewares/ST/threadx/ports/cortex_m7/gnu/inc/tx_port.h **** 
 568:Middlewares/ST/threadx/ports/cortex_m7/gnu/inc/tx_port.h **** __attribute__( ( always_inline ) ) static inline void __restore_interrupt(unsigned int int_posture)
 569:Middlewares/ST/threadx/ports/cortex_m7/gnu/inc/tx_port.h **** {
 570:Middlewares/ST/threadx/ports/cortex_m7/gnu/inc/tx_port.h **** #ifdef TX_PORT_USE_BASEPRI
 571:Middlewares/ST/threadx/ports/cortex_m7/gnu/inc/tx_port.h ****     __set_basepri_value(int_posture);
 572:Middlewares/ST/threadx/ports/cortex_m7/gnu/inc/tx_port.h ****     //__asm__ volatile ("MSR  BASEPRI,%0": : "r" (int_posture): "memory");
 573:Middlewares/ST/threadx/ports/cortex_m7/gnu/inc/tx_port.h **** #else
 574:Middlewares/ST/threadx/ports/cortex_m7/gnu/inc/tx_port.h ****     __asm__ volatile ("MSR  PRIMASK,%0": : "r" (int_posture): "memory");
 575:Middlewares/ST/threadx/ports/cortex_m7/gnu/inc/tx_port.h **** #endif
 576:Middlewares/ST/threadx/ports/cortex_m7/gnu/inc/tx_port.h **** }
 577:Middlewares/ST/threadx/ports/cortex_m7/gnu/inc/tx_port.h **** 
 578:Middlewares/ST/threadx/ports/cortex_m7/gnu/inc/tx_port.h **** __attribute__( ( always_inline ) ) static inline unsigned int __disable_interrupts(void)
  43              		.loc 2 578 63 view .LVU5
  44              	.LBB11:
 579:Middlewares/ST/threadx/ports/cortex_m7/gnu/inc/tx_port.h **** {
 580:Middlewares/ST/threadx/ports/cortex_m7/gnu/inc/tx_port.h **** unsigned int int_posture;
  45              		.loc 2 580 1 view .LVU6
 581:Middlewares/ST/threadx/ports/cortex_m7/gnu/inc/tx_port.h **** 
 582:Middlewares/ST/threadx/ports/cortex_m7/gnu/inc/tx_port.h ****     int_posture = __get_interrupt_posture();
  46              		.loc 2 582 5 view .LVU7
  47              	.LBB12:
  48              	.LBI12:
 545:Middlewares/ST/threadx/ports/cortex_m7/gnu/inc/tx_port.h **** {
  49              		.loc 2 545 63 view .LVU8
  50              	.LBB13:
 547:Middlewares/ST/threadx/ports/cortex_m7/gnu/inc/tx_port.h **** #ifdef TX_PORT_USE_BASEPRI
  51              		.loc 2 547 1 view .LVU9
 551:Middlewares/ST/threadx/ports/cortex_m7/gnu/inc/tx_port.h **** #endif
ARM GAS  /tmp/ccAIEv6H.s 			page 14


  52              		.loc 2 551 5 view .LVU10
  53              		.syntax unified
  54              	@ 551 "Middlewares/ST/threadx/ports/cortex_m7/gnu/inc/tx_port.h" 1
  55 0004 EFF31082 		MRS  r2, PRIMASK 
  56              	@ 0 "" 2
  57              	.LVL1:
 553:Middlewares/ST/threadx/ports/cortex_m7/gnu/inc/tx_port.h **** }
  58              		.loc 2 553 5 view .LVU11
 553:Middlewares/ST/threadx/ports/cortex_m7/gnu/inc/tx_port.h **** }
  59              		.loc 2 553 5 is_stmt 0 view .LVU12
  60              		.thumb
  61              		.syntax unified
  62              	.LBE13:
  63              	.LBE12:
 583:Middlewares/ST/threadx/ports/cortex_m7/gnu/inc/tx_port.h **** 
 584:Middlewares/ST/threadx/ports/cortex_m7/gnu/inc/tx_port.h **** #ifdef TX_PORT_USE_BASEPRI
 585:Middlewares/ST/threadx/ports/cortex_m7/gnu/inc/tx_port.h ****     __set_basepri_value(TX_PORT_BASEPRI);
 586:Middlewares/ST/threadx/ports/cortex_m7/gnu/inc/tx_port.h **** #else
 587:Middlewares/ST/threadx/ports/cortex_m7/gnu/inc/tx_port.h ****     __asm__ volatile ("CPSID i" : : : "memory");
  64              		.loc 2 587 5 is_stmt 1 view .LVU13
  65              		.syntax unified
  66              	@ 587 "Middlewares/ST/threadx/ports/cortex_m7/gnu/inc/tx_port.h" 1
  67 0008 72B6     		CPSID i
  68              	@ 0 "" 2
 588:Middlewares/ST/threadx/ports/cortex_m7/gnu/inc/tx_port.h **** #endif
 589:Middlewares/ST/threadx/ports/cortex_m7/gnu/inc/tx_port.h ****     return(int_posture);
  69              		.loc 2 589 5 view .LVU14
  70              	.LVL2:
  71              		.loc 2 589 5 is_stmt 0 view .LVU15
  72              		.thumb
  73              		.syntax unified
  74              	.LBE11:
  75              	.LBE10:
 107:Middlewares/ST/threadx/common/src/tx_thread_time_slice.c **** 
 108:Middlewares/ST/threadx/common/src/tx_thread_time_slice.c ****     /* Clear the expired time-slice flag.  */
 109:Middlewares/ST/threadx/common/src/tx_thread_time_slice.c ****     _tx_timer_expired_time_slice =  TX_FALSE;
  76              		.loc 1 109 5 is_stmt 1 view .LVU16
  77              		.loc 1 109 34 is_stmt 0 view .LVU17
  78 000a 1049     		ldr	r1, .L4+4
  79 000c 0020     		movs	r0, #0
  80 000e 0860     		str	r0, [r1]
 110:Middlewares/ST/threadx/common/src/tx_thread_time_slice.c **** 
 111:Middlewares/ST/threadx/common/src/tx_thread_time_slice.c ****     /* Make sure the thread pointer is valid.  */
 112:Middlewares/ST/threadx/common/src/tx_thread_time_slice.c ****     if (thread_ptr != TX_NULL)
  81              		.loc 1 112 5 is_stmt 1 view .LVU18
  82              		.loc 1 112 8 is_stmt 0 view .LVU19
  83 0010 63B1     		cbz	r3, .L2
 113:Middlewares/ST/threadx/common/src/tx_thread_time_slice.c ****     {
 114:Middlewares/ST/threadx/common/src/tx_thread_time_slice.c **** 
 115:Middlewares/ST/threadx/common/src/tx_thread_time_slice.c ****         /* Make sure the thread is still active, i.e. not suspended.  */
 116:Middlewares/ST/threadx/common/src/tx_thread_time_slice.c ****         if (thread_ptr -> tx_thread_state == TX_READY)
  84              		.loc 1 116 9 is_stmt 1 view .LVU20
  85              		.loc 1 116 24 is_stmt 0 view .LVU21
  86 0012 196B     		ldr	r1, [r3, #48]
  87              		.loc 1 116 12 view .LVU22
  88 0014 51B9     		cbnz	r1, .L2
 117:Middlewares/ST/threadx/common/src/tx_thread_time_slice.c ****         {
ARM GAS  /tmp/ccAIEv6H.s 			page 15


 118:Middlewares/ST/threadx/common/src/tx_thread_time_slice.c **** 
 119:Middlewares/ST/threadx/common/src/tx_thread_time_slice.c ****             /* Setup a fresh time-slice for the thread.  */
 120:Middlewares/ST/threadx/common/src/tx_thread_time_slice.c ****             thread_ptr -> tx_thread_time_slice =  thread_ptr -> tx_thread_new_time_slice;
  89              		.loc 1 120 13 is_stmt 1 view .LVU23
  90              		.loc 1 120 62 is_stmt 0 view .LVU24
  91 0016 D969     		ldr	r1, [r3, #28]
  92              		.loc 1 120 48 view .LVU25
  93 0018 9961     		str	r1, [r3, #24]
 121:Middlewares/ST/threadx/common/src/tx_thread_time_slice.c **** 
 122:Middlewares/ST/threadx/common/src/tx_thread_time_slice.c ****             /* Reset the actual time-slice variable.  */
 123:Middlewares/ST/threadx/common/src/tx_thread_time_slice.c ****             _tx_timer_time_slice =  thread_ptr -> tx_thread_time_slice;
  94              		.loc 1 123 13 is_stmt 1 view .LVU26
  95              		.loc 1 123 34 is_stmt 0 view .LVU27
  96 001a 0D48     		ldr	r0, .L4+8
  97 001c 0160     		str	r1, [r0]
 124:Middlewares/ST/threadx/common/src/tx_thread_time_slice.c **** 
 125:Middlewares/ST/threadx/common/src/tx_thread_time_slice.c ****             /* Determine if there is another thread at the same priority and preemption-threshold
 126:Middlewares/ST/threadx/common/src/tx_thread_time_slice.c ****                is not set.  Preemption-threshold overrides time-slicing.  */
 127:Middlewares/ST/threadx/common/src/tx_thread_time_slice.c ****             if (thread_ptr -> tx_thread_ready_next != thread_ptr)
  98              		.loc 1 127 13 is_stmt 1 view .LVU28
  99              		.loc 1 127 28 is_stmt 0 view .LVU29
 100 001e 196A     		ldr	r1, [r3, #32]
 101              		.loc 1 127 16 view .LVU30
 102 0020 9942     		cmp	r1, r3
 103 0022 03D0     		beq	.L2
 128:Middlewares/ST/threadx/common/src/tx_thread_time_slice.c ****             {
 129:Middlewares/ST/threadx/common/src/tx_thread_time_slice.c **** 
 130:Middlewares/ST/threadx/common/src/tx_thread_time_slice.c ****                 /* Check to see if preemption-threshold is not being used.  */
 131:Middlewares/ST/threadx/common/src/tx_thread_time_slice.c ****                 if (thread_ptr -> tx_thread_priority == thread_ptr -> tx_thread_preempt_threshold)
 104              		.loc 1 131 17 is_stmt 1 view .LVU31
 105              		.loc 1 131 32 is_stmt 0 view .LVU32
 106 0024 D86A     		ldr	r0, [r3, #44]
 107              		.loc 1 131 68 view .LVU33
 108 0026 DB6B     		ldr	r3, [r3, #60]
 109              	.LVL3:
 110              		.loc 1 131 20 view .LVU34
 111 0028 9842     		cmp	r0, r3
 112 002a 02D0     		beq	.L3
 113              	.L2:
 132:Middlewares/ST/threadx/common/src/tx_thread_time_slice.c ****                 {
 133:Middlewares/ST/threadx/common/src/tx_thread_time_slice.c **** 
 134:Middlewares/ST/threadx/common/src/tx_thread_time_slice.c ****                     /* Preemption-threshold is not being used by this thread.  */
 135:Middlewares/ST/threadx/common/src/tx_thread_time_slice.c **** 
 136:Middlewares/ST/threadx/common/src/tx_thread_time_slice.c ****                     /* There is another thread at this priority, make it the highest at
 137:Middlewares/ST/threadx/common/src/tx_thread_time_slice.c ****                        this priority level.  */
 138:Middlewares/ST/threadx/common/src/tx_thread_time_slice.c ****                     _tx_thread_priority_list[thread_ptr -> tx_thread_priority] =  thread_ptr -> tx_
 139:Middlewares/ST/threadx/common/src/tx_thread_time_slice.c **** 
 140:Middlewares/ST/threadx/common/src/tx_thread_time_slice.c ****                     /* Designate the highest priority thread as the one to execute.  Don't use this
 141:Middlewares/ST/threadx/common/src/tx_thread_time_slice.c ****                        thread's priority as an index just in case a higher priority thread is now
 142:Middlewares/ST/threadx/common/src/tx_thread_time_slice.c ****                        ready!  */
 143:Middlewares/ST/threadx/common/src/tx_thread_time_slice.c ****                     _tx_thread_execute_ptr =  _tx_thread_priority_list[_tx_thread_highest_priority]
 144:Middlewares/ST/threadx/common/src/tx_thread_time_slice.c **** 
 145:Middlewares/ST/threadx/common/src/tx_thread_time_slice.c **** #ifdef TX_THREAD_ENABLE_PERFORMANCE_INFO
 146:Middlewares/ST/threadx/common/src/tx_thread_time_slice.c **** 
 147:Middlewares/ST/threadx/common/src/tx_thread_time_slice.c ****                     /* Increment the thread's time-slice counter.  */
 148:Middlewares/ST/threadx/common/src/tx_thread_time_slice.c ****                     thread_ptr -> tx_thread_performance_time_slice_count++;
 149:Middlewares/ST/threadx/common/src/tx_thread_time_slice.c **** 
ARM GAS  /tmp/ccAIEv6H.s 			page 16


 150:Middlewares/ST/threadx/common/src/tx_thread_time_slice.c ****                     /* Increment the total number of thread time-slice operations.  */
 151:Middlewares/ST/threadx/common/src/tx_thread_time_slice.c ****                     _tx_thread_performance_time_slice_count++;
 152:Middlewares/ST/threadx/common/src/tx_thread_time_slice.c **** #endif
 153:Middlewares/ST/threadx/common/src/tx_thread_time_slice.c **** 
 154:Middlewares/ST/threadx/common/src/tx_thread_time_slice.c **** 
 155:Middlewares/ST/threadx/common/src/tx_thread_time_slice.c **** #ifdef TX_ENABLE_STACK_CHECKING
 156:Middlewares/ST/threadx/common/src/tx_thread_time_slice.c **** 
 157:Middlewares/ST/threadx/common/src/tx_thread_time_slice.c ****                     /* Pickup the next execute pointer.  */
 158:Middlewares/ST/threadx/common/src/tx_thread_time_slice.c ****                     next_thread_ptr =  _tx_thread_execute_ptr;
 159:Middlewares/ST/threadx/common/src/tx_thread_time_slice.c **** #endif
 160:Middlewares/ST/threadx/common/src/tx_thread_time_slice.c ****                 }
 161:Middlewares/ST/threadx/common/src/tx_thread_time_slice.c ****             }
 162:Middlewares/ST/threadx/common/src/tx_thread_time_slice.c ****         }
 163:Middlewares/ST/threadx/common/src/tx_thread_time_slice.c ****     }
 164:Middlewares/ST/threadx/common/src/tx_thread_time_slice.c **** 
 165:Middlewares/ST/threadx/common/src/tx_thread_time_slice.c **** #ifdef TX_ENABLE_EVENT_TRACE
 166:Middlewares/ST/threadx/common/src/tx_thread_time_slice.c **** 
 167:Middlewares/ST/threadx/common/src/tx_thread_time_slice.c ****     /* Pickup the volatile information.  */
 168:Middlewares/ST/threadx/common/src/tx_thread_time_slice.c ****     system_state =  TX_THREAD_GET_SYSTEM_STATE();
 169:Middlewares/ST/threadx/common/src/tx_thread_time_slice.c ****     preempt_disable =  _tx_thread_preempt_disable;
 170:Middlewares/ST/threadx/common/src/tx_thread_time_slice.c **** 
 171:Middlewares/ST/threadx/common/src/tx_thread_time_slice.c ****     /* Insert this event into the trace buffer.  */
 172:Middlewares/ST/threadx/common/src/tx_thread_time_slice.c ****     TX_TRACE_IN_LINE_INSERT(TX_TRACE_TIME_SLICE, _tx_thread_execute_ptr, system_state, preempt_disa
 173:Middlewares/ST/threadx/common/src/tx_thread_time_slice.c **** #endif
 174:Middlewares/ST/threadx/common/src/tx_thread_time_slice.c **** 
 175:Middlewares/ST/threadx/common/src/tx_thread_time_slice.c ****     /* Restore previous interrupt posture.  */
 176:Middlewares/ST/threadx/common/src/tx_thread_time_slice.c ****     TX_RESTORE
 114              		.loc 1 176 5 is_stmt 1 view .LVU35
 115              	.LVL4:
 116              	.LBB14:
 117              	.LBI14:
 568:Middlewares/ST/threadx/ports/cortex_m7/gnu/inc/tx_port.h **** {
 118              		.loc 2 568 55 view .LVU36
 119              	.LBB15:
 574:Middlewares/ST/threadx/ports/cortex_m7/gnu/inc/tx_port.h **** #endif
 120              		.loc 2 574 5 view .LVU37
 121              		.syntax unified
 122              	@ 574 "Middlewares/ST/threadx/ports/cortex_m7/gnu/inc/tx_port.h" 1
 123 002c 82F31088 		MSR  PRIMASK,r2
 124              	@ 0 "" 2
 125              	.LVL5:
 574:Middlewares/ST/threadx/ports/cortex_m7/gnu/inc/tx_port.h **** #endif
 126              		.loc 2 574 5 is_stmt 0 view .LVU38
 127              		.thumb
 128              		.syntax unified
 129              	.LBE15:
 130              	.LBE14:
 177:Middlewares/ST/threadx/common/src/tx_thread_time_slice.c **** 
 178:Middlewares/ST/threadx/common/src/tx_thread_time_slice.c **** #ifdef TX_ENABLE_STACK_CHECKING
 179:Middlewares/ST/threadx/common/src/tx_thread_time_slice.c **** 
 180:Middlewares/ST/threadx/common/src/tx_thread_time_slice.c ****     /* Determine if there is a next thread pointer to perform stack checking on.  */
 181:Middlewares/ST/threadx/common/src/tx_thread_time_slice.c ****     if (next_thread_ptr != TX_NULL)
 182:Middlewares/ST/threadx/common/src/tx_thread_time_slice.c ****     {
 183:Middlewares/ST/threadx/common/src/tx_thread_time_slice.c **** 
 184:Middlewares/ST/threadx/common/src/tx_thread_time_slice.c ****         /* Yes, check this thread's stack.  */
 185:Middlewares/ST/threadx/common/src/tx_thread_time_slice.c ****         TX_THREAD_STACK_CHECK(next_thread_ptr)
 186:Middlewares/ST/threadx/common/src/tx_thread_time_slice.c ****     }
ARM GAS  /tmp/ccAIEv6H.s 			page 17


 187:Middlewares/ST/threadx/common/src/tx_thread_time_slice.c **** #endif
 188:Middlewares/ST/threadx/common/src/tx_thread_time_slice.c **** }
 131              		.loc 1 188 1 view .LVU39
 132 0030 7047     		bx	lr
 133              	.L3:
 138:Middlewares/ST/threadx/common/src/tx_thread_time_slice.c **** 
 134              		.loc 1 138 21 is_stmt 1 view .LVU40
 138:Middlewares/ST/threadx/common/src/tx_thread_time_slice.c **** 
 135              		.loc 1 138 80 is_stmt 0 view .LVU41
 136 0032 084B     		ldr	r3, .L4+12
 137 0034 43F82010 		str	r1, [r3, r0, lsl #2]
 143:Middlewares/ST/threadx/common/src/tx_thread_time_slice.c **** 
 138              		.loc 1 143 21 is_stmt 1 view .LVU42
 143:Middlewares/ST/threadx/common/src/tx_thread_time_slice.c **** 
 139              		.loc 1 143 71 is_stmt 0 view .LVU43
 140 0038 0749     		ldr	r1, .L4+16
 141 003a 0968     		ldr	r1, [r1]
 142 003c 53F82110 		ldr	r1, [r3, r1, lsl #2]
 143:Middlewares/ST/threadx/common/src/tx_thread_time_slice.c **** 
 143              		.loc 1 143 44 view .LVU44
 144 0040 064B     		ldr	r3, .L4+20
 145 0042 1960     		str	r1, [r3]
 146 0044 F2E7     		b	.L2
 147              	.L5:
 148 0046 00BF     		.align	2
 149              	.L4:
 150 0048 00000000 		.word	_tx_thread_current_ptr
 151 004c 00000000 		.word	_tx_timer_expired_time_slice
 152 0050 00000000 		.word	_tx_timer_time_slice
 153 0054 00000000 		.word	_tx_thread_priority_list
 154 0058 00000000 		.word	_tx_thread_highest_priority
 155 005c 00000000 		.word	_tx_thread_execute_ptr
 156              		.cfi_endproc
 157              	.LFE8:
 159              		.text
 160              	.Letext0:
 161              		.file 3 "Middlewares/ST/threadx/common/inc/tx_api.h"
 162              		.file 4 "Middlewares/ST/threadx/common/inc/tx_timer.h"
 163              		.file 5 "Middlewares/ST/threadx/common/inc/tx_thread.h"
ARM GAS  /tmp/ccAIEv6H.s 			page 18


DEFINED SYMBOLS
                            *ABS*:00000000 tx_thread_time_slice.c
     /tmp/ccAIEv6H.s:20     .text._tx_thread_time_slice:00000000 $t
     /tmp/ccAIEv6H.s:26     .text._tx_thread_time_slice:00000000 _tx_thread_time_slice
     /tmp/ccAIEv6H.s:150    .text._tx_thread_time_slice:00000048 $d

UNDEFINED SYMBOLS
_tx_thread_current_ptr
_tx_timer_expired_time_slice
_tx_timer_time_slice
_tx_thread_priority_list
_tx_thread_highest_priority
_tx_thread_execute_ptr
