ARM GAS  /tmp/ccoubAkt.s 			page 1


   1              		.cpu cortex-m7
   2              		.arch armv7e-m
   3              		.fpu fpv5-d16
   4              		.eabi_attribute 28, 1
   5              		.eabi_attribute 20, 1
   6              		.eabi_attribute 21, 1
   7              		.eabi_attribute 23, 3
   8              		.eabi_attribute 24, 1
   9              		.eabi_attribute 25, 1
  10              		.eabi_attribute 26, 1
  11              		.eabi_attribute 30, 1
  12              		.eabi_attribute 34, 1
  13              		.eabi_attribute 18, 4
  14              		.file	"tx_trace_disable.c"
  15              		.text
  16              	.Ltext0:
  17              		.cfi_sections	.debug_frame
  18              		.file 1 "Middlewares/ST/threadx/common/src/tx_trace_disable.c"
  19              		.section	.text._tx_trace_disable,"ax",%progbits
  20              		.align	1
  21              		.global	_tx_trace_disable
  22              		.syntax unified
  23              		.thumb
  24              		.thumb_func
  26              	_tx_trace_disable:
  27              	.LFB8:
   1:Middlewares/ST/threadx/common/src/tx_trace_disable.c **** /**************************************************************************/
   2:Middlewares/ST/threadx/common/src/tx_trace_disable.c **** /*                                                                        */
   3:Middlewares/ST/threadx/common/src/tx_trace_disable.c **** /*       Copyright (c) Microsoft Corporation. All rights reserved.        */
   4:Middlewares/ST/threadx/common/src/tx_trace_disable.c **** /*                                                                        */
   5:Middlewares/ST/threadx/common/src/tx_trace_disable.c **** /*       This software is licensed under the Microsoft Software License   */
   6:Middlewares/ST/threadx/common/src/tx_trace_disable.c **** /*       Terms for Microsoft Azure RTOS. Full text of the license can be  */
   7:Middlewares/ST/threadx/common/src/tx_trace_disable.c **** /*       found in the LICENSE file at https://aka.ms/AzureRTOS_EULA       */
   8:Middlewares/ST/threadx/common/src/tx_trace_disable.c **** /*       and in the root directory of this software.                      */
   9:Middlewares/ST/threadx/common/src/tx_trace_disable.c **** /*                                                                        */
  10:Middlewares/ST/threadx/common/src/tx_trace_disable.c **** /**************************************************************************/
  11:Middlewares/ST/threadx/common/src/tx_trace_disable.c **** 
  12:Middlewares/ST/threadx/common/src/tx_trace_disable.c **** 
  13:Middlewares/ST/threadx/common/src/tx_trace_disable.c **** /**************************************************************************/
  14:Middlewares/ST/threadx/common/src/tx_trace_disable.c **** /**************************************************************************/
  15:Middlewares/ST/threadx/common/src/tx_trace_disable.c **** /**                                                                       */
  16:Middlewares/ST/threadx/common/src/tx_trace_disable.c **** /** ThreadX Component                                                     */
  17:Middlewares/ST/threadx/common/src/tx_trace_disable.c **** /**                                                                       */
  18:Middlewares/ST/threadx/common/src/tx_trace_disable.c **** /**   Trace                                                               */
  19:Middlewares/ST/threadx/common/src/tx_trace_disable.c **** /**                                                                       */
  20:Middlewares/ST/threadx/common/src/tx_trace_disable.c **** /**************************************************************************/
  21:Middlewares/ST/threadx/common/src/tx_trace_disable.c **** /**************************************************************************/
  22:Middlewares/ST/threadx/common/src/tx_trace_disable.c **** 
  23:Middlewares/ST/threadx/common/src/tx_trace_disable.c **** #define TX_SOURCE_CODE
  24:Middlewares/ST/threadx/common/src/tx_trace_disable.c **** 
  25:Middlewares/ST/threadx/common/src/tx_trace_disable.c **** 
  26:Middlewares/ST/threadx/common/src/tx_trace_disable.c **** /* Include necessary system files.  */
  27:Middlewares/ST/threadx/common/src/tx_trace_disable.c **** 
  28:Middlewares/ST/threadx/common/src/tx_trace_disable.c **** #include "tx_api.h"
  29:Middlewares/ST/threadx/common/src/tx_trace_disable.c **** #include "tx_trace.h"
  30:Middlewares/ST/threadx/common/src/tx_trace_disable.c **** 
  31:Middlewares/ST/threadx/common/src/tx_trace_disable.c **** 
ARM GAS  /tmp/ccoubAkt.s 			page 2


  32:Middlewares/ST/threadx/common/src/tx_trace_disable.c **** /**************************************************************************/
  33:Middlewares/ST/threadx/common/src/tx_trace_disable.c **** /*                                                                        */
  34:Middlewares/ST/threadx/common/src/tx_trace_disable.c **** /*  FUNCTION                                               RELEASE        */
  35:Middlewares/ST/threadx/common/src/tx_trace_disable.c **** /*                                                                        */
  36:Middlewares/ST/threadx/common/src/tx_trace_disable.c **** /*    _tx_trace_disable                                   PORTABLE C      */
  37:Middlewares/ST/threadx/common/src/tx_trace_disable.c **** /*                                                           6.1          */
  38:Middlewares/ST/threadx/common/src/tx_trace_disable.c **** /*  AUTHOR                                                                */
  39:Middlewares/ST/threadx/common/src/tx_trace_disable.c **** /*                                                                        */
  40:Middlewares/ST/threadx/common/src/tx_trace_disable.c **** /*    William E. Lamie, Microsoft Corporation                             */
  41:Middlewares/ST/threadx/common/src/tx_trace_disable.c **** /*                                                                        */
  42:Middlewares/ST/threadx/common/src/tx_trace_disable.c **** /*  DESCRIPTION                                                           */
  43:Middlewares/ST/threadx/common/src/tx_trace_disable.c **** /*                                                                        */
  44:Middlewares/ST/threadx/common/src/tx_trace_disable.c **** /*    This function disables trace inside of ThreadX.                     */
  45:Middlewares/ST/threadx/common/src/tx_trace_disable.c **** /*                                                                        */
  46:Middlewares/ST/threadx/common/src/tx_trace_disable.c **** /*  INPUT                                                                 */
  47:Middlewares/ST/threadx/common/src/tx_trace_disable.c **** /*                                                                        */
  48:Middlewares/ST/threadx/common/src/tx_trace_disable.c **** /*    None                                                                */
  49:Middlewares/ST/threadx/common/src/tx_trace_disable.c **** /*                                                                        */
  50:Middlewares/ST/threadx/common/src/tx_trace_disable.c **** /*  OUTPUT                                                                */
  51:Middlewares/ST/threadx/common/src/tx_trace_disable.c **** /*                                                                        */
  52:Middlewares/ST/threadx/common/src/tx_trace_disable.c **** /*    Completion Status                                                   */
  53:Middlewares/ST/threadx/common/src/tx_trace_disable.c **** /*                                                                        */
  54:Middlewares/ST/threadx/common/src/tx_trace_disable.c **** /*  CALLS                                                                 */
  55:Middlewares/ST/threadx/common/src/tx_trace_disable.c **** /*                                                                        */
  56:Middlewares/ST/threadx/common/src/tx_trace_disable.c **** /*    None                                                                */
  57:Middlewares/ST/threadx/common/src/tx_trace_disable.c **** /*                                                                        */
  58:Middlewares/ST/threadx/common/src/tx_trace_disable.c **** /*  CALLED BY                                                             */
  59:Middlewares/ST/threadx/common/src/tx_trace_disable.c **** /*                                                                        */
  60:Middlewares/ST/threadx/common/src/tx_trace_disable.c **** /*    Application Code                                                    */
  61:Middlewares/ST/threadx/common/src/tx_trace_disable.c **** /*                                                                        */
  62:Middlewares/ST/threadx/common/src/tx_trace_disable.c **** /*  RELEASE HISTORY                                                       */
  63:Middlewares/ST/threadx/common/src/tx_trace_disable.c **** /*                                                                        */
  64:Middlewares/ST/threadx/common/src/tx_trace_disable.c **** /*    DATE              NAME                      DESCRIPTION             */
  65:Middlewares/ST/threadx/common/src/tx_trace_disable.c **** /*                                                                        */
  66:Middlewares/ST/threadx/common/src/tx_trace_disable.c **** /*  05-19-2020     William E. Lamie         Initial Version 6.0           */
  67:Middlewares/ST/threadx/common/src/tx_trace_disable.c **** /*  09-30-2020     Yuxin Zhou               Modified comment(s),          */
  68:Middlewares/ST/threadx/common/src/tx_trace_disable.c **** /*                                            resulting in version 6.1    */
  69:Middlewares/ST/threadx/common/src/tx_trace_disable.c **** /*                                                                        */
  70:Middlewares/ST/threadx/common/src/tx_trace_disable.c **** /**************************************************************************/
  71:Middlewares/ST/threadx/common/src/tx_trace_disable.c **** UINT  _tx_trace_disable(VOID)
  72:Middlewares/ST/threadx/common/src/tx_trace_disable.c **** {
  28              		.loc 1 72 1 view -0
  29              		.cfi_startproc
  30              		@ args = 0, pretend = 0, frame = 0
  31              		@ frame_needed = 0, uses_anonymous_args = 0
  32              		@ link register save eliminated.
  73:Middlewares/ST/threadx/common/src/tx_trace_disable.c **** 
  74:Middlewares/ST/threadx/common/src/tx_trace_disable.c **** #ifdef TX_ENABLE_EVENT_TRACE
  75:Middlewares/ST/threadx/common/src/tx_trace_disable.c **** UINT     status;
  76:Middlewares/ST/threadx/common/src/tx_trace_disable.c **** 
  77:Middlewares/ST/threadx/common/src/tx_trace_disable.c **** 
  78:Middlewares/ST/threadx/common/src/tx_trace_disable.c ****     /* Determine if trace is already disabled.  */
  79:Middlewares/ST/threadx/common/src/tx_trace_disable.c ****     if (_tx_trace_buffer_current_ptr == TX_NULL)
  80:Middlewares/ST/threadx/common/src/tx_trace_disable.c ****     {
  81:Middlewares/ST/threadx/common/src/tx_trace_disable.c **** 
  82:Middlewares/ST/threadx/common/src/tx_trace_disable.c ****         /* Yes, trace is already disabled.  */
  83:Middlewares/ST/threadx/common/src/tx_trace_disable.c ****         status =  TX_NOT_DONE;
ARM GAS  /tmp/ccoubAkt.s 			page 3


  84:Middlewares/ST/threadx/common/src/tx_trace_disable.c ****     }
  85:Middlewares/ST/threadx/common/src/tx_trace_disable.c ****     else
  86:Middlewares/ST/threadx/common/src/tx_trace_disable.c ****     {
  87:Middlewares/ST/threadx/common/src/tx_trace_disable.c **** 
  88:Middlewares/ST/threadx/common/src/tx_trace_disable.c ****         /* Otherwise, simply clear the current pointer and registery start pointer to disable the t
  89:Middlewares/ST/threadx/common/src/tx_trace_disable.c ****         _tx_trace_buffer_current_ptr =  TX_NULL;
  90:Middlewares/ST/threadx/common/src/tx_trace_disable.c ****         _tx_trace_registry_start_ptr =  TX_NULL;
  91:Middlewares/ST/threadx/common/src/tx_trace_disable.c **** 
  92:Middlewares/ST/threadx/common/src/tx_trace_disable.c ****         /* Successful completion.  */
  93:Middlewares/ST/threadx/common/src/tx_trace_disable.c ****         status =  TX_SUCCESS;
  94:Middlewares/ST/threadx/common/src/tx_trace_disable.c ****     }
  95:Middlewares/ST/threadx/common/src/tx_trace_disable.c **** 
  96:Middlewares/ST/threadx/common/src/tx_trace_disable.c ****     /* Return completion status.  */
  97:Middlewares/ST/threadx/common/src/tx_trace_disable.c ****     return(status);
  98:Middlewares/ST/threadx/common/src/tx_trace_disable.c **** 
  99:Middlewares/ST/threadx/common/src/tx_trace_disable.c **** #else
 100:Middlewares/ST/threadx/common/src/tx_trace_disable.c **** 
 101:Middlewares/ST/threadx/common/src/tx_trace_disable.c ****     /* Trace not enabled, return an error.  */
 102:Middlewares/ST/threadx/common/src/tx_trace_disable.c ****     return(TX_FEATURE_NOT_ENABLED);
  33              		.loc 1 102 5 view .LVU1
 103:Middlewares/ST/threadx/common/src/tx_trace_disable.c **** #endif
 104:Middlewares/ST/threadx/common/src/tx_trace_disable.c **** }
  34              		.loc 1 104 1 is_stmt 0 view .LVU2
  35 0000 FF20     		movs	r0, #255
  36 0002 7047     		bx	lr
  37              		.cfi_endproc
  38              	.LFE8:
  40              		.text
  41              	.Letext0:
  42              		.file 2 "Middlewares/ST/threadx/ports/cortex_m7/gnu/inc/tx_port.h"
ARM GAS  /tmp/ccoubAkt.s 			page 4


DEFINED SYMBOLS
                            *ABS*:00000000 tx_trace_disable.c
     /tmp/ccoubAkt.s:20     .text._tx_trace_disable:00000000 $t
     /tmp/ccoubAkt.s:26     .text._tx_trace_disable:00000000 _tx_trace_disable

NO UNDEFINED SYMBOLS
