ARM GAS  /tmp/ccyweKxY.s 			page 1


   1              		.cpu cortex-m7
   2              		.arch armv7e-m
   3              		.fpu fpv5-d16
   4              		.eabi_attribute 28, 1
   5              		.eabi_attribute 20, 1
   6              		.eabi_attribute 21, 1
   7              		.eabi_attribute 23, 3
   8              		.eabi_attribute 24, 1
   9              		.eabi_attribute 25, 1
  10              		.eabi_attribute 26, 1
  11              		.eabi_attribute 30, 1
  12              		.eabi_attribute 34, 1
  13              		.eabi_attribute 18, 4
  14              		.file	"tx_trace_interrupt_control.c"
  15              		.text
  16              	.Ltext0:
  17              		.cfi_sections	.debug_frame
  18              		.file 1 "Middlewares/ST/threadx/common/src/tx_trace_interrupt_control.c"
  19              		.section	.text._tx_trace_interrupt_control,"ax",%progbits
  20              		.align	1
  21              		.global	_tx_trace_interrupt_control
  22              		.syntax unified
  23              		.thumb
  24              		.thumb_func
  26              	_tx_trace_interrupt_control:
  27              	.LVL0:
  28              	.LFB8:
   1:Middlewares/ST/threadx/common/src/tx_trace_interrupt_control.c **** /**************************************************************************/
   2:Middlewares/ST/threadx/common/src/tx_trace_interrupt_control.c **** /*                                                                        */
   3:Middlewares/ST/threadx/common/src/tx_trace_interrupt_control.c **** /*       Copyright (c) Microsoft Corporation. All rights reserved.        */
   4:Middlewares/ST/threadx/common/src/tx_trace_interrupt_control.c **** /*                                                                        */
   5:Middlewares/ST/threadx/common/src/tx_trace_interrupt_control.c **** /*       This software is licensed under the Microsoft Software License   */
   6:Middlewares/ST/threadx/common/src/tx_trace_interrupt_control.c **** /*       Terms for Microsoft Azure RTOS. Full text of the license can be  */
   7:Middlewares/ST/threadx/common/src/tx_trace_interrupt_control.c **** /*       found in the LICENSE file at https://aka.ms/AzureRTOS_EULA       */
   8:Middlewares/ST/threadx/common/src/tx_trace_interrupt_control.c **** /*       and in the root directory of this software.                      */
   9:Middlewares/ST/threadx/common/src/tx_trace_interrupt_control.c **** /*                                                                        */
  10:Middlewares/ST/threadx/common/src/tx_trace_interrupt_control.c **** /**************************************************************************/
  11:Middlewares/ST/threadx/common/src/tx_trace_interrupt_control.c **** 
  12:Middlewares/ST/threadx/common/src/tx_trace_interrupt_control.c **** 
  13:Middlewares/ST/threadx/common/src/tx_trace_interrupt_control.c **** /**************************************************************************/
  14:Middlewares/ST/threadx/common/src/tx_trace_interrupt_control.c **** /**************************************************************************/
  15:Middlewares/ST/threadx/common/src/tx_trace_interrupt_control.c **** /**                                                                       */
  16:Middlewares/ST/threadx/common/src/tx_trace_interrupt_control.c **** /** ThreadX Component                                                     */
  17:Middlewares/ST/threadx/common/src/tx_trace_interrupt_control.c **** /**                                                                       */
  18:Middlewares/ST/threadx/common/src/tx_trace_interrupt_control.c **** /**   Trace                                                               */
  19:Middlewares/ST/threadx/common/src/tx_trace_interrupt_control.c **** /**                                                                       */
  20:Middlewares/ST/threadx/common/src/tx_trace_interrupt_control.c **** /**************************************************************************/
  21:Middlewares/ST/threadx/common/src/tx_trace_interrupt_control.c **** /**************************************************************************/
  22:Middlewares/ST/threadx/common/src/tx_trace_interrupt_control.c **** 
  23:Middlewares/ST/threadx/common/src/tx_trace_interrupt_control.c **** #define TX_SOURCE_CODE
  24:Middlewares/ST/threadx/common/src/tx_trace_interrupt_control.c **** 
  25:Middlewares/ST/threadx/common/src/tx_trace_interrupt_control.c **** 
  26:Middlewares/ST/threadx/common/src/tx_trace_interrupt_control.c **** /* Include necessary system files.  */
  27:Middlewares/ST/threadx/common/src/tx_trace_interrupt_control.c **** 
  28:Middlewares/ST/threadx/common/src/tx_trace_interrupt_control.c **** #include "tx_api.h"
  29:Middlewares/ST/threadx/common/src/tx_trace_interrupt_control.c **** #include "tx_trace.h"
  30:Middlewares/ST/threadx/common/src/tx_trace_interrupt_control.c **** #include "tx_thread.h"
ARM GAS  /tmp/ccyweKxY.s 			page 2


  31:Middlewares/ST/threadx/common/src/tx_trace_interrupt_control.c **** 
  32:Middlewares/ST/threadx/common/src/tx_trace_interrupt_control.c **** 
  33:Middlewares/ST/threadx/common/src/tx_trace_interrupt_control.c **** /**************************************************************************/
  34:Middlewares/ST/threadx/common/src/tx_trace_interrupt_control.c **** /*                                                                        */
  35:Middlewares/ST/threadx/common/src/tx_trace_interrupt_control.c **** /*  FUNCTION                                               RELEASE        */
  36:Middlewares/ST/threadx/common/src/tx_trace_interrupt_control.c **** /*                                                                        */
  37:Middlewares/ST/threadx/common/src/tx_trace_interrupt_control.c **** /*    _tx_trace_interrupt_control                         PORTABLE C      */
  38:Middlewares/ST/threadx/common/src/tx_trace_interrupt_control.c **** /*                                                           6.1          */
  39:Middlewares/ST/threadx/common/src/tx_trace_interrupt_control.c **** /*  AUTHOR                                                                */
  40:Middlewares/ST/threadx/common/src/tx_trace_interrupt_control.c **** /*                                                                        */
  41:Middlewares/ST/threadx/common/src/tx_trace_interrupt_control.c **** /*    William E. Lamie, Microsoft Corporation                             */
  42:Middlewares/ST/threadx/common/src/tx_trace_interrupt_control.c **** /*                                                                        */
  43:Middlewares/ST/threadx/common/src/tx_trace_interrupt_control.c **** /*  DESCRIPTION                                                           */
  44:Middlewares/ST/threadx/common/src/tx_trace_interrupt_control.c **** /*                                                                        */
  45:Middlewares/ST/threadx/common/src/tx_trace_interrupt_control.c **** /*    This function provides a shell for the tx_interrupt_control         */
  46:Middlewares/ST/threadx/common/src/tx_trace_interrupt_control.c **** /*    function so that a trace event can be logged for its use.           */
  47:Middlewares/ST/threadx/common/src/tx_trace_interrupt_control.c **** /*                                                                        */
  48:Middlewares/ST/threadx/common/src/tx_trace_interrupt_control.c **** /*  INPUT                                                                 */
  49:Middlewares/ST/threadx/common/src/tx_trace_interrupt_control.c **** /*                                                                        */
  50:Middlewares/ST/threadx/common/src/tx_trace_interrupt_control.c **** /*    new_posture                           New interrupt posture         */
  51:Middlewares/ST/threadx/common/src/tx_trace_interrupt_control.c **** /*                                                                        */
  52:Middlewares/ST/threadx/common/src/tx_trace_interrupt_control.c **** /*  OUTPUT                                                                */
  53:Middlewares/ST/threadx/common/src/tx_trace_interrupt_control.c **** /*                                                                        */
  54:Middlewares/ST/threadx/common/src/tx_trace_interrupt_control.c **** /*    Previous Interrupt Posture                                          */
  55:Middlewares/ST/threadx/common/src/tx_trace_interrupt_control.c **** /*                                                                        */
  56:Middlewares/ST/threadx/common/src/tx_trace_interrupt_control.c **** /*  CALLS                                                                 */
  57:Middlewares/ST/threadx/common/src/tx_trace_interrupt_control.c **** /*                                                                        */
  58:Middlewares/ST/threadx/common/src/tx_trace_interrupt_control.c **** /*    _tx_thread_interrupt_control          Interrupt control service     */
  59:Middlewares/ST/threadx/common/src/tx_trace_interrupt_control.c **** /*                                                                        */
  60:Middlewares/ST/threadx/common/src/tx_trace_interrupt_control.c **** /*  CALLED BY                                                             */
  61:Middlewares/ST/threadx/common/src/tx_trace_interrupt_control.c **** /*                                                                        */
  62:Middlewares/ST/threadx/common/src/tx_trace_interrupt_control.c **** /*    Application Code                                                    */
  63:Middlewares/ST/threadx/common/src/tx_trace_interrupt_control.c **** /*                                                                        */
  64:Middlewares/ST/threadx/common/src/tx_trace_interrupt_control.c **** /*  RELEASE HISTORY                                                       */
  65:Middlewares/ST/threadx/common/src/tx_trace_interrupt_control.c **** /*                                                                        */
  66:Middlewares/ST/threadx/common/src/tx_trace_interrupt_control.c **** /*    DATE              NAME                      DESCRIPTION             */
  67:Middlewares/ST/threadx/common/src/tx_trace_interrupt_control.c **** /*                                                                        */
  68:Middlewares/ST/threadx/common/src/tx_trace_interrupt_control.c **** /*  05-19-2020     William E. Lamie         Initial Version 6.0           */
  69:Middlewares/ST/threadx/common/src/tx_trace_interrupt_control.c **** /*  09-30-2020     Yuxin Zhou               Modified comment(s),          */
  70:Middlewares/ST/threadx/common/src/tx_trace_interrupt_control.c **** /*                                            resulting in version 6.1    */
  71:Middlewares/ST/threadx/common/src/tx_trace_interrupt_control.c **** /*                                                                        */
  72:Middlewares/ST/threadx/common/src/tx_trace_interrupt_control.c **** /**************************************************************************/
  73:Middlewares/ST/threadx/common/src/tx_trace_interrupt_control.c **** UINT  _tx_trace_interrupt_control(UINT new_posture)
  74:Middlewares/ST/threadx/common/src/tx_trace_interrupt_control.c **** {
  29              		.loc 1 74 1 view -0
  30              		.cfi_startproc
  31              		@ args = 0, pretend = 0, frame = 0
  32              		@ frame_needed = 0, uses_anonymous_args = 0
  33              		.loc 1 74 1 is_stmt 0 view .LVU1
  34 0000 08B5     		push	{r3, lr}
  35              	.LCFI0:
  36              		.cfi_def_cfa_offset 8
  37              		.cfi_offset 3, -8
  38              		.cfi_offset 14, -4
  75:Middlewares/ST/threadx/common/src/tx_trace_interrupt_control.c **** 
  76:Middlewares/ST/threadx/common/src/tx_trace_interrupt_control.c **** #ifdef TX_ENABLE_EVENT_TRACE
  77:Middlewares/ST/threadx/common/src/tx_trace_interrupt_control.c **** 
ARM GAS  /tmp/ccyweKxY.s 			page 3


  78:Middlewares/ST/threadx/common/src/tx_trace_interrupt_control.c **** TX_INTERRUPT_SAVE_AREA
  79:Middlewares/ST/threadx/common/src/tx_trace_interrupt_control.c **** UINT    saved_posture;
  80:Middlewares/ST/threadx/common/src/tx_trace_interrupt_control.c **** 
  81:Middlewares/ST/threadx/common/src/tx_trace_interrupt_control.c ****     /* Disable interrupts.  */
  82:Middlewares/ST/threadx/common/src/tx_trace_interrupt_control.c ****     TX_DISABLE
  83:Middlewares/ST/threadx/common/src/tx_trace_interrupt_control.c **** 
  84:Middlewares/ST/threadx/common/src/tx_trace_interrupt_control.c ****     /* Insert this event into the trace buffer.  */
  85:Middlewares/ST/threadx/common/src/tx_trace_interrupt_control.c ****     TX_TRACE_IN_LINE_INSERT(TX_TRACE_INTERRUPT_CONTROL, TX_ULONG_TO_POINTER_CONVERT(new_posture), T
  86:Middlewares/ST/threadx/common/src/tx_trace_interrupt_control.c **** 
  87:Middlewares/ST/threadx/common/src/tx_trace_interrupt_control.c ****     /* Restore interrupts.  */
  88:Middlewares/ST/threadx/common/src/tx_trace_interrupt_control.c ****     TX_RESTORE
  89:Middlewares/ST/threadx/common/src/tx_trace_interrupt_control.c **** 
  90:Middlewares/ST/threadx/common/src/tx_trace_interrupt_control.c ****     /* Perform the interrupt service.  */
  91:Middlewares/ST/threadx/common/src/tx_trace_interrupt_control.c ****     saved_posture =  _tx_thread_interrupt_control(new_posture);
  92:Middlewares/ST/threadx/common/src/tx_trace_interrupt_control.c **** 
  93:Middlewares/ST/threadx/common/src/tx_trace_interrupt_control.c ****     /* Return saved posture.  */
  94:Middlewares/ST/threadx/common/src/tx_trace_interrupt_control.c ****     return(saved_posture);
  95:Middlewares/ST/threadx/common/src/tx_trace_interrupt_control.c **** #else
  96:Middlewares/ST/threadx/common/src/tx_trace_interrupt_control.c **** 
  97:Middlewares/ST/threadx/common/src/tx_trace_interrupt_control.c **** UINT    saved_posture;
  39              		.loc 1 97 1 is_stmt 1 view .LVU2
  98:Middlewares/ST/threadx/common/src/tx_trace_interrupt_control.c **** 
  99:Middlewares/ST/threadx/common/src/tx_trace_interrupt_control.c ****     /* Perform the interrupt service.  */
 100:Middlewares/ST/threadx/common/src/tx_trace_interrupt_control.c ****     saved_posture =  _tx_thread_interrupt_control(new_posture);
  40              		.loc 1 100 5 view .LVU3
  41              		.loc 1 100 22 is_stmt 0 view .LVU4
  42 0002 FFF7FEFF 		bl	_tx_thread_interrupt_control
  43              	.LVL1:
 101:Middlewares/ST/threadx/common/src/tx_trace_interrupt_control.c **** 
 102:Middlewares/ST/threadx/common/src/tx_trace_interrupt_control.c ****     /* Return saved posture.  */
 103:Middlewares/ST/threadx/common/src/tx_trace_interrupt_control.c ****     return(saved_posture);
  44              		.loc 1 103 5 is_stmt 1 view .LVU5
 104:Middlewares/ST/threadx/common/src/tx_trace_interrupt_control.c **** #endif
 105:Middlewares/ST/threadx/common/src/tx_trace_interrupt_control.c **** }
  45              		.loc 1 105 1 is_stmt 0 view .LVU6
  46 0006 08BD     		pop	{r3, pc}
  47              		.cfi_endproc
  48              	.LFE8:
  50              		.text
  51              	.Letext0:
  52              		.file 2 "Middlewares/ST/threadx/ports/cortex_m7/gnu/inc/tx_port.h"
  53              		.file 3 "Middlewares/ST/threadx/common/inc/tx_api.h"
ARM GAS  /tmp/ccyweKxY.s 			page 4


DEFINED SYMBOLS
                            *ABS*:00000000 tx_trace_interrupt_control.c
     /tmp/ccyweKxY.s:20     .text._tx_trace_interrupt_control:00000000 $t
     /tmp/ccyweKxY.s:26     .text._tx_trace_interrupt_control:00000000 _tx_trace_interrupt_control

UNDEFINED SYMBOLS
_tx_thread_interrupt_control
