ARM GAS  /tmp/ccO1HVbq.s 			page 1


   1              		.cpu cortex-m7
   2              		.arch armv7e-m
   3              		.fpu fpv5-d16
   4              		.eabi_attribute 28, 1
   5              		.eabi_attribute 20, 1
   6              		.eabi_attribute 21, 1
   7              		.eabi_attribute 23, 3
   8              		.eabi_attribute 24, 1
   9              		.eabi_attribute 25, 1
  10              		.eabi_attribute 26, 1
  11              		.eabi_attribute 30, 1
  12              		.eabi_attribute 34, 1
  13              		.eabi_attribute 18, 4
  14              		.file	"tx_thread_info_get.c"
  15              		.text
  16              	.Ltext0:
  17              		.cfi_sections	.debug_frame
  18              		.file 1 "Middlewares/ST/threadx/common/src/tx_thread_info_get.c"
  19              		.section	.text._tx_thread_info_get,"ax",%progbits
  20              		.align	1
  21              		.global	_tx_thread_info_get
  22              		.syntax unified
  23              		.thumb
  24              		.thumb_func
  26              	_tx_thread_info_get:
  27              	.LVL0:
  28              	.LFB8:
   1:Middlewares/ST/threadx/common/src/tx_thread_info_get.c **** /**************************************************************************/
   2:Middlewares/ST/threadx/common/src/tx_thread_info_get.c **** /*                                                                        */
   3:Middlewares/ST/threadx/common/src/tx_thread_info_get.c **** /*       Copyright (c) Microsoft Corporation. All rights reserved.        */
   4:Middlewares/ST/threadx/common/src/tx_thread_info_get.c **** /*                                                                        */
   5:Middlewares/ST/threadx/common/src/tx_thread_info_get.c **** /*       This software is licensed under the Microsoft Software License   */
   6:Middlewares/ST/threadx/common/src/tx_thread_info_get.c **** /*       Terms for Microsoft Azure RTOS. Full text of the license can be  */
   7:Middlewares/ST/threadx/common/src/tx_thread_info_get.c **** /*       found in the LICENSE file at https://aka.ms/AzureRTOS_EULA       */
   8:Middlewares/ST/threadx/common/src/tx_thread_info_get.c **** /*       and in the root directory of this software.                      */
   9:Middlewares/ST/threadx/common/src/tx_thread_info_get.c **** /*                                                                        */
  10:Middlewares/ST/threadx/common/src/tx_thread_info_get.c **** /**************************************************************************/
  11:Middlewares/ST/threadx/common/src/tx_thread_info_get.c **** 
  12:Middlewares/ST/threadx/common/src/tx_thread_info_get.c **** 
  13:Middlewares/ST/threadx/common/src/tx_thread_info_get.c **** /**************************************************************************/
  14:Middlewares/ST/threadx/common/src/tx_thread_info_get.c **** /**************************************************************************/
  15:Middlewares/ST/threadx/common/src/tx_thread_info_get.c **** /**                                                                       */
  16:Middlewares/ST/threadx/common/src/tx_thread_info_get.c **** /** ThreadX Component                                                     */
  17:Middlewares/ST/threadx/common/src/tx_thread_info_get.c **** /**                                                                       */
  18:Middlewares/ST/threadx/common/src/tx_thread_info_get.c **** /**   Thread                                                              */
  19:Middlewares/ST/threadx/common/src/tx_thread_info_get.c **** /**                                                                       */
  20:Middlewares/ST/threadx/common/src/tx_thread_info_get.c **** /**************************************************************************/
  21:Middlewares/ST/threadx/common/src/tx_thread_info_get.c **** /**************************************************************************/
  22:Middlewares/ST/threadx/common/src/tx_thread_info_get.c **** 
  23:Middlewares/ST/threadx/common/src/tx_thread_info_get.c **** #define TX_SOURCE_CODE
  24:Middlewares/ST/threadx/common/src/tx_thread_info_get.c **** 
  25:Middlewares/ST/threadx/common/src/tx_thread_info_get.c **** 
  26:Middlewares/ST/threadx/common/src/tx_thread_info_get.c **** /* Include necessary system files.  */
  27:Middlewares/ST/threadx/common/src/tx_thread_info_get.c **** 
  28:Middlewares/ST/threadx/common/src/tx_thread_info_get.c **** #include "tx_api.h"
  29:Middlewares/ST/threadx/common/src/tx_thread_info_get.c **** #include "tx_trace.h"
  30:Middlewares/ST/threadx/common/src/tx_thread_info_get.c **** #include "tx_thread.h"
ARM GAS  /tmp/ccO1HVbq.s 			page 2


  31:Middlewares/ST/threadx/common/src/tx_thread_info_get.c **** 
  32:Middlewares/ST/threadx/common/src/tx_thread_info_get.c **** 
  33:Middlewares/ST/threadx/common/src/tx_thread_info_get.c **** /**************************************************************************/
  34:Middlewares/ST/threadx/common/src/tx_thread_info_get.c **** /*                                                                        */
  35:Middlewares/ST/threadx/common/src/tx_thread_info_get.c **** /*  FUNCTION                                               RELEASE        */
  36:Middlewares/ST/threadx/common/src/tx_thread_info_get.c **** /*                                                                        */
  37:Middlewares/ST/threadx/common/src/tx_thread_info_get.c **** /*    _tx_thread_info_get                                 PORTABLE C      */
  38:Middlewares/ST/threadx/common/src/tx_thread_info_get.c **** /*                                                           6.1          */
  39:Middlewares/ST/threadx/common/src/tx_thread_info_get.c **** /*  AUTHOR                                                                */
  40:Middlewares/ST/threadx/common/src/tx_thread_info_get.c **** /*                                                                        */
  41:Middlewares/ST/threadx/common/src/tx_thread_info_get.c **** /*    William E. Lamie, Microsoft Corporation                             */
  42:Middlewares/ST/threadx/common/src/tx_thread_info_get.c **** /*                                                                        */
  43:Middlewares/ST/threadx/common/src/tx_thread_info_get.c **** /*  DESCRIPTION                                                           */
  44:Middlewares/ST/threadx/common/src/tx_thread_info_get.c **** /*                                                                        */
  45:Middlewares/ST/threadx/common/src/tx_thread_info_get.c **** /*    This function retrieves information from the specified thread.      */
  46:Middlewares/ST/threadx/common/src/tx_thread_info_get.c **** /*                                                                        */
  47:Middlewares/ST/threadx/common/src/tx_thread_info_get.c **** /*  INPUT                                                                 */
  48:Middlewares/ST/threadx/common/src/tx_thread_info_get.c **** /*                                                                        */
  49:Middlewares/ST/threadx/common/src/tx_thread_info_get.c **** /*    thread_ptr                        Pointer to thread control block   */
  50:Middlewares/ST/threadx/common/src/tx_thread_info_get.c **** /*    name                              Destination for the thread name   */
  51:Middlewares/ST/threadx/common/src/tx_thread_info_get.c **** /*    state                             Destination for thread state      */
  52:Middlewares/ST/threadx/common/src/tx_thread_info_get.c **** /*    run_count                         Destination for thread run count  */
  53:Middlewares/ST/threadx/common/src/tx_thread_info_get.c **** /*    priority                          Destination for thread priority   */
  54:Middlewares/ST/threadx/common/src/tx_thread_info_get.c **** /*    preemption_threshold              Destination for thread preemption-*/
  55:Middlewares/ST/threadx/common/src/tx_thread_info_get.c **** /*                                        threshold                       */
  56:Middlewares/ST/threadx/common/src/tx_thread_info_get.c **** /*    time_slice                        Destination for thread time-slice */
  57:Middlewares/ST/threadx/common/src/tx_thread_info_get.c **** /*    next_thread                       Destination for next created      */
  58:Middlewares/ST/threadx/common/src/tx_thread_info_get.c **** /*                                        thread                          */
  59:Middlewares/ST/threadx/common/src/tx_thread_info_get.c **** /*    next_suspended_thread             Destination for next suspended    */
  60:Middlewares/ST/threadx/common/src/tx_thread_info_get.c **** /*                                        thread                          */
  61:Middlewares/ST/threadx/common/src/tx_thread_info_get.c **** /*                                                                        */
  62:Middlewares/ST/threadx/common/src/tx_thread_info_get.c **** /*  OUTPUT                                                                */
  63:Middlewares/ST/threadx/common/src/tx_thread_info_get.c **** /*                                                                        */
  64:Middlewares/ST/threadx/common/src/tx_thread_info_get.c **** /*    status                            Completion status                 */
  65:Middlewares/ST/threadx/common/src/tx_thread_info_get.c **** /*                                                                        */
  66:Middlewares/ST/threadx/common/src/tx_thread_info_get.c **** /*  CALLS                                                                 */
  67:Middlewares/ST/threadx/common/src/tx_thread_info_get.c **** /*                                                                        */
  68:Middlewares/ST/threadx/common/src/tx_thread_info_get.c **** /*    None                                                                */
  69:Middlewares/ST/threadx/common/src/tx_thread_info_get.c **** /*                                                                        */
  70:Middlewares/ST/threadx/common/src/tx_thread_info_get.c **** /*  CALLED BY                                                             */
  71:Middlewares/ST/threadx/common/src/tx_thread_info_get.c **** /*                                                                        */
  72:Middlewares/ST/threadx/common/src/tx_thread_info_get.c **** /*    Application Code                                                    */
  73:Middlewares/ST/threadx/common/src/tx_thread_info_get.c **** /*                                                                        */
  74:Middlewares/ST/threadx/common/src/tx_thread_info_get.c **** /*  RELEASE HISTORY                                                       */
  75:Middlewares/ST/threadx/common/src/tx_thread_info_get.c **** /*                                                                        */
  76:Middlewares/ST/threadx/common/src/tx_thread_info_get.c **** /*    DATE              NAME                      DESCRIPTION             */
  77:Middlewares/ST/threadx/common/src/tx_thread_info_get.c **** /*                                                                        */
  78:Middlewares/ST/threadx/common/src/tx_thread_info_get.c **** /*  05-19-2020     William E. Lamie         Initial Version 6.0           */
  79:Middlewares/ST/threadx/common/src/tx_thread_info_get.c **** /*  09-30-2020     Yuxin Zhou               Modified comment(s),          */
  80:Middlewares/ST/threadx/common/src/tx_thread_info_get.c **** /*                                            resulting in version 6.1    */
  81:Middlewares/ST/threadx/common/src/tx_thread_info_get.c **** /*                                                                        */
  82:Middlewares/ST/threadx/common/src/tx_thread_info_get.c **** /**************************************************************************/
  83:Middlewares/ST/threadx/common/src/tx_thread_info_get.c **** UINT  _tx_thread_info_get(TX_THREAD *thread_ptr, CHAR **name, UINT *state, ULONG *run_count,
  84:Middlewares/ST/threadx/common/src/tx_thread_info_get.c ****                 UINT *priority, UINT *preemption_threshold, ULONG *time_slice,
  85:Middlewares/ST/threadx/common/src/tx_thread_info_get.c ****                 TX_THREAD **next_thread, TX_THREAD **next_suspended_thread)
  86:Middlewares/ST/threadx/common/src/tx_thread_info_get.c **** {
  29              		.loc 1 86 1 view -0
ARM GAS  /tmp/ccO1HVbq.s 			page 3


  30              		.cfi_startproc
  31              		@ args = 20, pretend = 0, frame = 0
  32              		@ frame_needed = 0, uses_anonymous_args = 0
  33              		.loc 1 86 1 is_stmt 0 view .LVU1
  34 0000 2DE9F041 		push	{r4, r5, r6, r7, r8, lr}
  35              	.LCFI0:
  36              		.cfi_def_cfa_offset 24
  37              		.cfi_offset 4, -24
  38              		.cfi_offset 5, -20
  39              		.cfi_offset 6, -16
  40              		.cfi_offset 7, -12
  41              		.cfi_offset 8, -8
  42              		.cfi_offset 14, -4
  43 0004 DDF818C0 		ldr	ip, [sp, #24]
  44 0008 079F     		ldr	r7, [sp, #28]
  45 000a 089E     		ldr	r6, [sp, #32]
  46 000c 099D     		ldr	r5, [sp, #36]
  47 000e DDF82880 		ldr	r8, [sp, #40]
  87:Middlewares/ST/threadx/common/src/tx_thread_info_get.c **** 
  88:Middlewares/ST/threadx/common/src/tx_thread_info_get.c **** TX_INTERRUPT_SAVE_AREA
  48              		.loc 1 88 1 is_stmt 1 view .LVU2
  89:Middlewares/ST/threadx/common/src/tx_thread_info_get.c **** 
  90:Middlewares/ST/threadx/common/src/tx_thread_info_get.c **** 
  91:Middlewares/ST/threadx/common/src/tx_thread_info_get.c ****     /* Disable interrupts.  */
  92:Middlewares/ST/threadx/common/src/tx_thread_info_get.c ****     TX_DISABLE
  49              		.loc 1 92 5 view .LVU3
  50              	.LBB10:
  51              	.LBI10:
  52              		.file 2 "Middlewares/ST/threadx/ports/cortex_m7/gnu/inc/tx_port.h"
   1:Middlewares/ST/threadx/ports/cortex_m7/gnu/inc/tx_port.h **** /**************************************************************************/
   2:Middlewares/ST/threadx/ports/cortex_m7/gnu/inc/tx_port.h **** /*                                                                        */
   3:Middlewares/ST/threadx/ports/cortex_m7/gnu/inc/tx_port.h **** /*       Copyright (c) Microsoft Corporation. All rights reserved.        */
   4:Middlewares/ST/threadx/ports/cortex_m7/gnu/inc/tx_port.h **** /*                                                                        */
   5:Middlewares/ST/threadx/ports/cortex_m7/gnu/inc/tx_port.h **** /*       This software is licensed under the Microsoft Software License   */
   6:Middlewares/ST/threadx/ports/cortex_m7/gnu/inc/tx_port.h **** /*       Terms for Microsoft Azure RTOS. Full text of the license can be  */
   7:Middlewares/ST/threadx/ports/cortex_m7/gnu/inc/tx_port.h **** /*       found in the LICENSE file at https://aka.ms/AzureRTOS_EULA       */
   8:Middlewares/ST/threadx/ports/cortex_m7/gnu/inc/tx_port.h **** /*       and in the root directory of this software.                      */
   9:Middlewares/ST/threadx/ports/cortex_m7/gnu/inc/tx_port.h **** /*                                                                        */
  10:Middlewares/ST/threadx/ports/cortex_m7/gnu/inc/tx_port.h **** /**************************************************************************/
  11:Middlewares/ST/threadx/ports/cortex_m7/gnu/inc/tx_port.h **** 
  12:Middlewares/ST/threadx/ports/cortex_m7/gnu/inc/tx_port.h **** 
  13:Middlewares/ST/threadx/ports/cortex_m7/gnu/inc/tx_port.h **** /**************************************************************************/
  14:Middlewares/ST/threadx/ports/cortex_m7/gnu/inc/tx_port.h **** /**************************************************************************/
  15:Middlewares/ST/threadx/ports/cortex_m7/gnu/inc/tx_port.h **** /**                                                                       */
  16:Middlewares/ST/threadx/ports/cortex_m7/gnu/inc/tx_port.h **** /** ThreadX Component                                                     */
  17:Middlewares/ST/threadx/ports/cortex_m7/gnu/inc/tx_port.h **** /**                                                                       */
  18:Middlewares/ST/threadx/ports/cortex_m7/gnu/inc/tx_port.h **** /**   Port Specific                                                       */
  19:Middlewares/ST/threadx/ports/cortex_m7/gnu/inc/tx_port.h **** /**                                                                       */
  20:Middlewares/ST/threadx/ports/cortex_m7/gnu/inc/tx_port.h **** /**************************************************************************/
  21:Middlewares/ST/threadx/ports/cortex_m7/gnu/inc/tx_port.h **** /**************************************************************************/
  22:Middlewares/ST/threadx/ports/cortex_m7/gnu/inc/tx_port.h **** 
  23:Middlewares/ST/threadx/ports/cortex_m7/gnu/inc/tx_port.h **** 
  24:Middlewares/ST/threadx/ports/cortex_m7/gnu/inc/tx_port.h **** /**************************************************************************/
  25:Middlewares/ST/threadx/ports/cortex_m7/gnu/inc/tx_port.h **** /*                                                                        */
  26:Middlewares/ST/threadx/ports/cortex_m7/gnu/inc/tx_port.h **** /*  PORT SPECIFIC C INFORMATION                            RELEASE        */
  27:Middlewares/ST/threadx/ports/cortex_m7/gnu/inc/tx_port.h **** /*                                                                        */
  28:Middlewares/ST/threadx/ports/cortex_m7/gnu/inc/tx_port.h **** /*    tx_port.h                                         Cortex-M7/GNU     */
ARM GAS  /tmp/ccO1HVbq.s 			page 4


  29:Middlewares/ST/threadx/ports/cortex_m7/gnu/inc/tx_port.h **** /*                                                           6.1.12       */
  30:Middlewares/ST/threadx/ports/cortex_m7/gnu/inc/tx_port.h **** /*                                                                        */
  31:Middlewares/ST/threadx/ports/cortex_m7/gnu/inc/tx_port.h **** /*  AUTHOR                                                                */
  32:Middlewares/ST/threadx/ports/cortex_m7/gnu/inc/tx_port.h **** /*                                                                        */
  33:Middlewares/ST/threadx/ports/cortex_m7/gnu/inc/tx_port.h **** /*    Scott Larson, Microsoft Corporation                                 */
  34:Middlewares/ST/threadx/ports/cortex_m7/gnu/inc/tx_port.h **** /*                                                                        */
  35:Middlewares/ST/threadx/ports/cortex_m7/gnu/inc/tx_port.h **** /*  DESCRIPTION                                                           */
  36:Middlewares/ST/threadx/ports/cortex_m7/gnu/inc/tx_port.h **** /*                                                                        */
  37:Middlewares/ST/threadx/ports/cortex_m7/gnu/inc/tx_port.h **** /*    This file contains data type definitions that make the ThreadX      */
  38:Middlewares/ST/threadx/ports/cortex_m7/gnu/inc/tx_port.h **** /*    real-time kernel function identically on a variety of different     */
  39:Middlewares/ST/threadx/ports/cortex_m7/gnu/inc/tx_port.h **** /*    processor architectures.  For example, the size or number of bits   */
  40:Middlewares/ST/threadx/ports/cortex_m7/gnu/inc/tx_port.h **** /*    in an "int" data type vary between microprocessor architectures and */
  41:Middlewares/ST/threadx/ports/cortex_m7/gnu/inc/tx_port.h **** /*    even C compilers for the same microprocessor.  ThreadX does not     */
  42:Middlewares/ST/threadx/ports/cortex_m7/gnu/inc/tx_port.h **** /*    directly use native C data types.  Instead, ThreadX creates its     */
  43:Middlewares/ST/threadx/ports/cortex_m7/gnu/inc/tx_port.h **** /*    own special types that can be mapped to actual data types by this   */
  44:Middlewares/ST/threadx/ports/cortex_m7/gnu/inc/tx_port.h **** /*    file to guarantee consistency in the interface and functionality.   */
  45:Middlewares/ST/threadx/ports/cortex_m7/gnu/inc/tx_port.h **** /*                                                                        */
  46:Middlewares/ST/threadx/ports/cortex_m7/gnu/inc/tx_port.h **** /*    This file replaces the previous Cortex-M3/M4/M7 files. It unifies   */
  47:Middlewares/ST/threadx/ports/cortex_m7/gnu/inc/tx_port.h **** /*    the ARMv7-M architecture and compilers into one common file.        */
  48:Middlewares/ST/threadx/ports/cortex_m7/gnu/inc/tx_port.h **** /*                                                                        */
  49:Middlewares/ST/threadx/ports/cortex_m7/gnu/inc/tx_port.h **** /*  RELEASE HISTORY                                                       */
  50:Middlewares/ST/threadx/ports/cortex_m7/gnu/inc/tx_port.h **** /*                                                                        */
  51:Middlewares/ST/threadx/ports/cortex_m7/gnu/inc/tx_port.h **** /*    DATE              NAME                      DESCRIPTION             */
  52:Middlewares/ST/threadx/ports/cortex_m7/gnu/inc/tx_port.h **** /*                                                                        */
  53:Middlewares/ST/threadx/ports/cortex_m7/gnu/inc/tx_port.h **** /*  06-02-2021      Scott Larson            Initial Version 6.1.7         */
  54:Middlewares/ST/threadx/ports/cortex_m7/gnu/inc/tx_port.h **** /*  01-31-2022      Scott Larson            Modified comments, updated    */
  55:Middlewares/ST/threadx/ports/cortex_m7/gnu/inc/tx_port.h **** /*                                            typedef to fix misra        */
  56:Middlewares/ST/threadx/ports/cortex_m7/gnu/inc/tx_port.h **** /*                                            violation,                  */
  57:Middlewares/ST/threadx/ports/cortex_m7/gnu/inc/tx_port.h **** /*                                            fixed predefined macro,     */
  58:Middlewares/ST/threadx/ports/cortex_m7/gnu/inc/tx_port.h **** /*                                            resulting in version 6.1.10 */
  59:Middlewares/ST/threadx/ports/cortex_m7/gnu/inc/tx_port.h **** /*  04-25-2022      Scott Larson            Modified comments and added   */
  60:Middlewares/ST/threadx/ports/cortex_m7/gnu/inc/tx_port.h **** /*                                            volatile to registers,      */
  61:Middlewares/ST/threadx/ports/cortex_m7/gnu/inc/tx_port.h **** /*                                            resulting in version 6.1.11 */
  62:Middlewares/ST/threadx/ports/cortex_m7/gnu/inc/tx_port.h **** /*  07-29-2022      Scott Larson            Modified comments and         */
  63:Middlewares/ST/threadx/ports/cortex_m7/gnu/inc/tx_port.h **** /*                                            described BASEPRI usage,    */
  64:Middlewares/ST/threadx/ports/cortex_m7/gnu/inc/tx_port.h **** /*                                            resulting in version 6.1.12 */
  65:Middlewares/ST/threadx/ports/cortex_m7/gnu/inc/tx_port.h **** /*                                                                        */
  66:Middlewares/ST/threadx/ports/cortex_m7/gnu/inc/tx_port.h **** /**************************************************************************/
  67:Middlewares/ST/threadx/ports/cortex_m7/gnu/inc/tx_port.h **** 
  68:Middlewares/ST/threadx/ports/cortex_m7/gnu/inc/tx_port.h **** #ifndef TX_PORT_H
  69:Middlewares/ST/threadx/ports/cortex_m7/gnu/inc/tx_port.h **** #define TX_PORT_H
  70:Middlewares/ST/threadx/ports/cortex_m7/gnu/inc/tx_port.h **** 
  71:Middlewares/ST/threadx/ports/cortex_m7/gnu/inc/tx_port.h **** 
  72:Middlewares/ST/threadx/ports/cortex_m7/gnu/inc/tx_port.h **** /* Determine if the optional ThreadX user define file should be used.  */
  73:Middlewares/ST/threadx/ports/cortex_m7/gnu/inc/tx_port.h **** 
  74:Middlewares/ST/threadx/ports/cortex_m7/gnu/inc/tx_port.h **** #ifdef TX_INCLUDE_USER_DEFINE_FILE
  75:Middlewares/ST/threadx/ports/cortex_m7/gnu/inc/tx_port.h **** 
  76:Middlewares/ST/threadx/ports/cortex_m7/gnu/inc/tx_port.h **** /* Yes, include the user defines in tx_user.h. The defines in this file may
  77:Middlewares/ST/threadx/ports/cortex_m7/gnu/inc/tx_port.h ****    alternately be defined on the command line.  */
  78:Middlewares/ST/threadx/ports/cortex_m7/gnu/inc/tx_port.h **** 
  79:Middlewares/ST/threadx/ports/cortex_m7/gnu/inc/tx_port.h **** #include "tx_user.h"
  80:Middlewares/ST/threadx/ports/cortex_m7/gnu/inc/tx_port.h **** #endif
  81:Middlewares/ST/threadx/ports/cortex_m7/gnu/inc/tx_port.h **** 
  82:Middlewares/ST/threadx/ports/cortex_m7/gnu/inc/tx_port.h **** 
  83:Middlewares/ST/threadx/ports/cortex_m7/gnu/inc/tx_port.h **** /* Define compiler library include files.  */
  84:Middlewares/ST/threadx/ports/cortex_m7/gnu/inc/tx_port.h **** 
  85:Middlewares/ST/threadx/ports/cortex_m7/gnu/inc/tx_port.h **** #include <stdlib.h>
ARM GAS  /tmp/ccO1HVbq.s 			page 5


  86:Middlewares/ST/threadx/ports/cortex_m7/gnu/inc/tx_port.h **** #include <string.h>
  87:Middlewares/ST/threadx/ports/cortex_m7/gnu/inc/tx_port.h **** 
  88:Middlewares/ST/threadx/ports/cortex_m7/gnu/inc/tx_port.h **** #ifdef __ICCARM__
  89:Middlewares/ST/threadx/ports/cortex_m7/gnu/inc/tx_port.h **** #include <intrinsics.h>                     /* IAR Intrinsics */
  90:Middlewares/ST/threadx/ports/cortex_m7/gnu/inc/tx_port.h **** #define __asm__ __asm                       /* Define to make all inline asm look similar */
  91:Middlewares/ST/threadx/ports/cortex_m7/gnu/inc/tx_port.h **** #ifdef  TX_ENABLE_IAR_LIBRARY_SUPPORT
  92:Middlewares/ST/threadx/ports/cortex_m7/gnu/inc/tx_port.h **** #include <yvals.h>
  93:Middlewares/ST/threadx/ports/cortex_m7/gnu/inc/tx_port.h **** #endif
  94:Middlewares/ST/threadx/ports/cortex_m7/gnu/inc/tx_port.h **** #endif /* __ICCARM__ */
  95:Middlewares/ST/threadx/ports/cortex_m7/gnu/inc/tx_port.h **** 
  96:Middlewares/ST/threadx/ports/cortex_m7/gnu/inc/tx_port.h **** #ifdef __ghs__
  97:Middlewares/ST/threadx/ports/cortex_m7/gnu/inc/tx_port.h **** #include <arm_ghs.h>
  98:Middlewares/ST/threadx/ports/cortex_m7/gnu/inc/tx_port.h **** #include "tx_ghs.h"
  99:Middlewares/ST/threadx/ports/cortex_m7/gnu/inc/tx_port.h **** #endif  /* __ghs__ */
 100:Middlewares/ST/threadx/ports/cortex_m7/gnu/inc/tx_port.h **** 
 101:Middlewares/ST/threadx/ports/cortex_m7/gnu/inc/tx_port.h **** 
 102:Middlewares/ST/threadx/ports/cortex_m7/gnu/inc/tx_port.h **** #if !defined(__GNUC__) && !defined(__CC_ARM)
 103:Middlewares/ST/threadx/ports/cortex_m7/gnu/inc/tx_port.h **** #define __get_control_value __get_CONTROL
 104:Middlewares/ST/threadx/ports/cortex_m7/gnu/inc/tx_port.h **** #define __set_control_value __set_CONTROL
 105:Middlewares/ST/threadx/ports/cortex_m7/gnu/inc/tx_port.h **** #endif
 106:Middlewares/ST/threadx/ports/cortex_m7/gnu/inc/tx_port.h **** 
 107:Middlewares/ST/threadx/ports/cortex_m7/gnu/inc/tx_port.h **** #ifndef __GNUC__
 108:Middlewares/ST/threadx/ports/cortex_m7/gnu/inc/tx_port.h **** #define __get_ipsr_value __get_IPSR
 109:Middlewares/ST/threadx/ports/cortex_m7/gnu/inc/tx_port.h **** #endif
 110:Middlewares/ST/threadx/ports/cortex_m7/gnu/inc/tx_port.h **** 
 111:Middlewares/ST/threadx/ports/cortex_m7/gnu/inc/tx_port.h **** /* Define ThreadX basic types for this port.  */
 112:Middlewares/ST/threadx/ports/cortex_m7/gnu/inc/tx_port.h **** 
 113:Middlewares/ST/threadx/ports/cortex_m7/gnu/inc/tx_port.h **** #define VOID                                    void
 114:Middlewares/ST/threadx/ports/cortex_m7/gnu/inc/tx_port.h **** typedef char                                    CHAR;
 115:Middlewares/ST/threadx/ports/cortex_m7/gnu/inc/tx_port.h **** typedef unsigned char                           UCHAR;
 116:Middlewares/ST/threadx/ports/cortex_m7/gnu/inc/tx_port.h **** typedef int                                     INT;
 117:Middlewares/ST/threadx/ports/cortex_m7/gnu/inc/tx_port.h **** typedef unsigned int                            UINT;
 118:Middlewares/ST/threadx/ports/cortex_m7/gnu/inc/tx_port.h **** typedef long                                    LONG;
 119:Middlewares/ST/threadx/ports/cortex_m7/gnu/inc/tx_port.h **** typedef unsigned long                           ULONG;
 120:Middlewares/ST/threadx/ports/cortex_m7/gnu/inc/tx_port.h **** typedef unsigned long long                      ULONG64;
 121:Middlewares/ST/threadx/ports/cortex_m7/gnu/inc/tx_port.h **** typedef short                                   SHORT;
 122:Middlewares/ST/threadx/ports/cortex_m7/gnu/inc/tx_port.h **** typedef unsigned short                          USHORT;
 123:Middlewares/ST/threadx/ports/cortex_m7/gnu/inc/tx_port.h **** #define ULONG64_DEFINED
 124:Middlewares/ST/threadx/ports/cortex_m7/gnu/inc/tx_port.h **** 
 125:Middlewares/ST/threadx/ports/cortex_m7/gnu/inc/tx_port.h **** /* Define the priority levels for ThreadX.  Legal values range
 126:Middlewares/ST/threadx/ports/cortex_m7/gnu/inc/tx_port.h ****    from 32 to 1024 and MUST be evenly divisible by 32.  */
 127:Middlewares/ST/threadx/ports/cortex_m7/gnu/inc/tx_port.h **** 
 128:Middlewares/ST/threadx/ports/cortex_m7/gnu/inc/tx_port.h **** #ifndef TX_MAX_PRIORITIES
 129:Middlewares/ST/threadx/ports/cortex_m7/gnu/inc/tx_port.h **** #define TX_MAX_PRIORITIES                       32
 130:Middlewares/ST/threadx/ports/cortex_m7/gnu/inc/tx_port.h **** #endif
 131:Middlewares/ST/threadx/ports/cortex_m7/gnu/inc/tx_port.h **** 
 132:Middlewares/ST/threadx/ports/cortex_m7/gnu/inc/tx_port.h **** 
 133:Middlewares/ST/threadx/ports/cortex_m7/gnu/inc/tx_port.h **** /* Define the minimum stack for a ThreadX thread on this processor. If the size supplied during
 134:Middlewares/ST/threadx/ports/cortex_m7/gnu/inc/tx_port.h ****    thread creation is less than this value, the thread create call will return an error.  */
 135:Middlewares/ST/threadx/ports/cortex_m7/gnu/inc/tx_port.h **** 
 136:Middlewares/ST/threadx/ports/cortex_m7/gnu/inc/tx_port.h **** #ifndef TX_MINIMUM_STACK
 137:Middlewares/ST/threadx/ports/cortex_m7/gnu/inc/tx_port.h **** #define TX_MINIMUM_STACK                        200         /* Minimum stack size for this port  */
 138:Middlewares/ST/threadx/ports/cortex_m7/gnu/inc/tx_port.h **** #endif
 139:Middlewares/ST/threadx/ports/cortex_m7/gnu/inc/tx_port.h **** 
 140:Middlewares/ST/threadx/ports/cortex_m7/gnu/inc/tx_port.h **** 
 141:Middlewares/ST/threadx/ports/cortex_m7/gnu/inc/tx_port.h **** /* Define the system timer thread's default stack size and priority.  These are only applicable
 142:Middlewares/ST/threadx/ports/cortex_m7/gnu/inc/tx_port.h ****    if TX_TIMER_PROCESS_IN_ISR is not defined.  */
ARM GAS  /tmp/ccO1HVbq.s 			page 6


 143:Middlewares/ST/threadx/ports/cortex_m7/gnu/inc/tx_port.h **** 
 144:Middlewares/ST/threadx/ports/cortex_m7/gnu/inc/tx_port.h **** #ifndef TX_TIMER_THREAD_STACK_SIZE
 145:Middlewares/ST/threadx/ports/cortex_m7/gnu/inc/tx_port.h **** #define TX_TIMER_THREAD_STACK_SIZE              1024        /* Default timer thread stack size  */
 146:Middlewares/ST/threadx/ports/cortex_m7/gnu/inc/tx_port.h **** #endif
 147:Middlewares/ST/threadx/ports/cortex_m7/gnu/inc/tx_port.h **** 
 148:Middlewares/ST/threadx/ports/cortex_m7/gnu/inc/tx_port.h **** #ifndef TX_TIMER_THREAD_PRIORITY
 149:Middlewares/ST/threadx/ports/cortex_m7/gnu/inc/tx_port.h **** #define TX_TIMER_THREAD_PRIORITY                0           /* Default timer thread priority    */
 150:Middlewares/ST/threadx/ports/cortex_m7/gnu/inc/tx_port.h **** #endif
 151:Middlewares/ST/threadx/ports/cortex_m7/gnu/inc/tx_port.h **** 
 152:Middlewares/ST/threadx/ports/cortex_m7/gnu/inc/tx_port.h **** /* By default, ThreadX for Cortex-M uses the PRIMASK register to enable/disable interrupts.
 153:Middlewares/ST/threadx/ports/cortex_m7/gnu/inc/tx_port.h **** If using BASEPRI is desired, define the following two symbols for both c and assembly files:
 154:Middlewares/ST/threadx/ports/cortex_m7/gnu/inc/tx_port.h **** TX_PORT_USE_BASEPRI - This tells ThreadX to use BASEPRI instead of PRIMASK.
 155:Middlewares/ST/threadx/ports/cortex_m7/gnu/inc/tx_port.h **** TX_PORT_BASEPRI = (priority_mask << (8 - number_priority_bits)) - this defines the maximum priority
 156:Middlewares/ST/threadx/ports/cortex_m7/gnu/inc/tx_port.h **** Any interrupt with a higher priority than priority_mask will not be masked, thus the interrupt will
 157:Middlewares/ST/threadx/ports/cortex_m7/gnu/inc/tx_port.h **** */
 158:Middlewares/ST/threadx/ports/cortex_m7/gnu/inc/tx_port.h **** 
 159:Middlewares/ST/threadx/ports/cortex_m7/gnu/inc/tx_port.h **** /* Define various constants for the ThreadX Cortex-M port.  */
 160:Middlewares/ST/threadx/ports/cortex_m7/gnu/inc/tx_port.h **** 
 161:Middlewares/ST/threadx/ports/cortex_m7/gnu/inc/tx_port.h **** #define TX_INT_DISABLE                          1           /* Disable interrupts               */
 162:Middlewares/ST/threadx/ports/cortex_m7/gnu/inc/tx_port.h **** #define TX_INT_ENABLE                           0           /* Enable interrupts                */
 163:Middlewares/ST/threadx/ports/cortex_m7/gnu/inc/tx_port.h **** 
 164:Middlewares/ST/threadx/ports/cortex_m7/gnu/inc/tx_port.h **** 
 165:Middlewares/ST/threadx/ports/cortex_m7/gnu/inc/tx_port.h **** /* Define the clock source for trace event entry time stamp. The following two item are port specif
 166:Middlewares/ST/threadx/ports/cortex_m7/gnu/inc/tx_port.h ****    For example, if the time source is at the address 0x0a800024 and is 16-bits in size, the clock
 167:Middlewares/ST/threadx/ports/cortex_m7/gnu/inc/tx_port.h ****    source constants would be:
 168:Middlewares/ST/threadx/ports/cortex_m7/gnu/inc/tx_port.h **** 
 169:Middlewares/ST/threadx/ports/cortex_m7/gnu/inc/tx_port.h **** #define TX_TRACE_TIME_SOURCE                    *((volatile ULONG *) 0x0a800024)
 170:Middlewares/ST/threadx/ports/cortex_m7/gnu/inc/tx_port.h **** #define TX_TRACE_TIME_MASK                      0x0000FFFFUL
 171:Middlewares/ST/threadx/ports/cortex_m7/gnu/inc/tx_port.h **** 
 172:Middlewares/ST/threadx/ports/cortex_m7/gnu/inc/tx_port.h **** */
 173:Middlewares/ST/threadx/ports/cortex_m7/gnu/inc/tx_port.h **** 
 174:Middlewares/ST/threadx/ports/cortex_m7/gnu/inc/tx_port.h **** #ifndef TX_MISRA_ENABLE
 175:Middlewares/ST/threadx/ports/cortex_m7/gnu/inc/tx_port.h **** #ifndef TX_TRACE_TIME_SOURCE
 176:Middlewares/ST/threadx/ports/cortex_m7/gnu/inc/tx_port.h **** #define TX_TRACE_TIME_SOURCE                    *((volatile ULONG *) 0xE0001004)
 177:Middlewares/ST/threadx/ports/cortex_m7/gnu/inc/tx_port.h **** #endif
 178:Middlewares/ST/threadx/ports/cortex_m7/gnu/inc/tx_port.h **** #else
 179:Middlewares/ST/threadx/ports/cortex_m7/gnu/inc/tx_port.h **** ULONG   _tx_misra_time_stamp_get(VOID);
 180:Middlewares/ST/threadx/ports/cortex_m7/gnu/inc/tx_port.h **** #define TX_TRACE_TIME_SOURCE                    _tx_misra_time_stamp_get()
 181:Middlewares/ST/threadx/ports/cortex_m7/gnu/inc/tx_port.h **** #endif
 182:Middlewares/ST/threadx/ports/cortex_m7/gnu/inc/tx_port.h **** 
 183:Middlewares/ST/threadx/ports/cortex_m7/gnu/inc/tx_port.h **** #ifndef TX_TRACE_TIME_MASK
 184:Middlewares/ST/threadx/ports/cortex_m7/gnu/inc/tx_port.h **** #define TX_TRACE_TIME_MASK                      0xFFFFFFFFUL
 185:Middlewares/ST/threadx/ports/cortex_m7/gnu/inc/tx_port.h **** #endif
 186:Middlewares/ST/threadx/ports/cortex_m7/gnu/inc/tx_port.h **** 
 187:Middlewares/ST/threadx/ports/cortex_m7/gnu/inc/tx_port.h **** #ifdef __ghs__
 188:Middlewares/ST/threadx/ports/cortex_m7/gnu/inc/tx_port.h **** /* Define constants for Green Hills EventAnalyzer.  */
 189:Middlewares/ST/threadx/ports/cortex_m7/gnu/inc/tx_port.h **** 
 190:Middlewares/ST/threadx/ports/cortex_m7/gnu/inc/tx_port.h **** /* Define the number of ticks per second. This informs the EventAnalyzer what the timestamps
 191:Middlewares/ST/threadx/ports/cortex_m7/gnu/inc/tx_port.h ****    represent.  By default, this is set to 1,000,000 i.e., one tick every microsecond. */
 192:Middlewares/ST/threadx/ports/cortex_m7/gnu/inc/tx_port.h **** 
 193:Middlewares/ST/threadx/ports/cortex_m7/gnu/inc/tx_port.h **** #define TX_EL_TICKS_PER_SECOND                  1000000
 194:Middlewares/ST/threadx/ports/cortex_m7/gnu/inc/tx_port.h **** 
 195:Middlewares/ST/threadx/ports/cortex_m7/gnu/inc/tx_port.h **** /* Define the method of how to get the upper and lower 32-bits of the time stamp. By default, simpl
 196:Middlewares/ST/threadx/ports/cortex_m7/gnu/inc/tx_port.h ****    simulate the time-stamp source with a counter.  */
 197:Middlewares/ST/threadx/ports/cortex_m7/gnu/inc/tx_port.h **** 
 198:Middlewares/ST/threadx/ports/cortex_m7/gnu/inc/tx_port.h **** #define read_tbu()                              _tx_el_time_base_upper
 199:Middlewares/ST/threadx/ports/cortex_m7/gnu/inc/tx_port.h **** #define read_tbl()                              ++_tx_el_time_base_lower
ARM GAS  /tmp/ccO1HVbq.s 			page 7


 200:Middlewares/ST/threadx/ports/cortex_m7/gnu/inc/tx_port.h **** #endif  /* __ghs__ */
 201:Middlewares/ST/threadx/ports/cortex_m7/gnu/inc/tx_port.h **** 
 202:Middlewares/ST/threadx/ports/cortex_m7/gnu/inc/tx_port.h **** /* Define the port specific options for the _tx_build_options variable. This variable indicates
 203:Middlewares/ST/threadx/ports/cortex_m7/gnu/inc/tx_port.h ****    how the ThreadX library was built.  */
 204:Middlewares/ST/threadx/ports/cortex_m7/gnu/inc/tx_port.h **** 
 205:Middlewares/ST/threadx/ports/cortex_m7/gnu/inc/tx_port.h **** #define TX_PORT_SPECIFIC_BUILD_OPTIONS          (0)
 206:Middlewares/ST/threadx/ports/cortex_m7/gnu/inc/tx_port.h **** 
 207:Middlewares/ST/threadx/ports/cortex_m7/gnu/inc/tx_port.h **** 
 208:Middlewares/ST/threadx/ports/cortex_m7/gnu/inc/tx_port.h **** /* Define the in-line initialization constant so that modules with in-line
 209:Middlewares/ST/threadx/ports/cortex_m7/gnu/inc/tx_port.h ****    initialization capabilities can prevent their initialization from being
 210:Middlewares/ST/threadx/ports/cortex_m7/gnu/inc/tx_port.h ****    a function call.  */
 211:Middlewares/ST/threadx/ports/cortex_m7/gnu/inc/tx_port.h **** 
 212:Middlewares/ST/threadx/ports/cortex_m7/gnu/inc/tx_port.h **** #ifdef TX_MISRA_ENABLE
 213:Middlewares/ST/threadx/ports/cortex_m7/gnu/inc/tx_port.h **** #define TX_DISABLE_INLINE
 214:Middlewares/ST/threadx/ports/cortex_m7/gnu/inc/tx_port.h **** #else
 215:Middlewares/ST/threadx/ports/cortex_m7/gnu/inc/tx_port.h **** #define TX_INLINE_INITIALIZATION
 216:Middlewares/ST/threadx/ports/cortex_m7/gnu/inc/tx_port.h **** #endif
 217:Middlewares/ST/threadx/ports/cortex_m7/gnu/inc/tx_port.h **** 
 218:Middlewares/ST/threadx/ports/cortex_m7/gnu/inc/tx_port.h **** 
 219:Middlewares/ST/threadx/ports/cortex_m7/gnu/inc/tx_port.h **** /* Determine whether or not stack checking is enabled. By default, ThreadX stack checking is
 220:Middlewares/ST/threadx/ports/cortex_m7/gnu/inc/tx_port.h ****    disabled. When the following is defined, ThreadX thread stack checking is enabled.  If stack
 221:Middlewares/ST/threadx/ports/cortex_m7/gnu/inc/tx_port.h ****    checking is enabled (TX_ENABLE_STACK_CHECKING is defined), the TX_DISABLE_STACK_FILLING
 222:Middlewares/ST/threadx/ports/cortex_m7/gnu/inc/tx_port.h ****    define is negated, thereby forcing the stack fill which is necessary for the stack checking
 223:Middlewares/ST/threadx/ports/cortex_m7/gnu/inc/tx_port.h ****    logic.  */
 224:Middlewares/ST/threadx/ports/cortex_m7/gnu/inc/tx_port.h **** 
 225:Middlewares/ST/threadx/ports/cortex_m7/gnu/inc/tx_port.h **** #ifndef TX_MISRA_ENABLE
 226:Middlewares/ST/threadx/ports/cortex_m7/gnu/inc/tx_port.h **** #ifdef TX_ENABLE_STACK_CHECKING
 227:Middlewares/ST/threadx/ports/cortex_m7/gnu/inc/tx_port.h **** #undef TX_DISABLE_STACK_FILLING
 228:Middlewares/ST/threadx/ports/cortex_m7/gnu/inc/tx_port.h **** #endif
 229:Middlewares/ST/threadx/ports/cortex_m7/gnu/inc/tx_port.h **** #endif
 230:Middlewares/ST/threadx/ports/cortex_m7/gnu/inc/tx_port.h **** 
 231:Middlewares/ST/threadx/ports/cortex_m7/gnu/inc/tx_port.h **** 
 232:Middlewares/ST/threadx/ports/cortex_m7/gnu/inc/tx_port.h **** /* Define the TX_THREAD control block extensions for this port. The main reason
 233:Middlewares/ST/threadx/ports/cortex_m7/gnu/inc/tx_port.h ****    for the multiple macros is so that backward compatibility can be maintained with
 234:Middlewares/ST/threadx/ports/cortex_m7/gnu/inc/tx_port.h ****    existing ThreadX kernel awareness modules.  */
 235:Middlewares/ST/threadx/ports/cortex_m7/gnu/inc/tx_port.h **** 
 236:Middlewares/ST/threadx/ports/cortex_m7/gnu/inc/tx_port.h **** #define TX_THREAD_EXTENSION_0
 237:Middlewares/ST/threadx/ports/cortex_m7/gnu/inc/tx_port.h **** #define TX_THREAD_EXTENSION_1
 238:Middlewares/ST/threadx/ports/cortex_m7/gnu/inc/tx_port.h **** #ifdef  TX_ENABLE_IAR_LIBRARY_SUPPORT
 239:Middlewares/ST/threadx/ports/cortex_m7/gnu/inc/tx_port.h **** #define TX_THREAD_EXTENSION_2           VOID    *tx_thread_iar_tls_pointer;
 240:Middlewares/ST/threadx/ports/cortex_m7/gnu/inc/tx_port.h **** #elif defined(__ghs__)
 241:Middlewares/ST/threadx/ports/cortex_m7/gnu/inc/tx_port.h **** #define TX_THREAD_EXTENSION_2           VOID *  tx_thread_eh_globals;                           \
 242:Middlewares/ST/threadx/ports/cortex_m7/gnu/inc/tx_port.h ****                                         int     Errno;             /* errno.  */                \
 243:Middlewares/ST/threadx/ports/cortex_m7/gnu/inc/tx_port.h ****                                         char *  strtok_saved_pos;  /* strtok() position.  */
 244:Middlewares/ST/threadx/ports/cortex_m7/gnu/inc/tx_port.h **** #else
 245:Middlewares/ST/threadx/ports/cortex_m7/gnu/inc/tx_port.h **** #define TX_THREAD_EXTENSION_2
 246:Middlewares/ST/threadx/ports/cortex_m7/gnu/inc/tx_port.h **** #endif
 247:Middlewares/ST/threadx/ports/cortex_m7/gnu/inc/tx_port.h **** 
 248:Middlewares/ST/threadx/ports/cortex_m7/gnu/inc/tx_port.h **** 
 249:Middlewares/ST/threadx/ports/cortex_m7/gnu/inc/tx_port.h **** #define TX_THREAD_EXTENSION_3
 250:Middlewares/ST/threadx/ports/cortex_m7/gnu/inc/tx_port.h **** 
 251:Middlewares/ST/threadx/ports/cortex_m7/gnu/inc/tx_port.h **** 
 252:Middlewares/ST/threadx/ports/cortex_m7/gnu/inc/tx_port.h **** 
 253:Middlewares/ST/threadx/ports/cortex_m7/gnu/inc/tx_port.h **** /* Define the port extensions of the remaining ThreadX objects.  */
 254:Middlewares/ST/threadx/ports/cortex_m7/gnu/inc/tx_port.h **** 
 255:Middlewares/ST/threadx/ports/cortex_m7/gnu/inc/tx_port.h **** #define TX_BLOCK_POOL_EXTENSION
 256:Middlewares/ST/threadx/ports/cortex_m7/gnu/inc/tx_port.h **** #define TX_BYTE_POOL_EXTENSION
ARM GAS  /tmp/ccO1HVbq.s 			page 8


 257:Middlewares/ST/threadx/ports/cortex_m7/gnu/inc/tx_port.h **** #define TX_EVENT_FLAGS_GROUP_EXTENSION
 258:Middlewares/ST/threadx/ports/cortex_m7/gnu/inc/tx_port.h **** #define TX_MUTEX_EXTENSION
 259:Middlewares/ST/threadx/ports/cortex_m7/gnu/inc/tx_port.h **** #define TX_QUEUE_EXTENSION
 260:Middlewares/ST/threadx/ports/cortex_m7/gnu/inc/tx_port.h **** #define TX_SEMAPHORE_EXTENSION
 261:Middlewares/ST/threadx/ports/cortex_m7/gnu/inc/tx_port.h **** #define TX_TIMER_EXTENSION
 262:Middlewares/ST/threadx/ports/cortex_m7/gnu/inc/tx_port.h **** 
 263:Middlewares/ST/threadx/ports/cortex_m7/gnu/inc/tx_port.h **** 
 264:Middlewares/ST/threadx/ports/cortex_m7/gnu/inc/tx_port.h **** /* Define the user extension field of the thread control block.  Nothing
 265:Middlewares/ST/threadx/ports/cortex_m7/gnu/inc/tx_port.h ****    additional is needed for this port so it is defined as white space.  */
 266:Middlewares/ST/threadx/ports/cortex_m7/gnu/inc/tx_port.h **** 
 267:Middlewares/ST/threadx/ports/cortex_m7/gnu/inc/tx_port.h **** #ifndef TX_THREAD_USER_EXTENSION
 268:Middlewares/ST/threadx/ports/cortex_m7/gnu/inc/tx_port.h **** #define TX_THREAD_USER_EXTENSION
 269:Middlewares/ST/threadx/ports/cortex_m7/gnu/inc/tx_port.h **** #endif
 270:Middlewares/ST/threadx/ports/cortex_m7/gnu/inc/tx_port.h **** 
 271:Middlewares/ST/threadx/ports/cortex_m7/gnu/inc/tx_port.h **** 
 272:Middlewares/ST/threadx/ports/cortex_m7/gnu/inc/tx_port.h **** /* Define the macros for processing extensions in tx_thread_create, tx_thread_delete,
 273:Middlewares/ST/threadx/ports/cortex_m7/gnu/inc/tx_port.h ****    tx_thread_shell_entry, and tx_thread_terminate.  */
 274:Middlewares/ST/threadx/ports/cortex_m7/gnu/inc/tx_port.h **** 
 275:Middlewares/ST/threadx/ports/cortex_m7/gnu/inc/tx_port.h **** 
 276:Middlewares/ST/threadx/ports/cortex_m7/gnu/inc/tx_port.h **** #ifdef  TX_ENABLE_IAR_LIBRARY_SUPPORT
 277:Middlewares/ST/threadx/ports/cortex_m7/gnu/inc/tx_port.h **** #if (__VER__ < 8000000)
 278:Middlewares/ST/threadx/ports/cortex_m7/gnu/inc/tx_port.h **** #define TX_THREAD_CREATE_EXTENSION(thread_ptr)                      thread_ptr -> tx_thread_iar_tls
 279:Middlewares/ST/threadx/ports/cortex_m7/gnu/inc/tx_port.h **** #define TX_THREAD_DELETE_EXTENSION(thread_ptr)                      __iar_dlib_perthread_deallocate
 280:Middlewares/ST/threadx/ports/cortex_m7/gnu/inc/tx_port.h ****                                                                     thread_ptr -> tx_thread_iar_tls
 281:Middlewares/ST/threadx/ports/cortex_m7/gnu/inc/tx_port.h **** #define TX_PORT_SPECIFIC_PRE_SCHEDULER_INITIALIZATION               __iar_dlib_perthread_access(0);
 282:Middlewares/ST/threadx/ports/cortex_m7/gnu/inc/tx_port.h **** #else
 283:Middlewares/ST/threadx/ports/cortex_m7/gnu/inc/tx_port.h **** void    *_tx_iar_create_per_thread_tls_area(void);
 284:Middlewares/ST/threadx/ports/cortex_m7/gnu/inc/tx_port.h **** void    _tx_iar_destroy_per_thread_tls_area(void *tls_ptr);
 285:Middlewares/ST/threadx/ports/cortex_m7/gnu/inc/tx_port.h **** void    __iar_Initlocks(void);
 286:Middlewares/ST/threadx/ports/cortex_m7/gnu/inc/tx_port.h **** 
 287:Middlewares/ST/threadx/ports/cortex_m7/gnu/inc/tx_port.h **** #define TX_THREAD_CREATE_EXTENSION(thread_ptr)                      thread_ptr -> tx_thread_iar_tls
 288:Middlewares/ST/threadx/ports/cortex_m7/gnu/inc/tx_port.h **** #define TX_THREAD_DELETE_EXTENSION(thread_ptr)                      do {_tx_iar_destroy_per_thread_
 289:Middlewares/ST/threadx/ports/cortex_m7/gnu/inc/tx_port.h ****                                                                         thread_ptr -> tx_thread_iar
 290:Middlewares/ST/threadx/ports/cortex_m7/gnu/inc/tx_port.h **** #define TX_PORT_SPECIFIC_PRE_SCHEDULER_INITIALIZATION               do {__iar_Initlocks();} while(0
 291:Middlewares/ST/threadx/ports/cortex_m7/gnu/inc/tx_port.h **** #endif
 292:Middlewares/ST/threadx/ports/cortex_m7/gnu/inc/tx_port.h **** #else
 293:Middlewares/ST/threadx/ports/cortex_m7/gnu/inc/tx_port.h **** #define TX_THREAD_CREATE_EXTENSION(thread_ptr)
 294:Middlewares/ST/threadx/ports/cortex_m7/gnu/inc/tx_port.h **** #define TX_THREAD_DELETE_EXTENSION(thread_ptr)
 295:Middlewares/ST/threadx/ports/cortex_m7/gnu/inc/tx_port.h **** #endif
 296:Middlewares/ST/threadx/ports/cortex_m7/gnu/inc/tx_port.h **** 
 297:Middlewares/ST/threadx/ports/cortex_m7/gnu/inc/tx_port.h **** #if defined(__ARMVFP__) || defined(__ARM_PCS_VFP) || defined(__ARM_FP) || defined(__TARGET_FPU_VFP)
 298:Middlewares/ST/threadx/ports/cortex_m7/gnu/inc/tx_port.h **** 
 299:Middlewares/ST/threadx/ports/cortex_m7/gnu/inc/tx_port.h **** #ifdef TX_MISRA_ENABLE
 300:Middlewares/ST/threadx/ports/cortex_m7/gnu/inc/tx_port.h **** 
 301:Middlewares/ST/threadx/ports/cortex_m7/gnu/inc/tx_port.h **** ULONG  _tx_misra_control_get(void);
 302:Middlewares/ST/threadx/ports/cortex_m7/gnu/inc/tx_port.h **** void   _tx_misra_control_set(ULONG value);
 303:Middlewares/ST/threadx/ports/cortex_m7/gnu/inc/tx_port.h **** ULONG  _tx_misra_fpccr_get(void);
 304:Middlewares/ST/threadx/ports/cortex_m7/gnu/inc/tx_port.h **** void   _tx_misra_vfp_touch(void);
 305:Middlewares/ST/threadx/ports/cortex_m7/gnu/inc/tx_port.h **** 
 306:Middlewares/ST/threadx/ports/cortex_m7/gnu/inc/tx_port.h **** #else   /* TX_MISRA_ENABLE not defined */
 307:Middlewares/ST/threadx/ports/cortex_m7/gnu/inc/tx_port.h **** 
 308:Middlewares/ST/threadx/ports/cortex_m7/gnu/inc/tx_port.h **** /* Define some helper functions (these are intrinsics in some compilers). */
 309:Middlewares/ST/threadx/ports/cortex_m7/gnu/inc/tx_port.h **** #ifdef __GNUC__ /* GCC and ARM Compiler 6 */
 310:Middlewares/ST/threadx/ports/cortex_m7/gnu/inc/tx_port.h **** 
 311:Middlewares/ST/threadx/ports/cortex_m7/gnu/inc/tx_port.h **** __attribute__( ( always_inline ) ) static inline ULONG __get_control_value(void)
 312:Middlewares/ST/threadx/ports/cortex_m7/gnu/inc/tx_port.h **** {
 313:Middlewares/ST/threadx/ports/cortex_m7/gnu/inc/tx_port.h **** ULONG  control_value;
ARM GAS  /tmp/ccO1HVbq.s 			page 9


 314:Middlewares/ST/threadx/ports/cortex_m7/gnu/inc/tx_port.h **** 
 315:Middlewares/ST/threadx/ports/cortex_m7/gnu/inc/tx_port.h ****     __asm__ volatile (" MRS  %0,CONTROL ": "=r" (control_value) );
 316:Middlewares/ST/threadx/ports/cortex_m7/gnu/inc/tx_port.h ****     return(control_value);
 317:Middlewares/ST/threadx/ports/cortex_m7/gnu/inc/tx_port.h **** }
 318:Middlewares/ST/threadx/ports/cortex_m7/gnu/inc/tx_port.h **** 
 319:Middlewares/ST/threadx/ports/cortex_m7/gnu/inc/tx_port.h **** __attribute__( ( always_inline ) ) static inline void __set_control_value(ULONG control_value)
 320:Middlewares/ST/threadx/ports/cortex_m7/gnu/inc/tx_port.h **** {
 321:Middlewares/ST/threadx/ports/cortex_m7/gnu/inc/tx_port.h ****     __asm__ volatile (" MSR  CONTROL,%0": : "r" (control_value): "memory" );
 322:Middlewares/ST/threadx/ports/cortex_m7/gnu/inc/tx_port.h **** }
 323:Middlewares/ST/threadx/ports/cortex_m7/gnu/inc/tx_port.h **** 
 324:Middlewares/ST/threadx/ports/cortex_m7/gnu/inc/tx_port.h **** #define TX_VFP_TOUCH()  __asm__ volatile ("VMOV.F32 s0, s0");
 325:Middlewares/ST/threadx/ports/cortex_m7/gnu/inc/tx_port.h **** 
 326:Middlewares/ST/threadx/ports/cortex_m7/gnu/inc/tx_port.h **** #elif defined(__CC_ARM) /* ARM Compiler 5 */
 327:Middlewares/ST/threadx/ports/cortex_m7/gnu/inc/tx_port.h **** 
 328:Middlewares/ST/threadx/ports/cortex_m7/gnu/inc/tx_port.h **** __attribute__( ( always_inline ) ) ULONG __get_control_value(void)
 329:Middlewares/ST/threadx/ports/cortex_m7/gnu/inc/tx_port.h **** {
 330:Middlewares/ST/threadx/ports/cortex_m7/gnu/inc/tx_port.h **** ULONG  control_value;
 331:Middlewares/ST/threadx/ports/cortex_m7/gnu/inc/tx_port.h **** 
 332:Middlewares/ST/threadx/ports/cortex_m7/gnu/inc/tx_port.h ****     __asm volatile ("MRS control_value,CONTROL");
 333:Middlewares/ST/threadx/ports/cortex_m7/gnu/inc/tx_port.h ****     return(control_value);
 334:Middlewares/ST/threadx/ports/cortex_m7/gnu/inc/tx_port.h **** }
 335:Middlewares/ST/threadx/ports/cortex_m7/gnu/inc/tx_port.h **** 
 336:Middlewares/ST/threadx/ports/cortex_m7/gnu/inc/tx_port.h **** __attribute__( ( always_inline ) ) void __set_control_value(ULONG control_value)
 337:Middlewares/ST/threadx/ports/cortex_m7/gnu/inc/tx_port.h **** {
 338:Middlewares/ST/threadx/ports/cortex_m7/gnu/inc/tx_port.h ****     __asm__ volatile ("MSR CONTROL,control_value");
 339:Middlewares/ST/threadx/ports/cortex_m7/gnu/inc/tx_port.h **** }
 340:Middlewares/ST/threadx/ports/cortex_m7/gnu/inc/tx_port.h **** /* Can't access VFP registers with inline asm, so define this in tx_thread_schedule.  */
 341:Middlewares/ST/threadx/ports/cortex_m7/gnu/inc/tx_port.h **** void _tx_vfp_access(void);
 342:Middlewares/ST/threadx/ports/cortex_m7/gnu/inc/tx_port.h **** #define TX_VFP_TOUCH()  _tx_vfp_access();
 343:Middlewares/ST/threadx/ports/cortex_m7/gnu/inc/tx_port.h **** 
 344:Middlewares/ST/threadx/ports/cortex_m7/gnu/inc/tx_port.h **** #elif defined(__ICCARM__)  /* IAR */
 345:Middlewares/ST/threadx/ports/cortex_m7/gnu/inc/tx_port.h **** #define TX_VFP_TOUCH()  __asm__ volatile ("VMOV.F32 s0, s0");
 346:Middlewares/ST/threadx/ports/cortex_m7/gnu/inc/tx_port.h **** #endif  /* Helper functions for different compilers */
 347:Middlewares/ST/threadx/ports/cortex_m7/gnu/inc/tx_port.h **** 
 348:Middlewares/ST/threadx/ports/cortex_m7/gnu/inc/tx_port.h **** #endif  /* TX_MISRA_ENABLE */
 349:Middlewares/ST/threadx/ports/cortex_m7/gnu/inc/tx_port.h **** 
 350:Middlewares/ST/threadx/ports/cortex_m7/gnu/inc/tx_port.h **** 
 351:Middlewares/ST/threadx/ports/cortex_m7/gnu/inc/tx_port.h **** /* A completed thread falls into _thread_shell_entry and we can simply deactivate the FPU via CONTR
 352:Middlewares/ST/threadx/ports/cortex_m7/gnu/inc/tx_port.h ****    in order to ensure no lazy stacking will occur. */
 353:Middlewares/ST/threadx/ports/cortex_m7/gnu/inc/tx_port.h **** 
 354:Middlewares/ST/threadx/ports/cortex_m7/gnu/inc/tx_port.h **** #ifndef TX_MISRA_ENABLE
 355:Middlewares/ST/threadx/ports/cortex_m7/gnu/inc/tx_port.h **** 
 356:Middlewares/ST/threadx/ports/cortex_m7/gnu/inc/tx_port.h **** #define TX_THREAD_COMPLETED_EXTENSION(thread_ptr)   {                                              
 357:Middlewares/ST/threadx/ports/cortex_m7/gnu/inc/tx_port.h ****                                                     ULONG  _tx_vfp_state;                          
 358:Middlewares/ST/threadx/ports/cortex_m7/gnu/inc/tx_port.h ****                                                         _tx_vfp_state =  __get_control_value();    
 359:Middlewares/ST/threadx/ports/cortex_m7/gnu/inc/tx_port.h ****                                                         _tx_vfp_state =  _tx_vfp_state & ~((ULONG) 
 360:Middlewares/ST/threadx/ports/cortex_m7/gnu/inc/tx_port.h ****                                                         __set_control_value(_tx_vfp_state);        
 361:Middlewares/ST/threadx/ports/cortex_m7/gnu/inc/tx_port.h ****                                                     }
 362:Middlewares/ST/threadx/ports/cortex_m7/gnu/inc/tx_port.h **** #else
 363:Middlewares/ST/threadx/ports/cortex_m7/gnu/inc/tx_port.h **** 
 364:Middlewares/ST/threadx/ports/cortex_m7/gnu/inc/tx_port.h **** #define TX_THREAD_COMPLETED_EXTENSION(thread_ptr)   {                                              
 365:Middlewares/ST/threadx/ports/cortex_m7/gnu/inc/tx_port.h ****                                                     ULONG  _tx_vfp_state;                          
 366:Middlewares/ST/threadx/ports/cortex_m7/gnu/inc/tx_port.h ****                                                         _tx_vfp_state =  _tx_misra_control_get();  
 367:Middlewares/ST/threadx/ports/cortex_m7/gnu/inc/tx_port.h ****                                                         _tx_vfp_state =  _tx_vfp_state & ~((ULONG) 
 368:Middlewares/ST/threadx/ports/cortex_m7/gnu/inc/tx_port.h ****                                                         _tx_misra_control_set(_tx_vfp_state);      
 369:Middlewares/ST/threadx/ports/cortex_m7/gnu/inc/tx_port.h ****                                                     }
 370:Middlewares/ST/threadx/ports/cortex_m7/gnu/inc/tx_port.h **** 
ARM GAS  /tmp/ccO1HVbq.s 			page 10


 371:Middlewares/ST/threadx/ports/cortex_m7/gnu/inc/tx_port.h **** #endif
 372:Middlewares/ST/threadx/ports/cortex_m7/gnu/inc/tx_port.h **** 
 373:Middlewares/ST/threadx/ports/cortex_m7/gnu/inc/tx_port.h **** /* A thread can be terminated by another thread, so we first check if it's self-terminating and not
 374:Middlewares/ST/threadx/ports/cortex_m7/gnu/inc/tx_port.h ****    If so, deactivate the FPU via CONTROL.FPCA. Otherwise we are in an interrupt or another thread i
 375:Middlewares/ST/threadx/ports/cortex_m7/gnu/inc/tx_port.h ****    this one, so if the FPCCR.LSPACT bit is set, we need to save the CONTROL.FPCA state, touch the F
 376:Middlewares/ST/threadx/ports/cortex_m7/gnu/inc/tx_port.h ****    the lazy FPU save, then restore the CONTROL.FPCA state. */
 377:Middlewares/ST/threadx/ports/cortex_m7/gnu/inc/tx_port.h **** 
 378:Middlewares/ST/threadx/ports/cortex_m7/gnu/inc/tx_port.h **** #ifndef TX_MISRA_ENABLE
 379:Middlewares/ST/threadx/ports/cortex_m7/gnu/inc/tx_port.h **** 
 380:Middlewares/ST/threadx/ports/cortex_m7/gnu/inc/tx_port.h **** #define TX_THREAD_TERMINATED_EXTENSION(thread_ptr)  {                                              
 381:Middlewares/ST/threadx/ports/cortex_m7/gnu/inc/tx_port.h ****                                                     ULONG  _tx_system_state;                       
 382:Middlewares/ST/threadx/ports/cortex_m7/gnu/inc/tx_port.h ****                                                         _tx_system_state =  TX_THREAD_GET_SYSTEM_ST
 383:Middlewares/ST/threadx/ports/cortex_m7/gnu/inc/tx_port.h ****                                                         if ((_tx_system_state == ((ULONG) 0)) && ((
 384:Middlewares/ST/threadx/ports/cortex_m7/gnu/inc/tx_port.h ****                                                         {                                          
 385:Middlewares/ST/threadx/ports/cortex_m7/gnu/inc/tx_port.h ****                                                         ULONG  _tx_vfp_state;                      
 386:Middlewares/ST/threadx/ports/cortex_m7/gnu/inc/tx_port.h ****                                                             _tx_vfp_state =  __get_control_value();
 387:Middlewares/ST/threadx/ports/cortex_m7/gnu/inc/tx_port.h ****                                                             _tx_vfp_state =  _tx_vfp_state & ~((ULO
 388:Middlewares/ST/threadx/ports/cortex_m7/gnu/inc/tx_port.h ****                                                             __set_control_value(_tx_vfp_state);    
 389:Middlewares/ST/threadx/ports/cortex_m7/gnu/inc/tx_port.h ****                                                         }                                          
 390:Middlewares/ST/threadx/ports/cortex_m7/gnu/inc/tx_port.h ****                                                         else                                       
 391:Middlewares/ST/threadx/ports/cortex_m7/gnu/inc/tx_port.h ****                                                         {                                          
 392:Middlewares/ST/threadx/ports/cortex_m7/gnu/inc/tx_port.h ****                                                         ULONG  _tx_fpccr;                          
 393:Middlewares/ST/threadx/ports/cortex_m7/gnu/inc/tx_port.h ****                                                             _tx_fpccr =  *((volatile ULONG *) 0xE00
 394:Middlewares/ST/threadx/ports/cortex_m7/gnu/inc/tx_port.h ****                                                             _tx_fpccr =  _tx_fpccr & ((ULONG) 0x01)
 395:Middlewares/ST/threadx/ports/cortex_m7/gnu/inc/tx_port.h ****                                                             if (_tx_fpccr == ((ULONG) 0x01))       
 396:Middlewares/ST/threadx/ports/cortex_m7/gnu/inc/tx_port.h ****                                                             {                                      
 397:Middlewares/ST/threadx/ports/cortex_m7/gnu/inc/tx_port.h ****                                                             ULONG _tx_vfp_state;                   
 398:Middlewares/ST/threadx/ports/cortex_m7/gnu/inc/tx_port.h ****                                                                 _tx_vfp_state = __get_control_value
 399:Middlewares/ST/threadx/ports/cortex_m7/gnu/inc/tx_port.h ****                                                                 _tx_vfp_state =  _tx_vfp_state & ((
 400:Middlewares/ST/threadx/ports/cortex_m7/gnu/inc/tx_port.h ****                                                                 TX_VFP_TOUCH();                    
 401:Middlewares/ST/threadx/ports/cortex_m7/gnu/inc/tx_port.h ****                                                                 if (_tx_vfp_state == ((ULONG) 0))  
 402:Middlewares/ST/threadx/ports/cortex_m7/gnu/inc/tx_port.h ****                                                                 {                                  
 403:Middlewares/ST/threadx/ports/cortex_m7/gnu/inc/tx_port.h ****                                                                     _tx_vfp_state =  __get_control_
 404:Middlewares/ST/threadx/ports/cortex_m7/gnu/inc/tx_port.h ****                                                                     _tx_vfp_state =  _tx_vfp_state 
 405:Middlewares/ST/threadx/ports/cortex_m7/gnu/inc/tx_port.h ****                                                                     __set_control_value(_tx_vfp_sta
 406:Middlewares/ST/threadx/ports/cortex_m7/gnu/inc/tx_port.h ****                                                                 }                                  
 407:Middlewares/ST/threadx/ports/cortex_m7/gnu/inc/tx_port.h ****                                                             }                                      
 408:Middlewares/ST/threadx/ports/cortex_m7/gnu/inc/tx_port.h ****                                                         }                                          
 409:Middlewares/ST/threadx/ports/cortex_m7/gnu/inc/tx_port.h ****                                                     }
 410:Middlewares/ST/threadx/ports/cortex_m7/gnu/inc/tx_port.h **** #else
 411:Middlewares/ST/threadx/ports/cortex_m7/gnu/inc/tx_port.h **** 
 412:Middlewares/ST/threadx/ports/cortex_m7/gnu/inc/tx_port.h **** #define TX_THREAD_TERMINATED_EXTENSION(thread_ptr)  {                                              
 413:Middlewares/ST/threadx/ports/cortex_m7/gnu/inc/tx_port.h ****                                                     ULONG  _tx_system_state;                       
 414:Middlewares/ST/threadx/ports/cortex_m7/gnu/inc/tx_port.h ****                                                         _tx_system_state =  TX_THREAD_GET_SYSTEM_ST
 415:Middlewares/ST/threadx/ports/cortex_m7/gnu/inc/tx_port.h ****                                                         if ((_tx_system_state == ((ULONG) 0)) && ((
 416:Middlewares/ST/threadx/ports/cortex_m7/gnu/inc/tx_port.h ****                                                         {                                          
 417:Middlewares/ST/threadx/ports/cortex_m7/gnu/inc/tx_port.h ****                                                         ULONG  _tx_vfp_state;                      
 418:Middlewares/ST/threadx/ports/cortex_m7/gnu/inc/tx_port.h ****                                                             _tx_vfp_state =  _tx_misra_control_get(
 419:Middlewares/ST/threadx/ports/cortex_m7/gnu/inc/tx_port.h ****                                                             _tx_vfp_state =  _tx_vfp_state & ~((ULO
 420:Middlewares/ST/threadx/ports/cortex_m7/gnu/inc/tx_port.h ****                                                             _tx_misra_control_set(_tx_vfp_state);  
 421:Middlewares/ST/threadx/ports/cortex_m7/gnu/inc/tx_port.h ****                                                         }                                          
 422:Middlewares/ST/threadx/ports/cortex_m7/gnu/inc/tx_port.h ****                                                         else                                       
 423:Middlewares/ST/threadx/ports/cortex_m7/gnu/inc/tx_port.h ****                                                         {                                          
 424:Middlewares/ST/threadx/ports/cortex_m7/gnu/inc/tx_port.h ****                                                         ULONG  _tx_fpccr;                          
 425:Middlewares/ST/threadx/ports/cortex_m7/gnu/inc/tx_port.h ****                                                             _tx_fpccr =  _tx_misra_fpccr_get();    
 426:Middlewares/ST/threadx/ports/cortex_m7/gnu/inc/tx_port.h ****                                                             _tx_fpccr =  _tx_fpccr & ((ULONG) 0x01)
 427:Middlewares/ST/threadx/ports/cortex_m7/gnu/inc/tx_port.h ****                                                             if (_tx_fpccr == ((ULONG) 0x01))       
ARM GAS  /tmp/ccO1HVbq.s 			page 11


 428:Middlewares/ST/threadx/ports/cortex_m7/gnu/inc/tx_port.h ****                                                             {                                      
 429:Middlewares/ST/threadx/ports/cortex_m7/gnu/inc/tx_port.h ****                                                             ULONG _tx_vfp_state;                   
 430:Middlewares/ST/threadx/ports/cortex_m7/gnu/inc/tx_port.h ****                                                                 _tx_vfp_state = _tx_misra_control_g
 431:Middlewares/ST/threadx/ports/cortex_m7/gnu/inc/tx_port.h ****                                                                 _tx_vfp_state =  _tx_vfp_state & ((
 432:Middlewares/ST/threadx/ports/cortex_m7/gnu/inc/tx_port.h ****                                                                 _tx_misra_vfp_touch();             
 433:Middlewares/ST/threadx/ports/cortex_m7/gnu/inc/tx_port.h ****                                                                 if (_tx_vfp_state == ((ULONG) 0))  
 434:Middlewares/ST/threadx/ports/cortex_m7/gnu/inc/tx_port.h ****                                                                 {                                  
 435:Middlewares/ST/threadx/ports/cortex_m7/gnu/inc/tx_port.h ****                                                                     _tx_vfp_state =  _tx_misra_cont
 436:Middlewares/ST/threadx/ports/cortex_m7/gnu/inc/tx_port.h ****                                                                     _tx_vfp_state =  _tx_vfp_state 
 437:Middlewares/ST/threadx/ports/cortex_m7/gnu/inc/tx_port.h ****                                                                     _tx_misra_control_set(_tx_vfp_s
 438:Middlewares/ST/threadx/ports/cortex_m7/gnu/inc/tx_port.h ****                                                                 }                                  
 439:Middlewares/ST/threadx/ports/cortex_m7/gnu/inc/tx_port.h ****                                                             }                                      
 440:Middlewares/ST/threadx/ports/cortex_m7/gnu/inc/tx_port.h ****                                                         }                                          
 441:Middlewares/ST/threadx/ports/cortex_m7/gnu/inc/tx_port.h ****                                                     }
 442:Middlewares/ST/threadx/ports/cortex_m7/gnu/inc/tx_port.h **** #endif
 443:Middlewares/ST/threadx/ports/cortex_m7/gnu/inc/tx_port.h **** 
 444:Middlewares/ST/threadx/ports/cortex_m7/gnu/inc/tx_port.h **** #else   /* No VFP in use */
 445:Middlewares/ST/threadx/ports/cortex_m7/gnu/inc/tx_port.h **** 
 446:Middlewares/ST/threadx/ports/cortex_m7/gnu/inc/tx_port.h **** #define TX_THREAD_COMPLETED_EXTENSION(thread_ptr)
 447:Middlewares/ST/threadx/ports/cortex_m7/gnu/inc/tx_port.h **** #define TX_THREAD_TERMINATED_EXTENSION(thread_ptr)
 448:Middlewares/ST/threadx/ports/cortex_m7/gnu/inc/tx_port.h **** 
 449:Middlewares/ST/threadx/ports/cortex_m7/gnu/inc/tx_port.h **** #endif  /* defined(__ARMVFP__) || defined(__ARM_PCS_VFP) || defined(__ARM_FP) || defined(__TARGET_F
 450:Middlewares/ST/threadx/ports/cortex_m7/gnu/inc/tx_port.h **** 
 451:Middlewares/ST/threadx/ports/cortex_m7/gnu/inc/tx_port.h **** 
 452:Middlewares/ST/threadx/ports/cortex_m7/gnu/inc/tx_port.h **** /* Define the ThreadX object creation extensions for the remaining objects.  */
 453:Middlewares/ST/threadx/ports/cortex_m7/gnu/inc/tx_port.h **** 
 454:Middlewares/ST/threadx/ports/cortex_m7/gnu/inc/tx_port.h **** #define TX_BLOCK_POOL_CREATE_EXTENSION(pool_ptr)
 455:Middlewares/ST/threadx/ports/cortex_m7/gnu/inc/tx_port.h **** #define TX_BYTE_POOL_CREATE_EXTENSION(pool_ptr)
 456:Middlewares/ST/threadx/ports/cortex_m7/gnu/inc/tx_port.h **** #define TX_EVENT_FLAGS_GROUP_CREATE_EXTENSION(group_ptr)
 457:Middlewares/ST/threadx/ports/cortex_m7/gnu/inc/tx_port.h **** #define TX_MUTEX_CREATE_EXTENSION(mutex_ptr)
 458:Middlewares/ST/threadx/ports/cortex_m7/gnu/inc/tx_port.h **** #define TX_QUEUE_CREATE_EXTENSION(queue_ptr)
 459:Middlewares/ST/threadx/ports/cortex_m7/gnu/inc/tx_port.h **** #define TX_SEMAPHORE_CREATE_EXTENSION(semaphore_ptr)
 460:Middlewares/ST/threadx/ports/cortex_m7/gnu/inc/tx_port.h **** #define TX_TIMER_CREATE_EXTENSION(timer_ptr)
 461:Middlewares/ST/threadx/ports/cortex_m7/gnu/inc/tx_port.h **** 
 462:Middlewares/ST/threadx/ports/cortex_m7/gnu/inc/tx_port.h **** 
 463:Middlewares/ST/threadx/ports/cortex_m7/gnu/inc/tx_port.h **** /* Define the ThreadX object deletion extensions for the remaining objects.  */
 464:Middlewares/ST/threadx/ports/cortex_m7/gnu/inc/tx_port.h **** 
 465:Middlewares/ST/threadx/ports/cortex_m7/gnu/inc/tx_port.h **** #define TX_BLOCK_POOL_DELETE_EXTENSION(pool_ptr)
 466:Middlewares/ST/threadx/ports/cortex_m7/gnu/inc/tx_port.h **** #define TX_BYTE_POOL_DELETE_EXTENSION(pool_ptr)
 467:Middlewares/ST/threadx/ports/cortex_m7/gnu/inc/tx_port.h **** #define TX_EVENT_FLAGS_GROUP_DELETE_EXTENSION(group_ptr)
 468:Middlewares/ST/threadx/ports/cortex_m7/gnu/inc/tx_port.h **** #define TX_MUTEX_DELETE_EXTENSION(mutex_ptr)
 469:Middlewares/ST/threadx/ports/cortex_m7/gnu/inc/tx_port.h **** #define TX_QUEUE_DELETE_EXTENSION(queue_ptr)
 470:Middlewares/ST/threadx/ports/cortex_m7/gnu/inc/tx_port.h **** #define TX_SEMAPHORE_DELETE_EXTENSION(semaphore_ptr)
 471:Middlewares/ST/threadx/ports/cortex_m7/gnu/inc/tx_port.h **** #define TX_TIMER_DELETE_EXTENSION(timer_ptr)
 472:Middlewares/ST/threadx/ports/cortex_m7/gnu/inc/tx_port.h **** 
 473:Middlewares/ST/threadx/ports/cortex_m7/gnu/inc/tx_port.h **** 
 474:Middlewares/ST/threadx/ports/cortex_m7/gnu/inc/tx_port.h **** /* Define the get system state macro.  */
 475:Middlewares/ST/threadx/ports/cortex_m7/gnu/inc/tx_port.h **** 
 476:Middlewares/ST/threadx/ports/cortex_m7/gnu/inc/tx_port.h **** #ifndef TX_THREAD_GET_SYSTEM_STATE
 477:Middlewares/ST/threadx/ports/cortex_m7/gnu/inc/tx_port.h **** #ifndef TX_MISRA_ENABLE
 478:Middlewares/ST/threadx/ports/cortex_m7/gnu/inc/tx_port.h **** 
 479:Middlewares/ST/threadx/ports/cortex_m7/gnu/inc/tx_port.h **** #ifdef __CC_ARM /* ARM Compiler 5 */
 480:Middlewares/ST/threadx/ports/cortex_m7/gnu/inc/tx_port.h **** 
 481:Middlewares/ST/threadx/ports/cortex_m7/gnu/inc/tx_port.h **** register unsigned int _ipsr __asm("ipsr");
 482:Middlewares/ST/threadx/ports/cortex_m7/gnu/inc/tx_port.h **** #define TX_THREAD_GET_SYSTEM_STATE()        (_tx_thread_system_state | _ipsr)
 483:Middlewares/ST/threadx/ports/cortex_m7/gnu/inc/tx_port.h **** 
 484:Middlewares/ST/threadx/ports/cortex_m7/gnu/inc/tx_port.h **** #elif defined(__GNUC__) /* GCC and ARM Compiler 6 */
ARM GAS  /tmp/ccO1HVbq.s 			page 12


 485:Middlewares/ST/threadx/ports/cortex_m7/gnu/inc/tx_port.h **** 
 486:Middlewares/ST/threadx/ports/cortex_m7/gnu/inc/tx_port.h **** __attribute__( ( always_inline ) ) static inline unsigned int __get_ipsr_value(void)
 487:Middlewares/ST/threadx/ports/cortex_m7/gnu/inc/tx_port.h **** {
 488:Middlewares/ST/threadx/ports/cortex_m7/gnu/inc/tx_port.h **** unsigned int  ipsr_value;
 489:Middlewares/ST/threadx/ports/cortex_m7/gnu/inc/tx_port.h ****     __asm__ volatile (" MRS  %0,IPSR ": "=r" (ipsr_value) );
 490:Middlewares/ST/threadx/ports/cortex_m7/gnu/inc/tx_port.h ****     return(ipsr_value);
 491:Middlewares/ST/threadx/ports/cortex_m7/gnu/inc/tx_port.h **** }
 492:Middlewares/ST/threadx/ports/cortex_m7/gnu/inc/tx_port.h **** 
 493:Middlewares/ST/threadx/ports/cortex_m7/gnu/inc/tx_port.h **** #define TX_THREAD_GET_SYSTEM_STATE()        (_tx_thread_system_state | __get_ipsr_value())
 494:Middlewares/ST/threadx/ports/cortex_m7/gnu/inc/tx_port.h **** 
 495:Middlewares/ST/threadx/ports/cortex_m7/gnu/inc/tx_port.h **** #elif defined(__ICCARM__)   /* IAR */
 496:Middlewares/ST/threadx/ports/cortex_m7/gnu/inc/tx_port.h **** 
 497:Middlewares/ST/threadx/ports/cortex_m7/gnu/inc/tx_port.h **** #define TX_THREAD_GET_SYSTEM_STATE()        (_tx_thread_system_state | __get_IPSR())
 498:Middlewares/ST/threadx/ports/cortex_m7/gnu/inc/tx_port.h **** 
 499:Middlewares/ST/threadx/ports/cortex_m7/gnu/inc/tx_port.h **** #endif  /* TX_THREAD_GET_SYSTEM_STATE for different compilers */
 500:Middlewares/ST/threadx/ports/cortex_m7/gnu/inc/tx_port.h **** 
 501:Middlewares/ST/threadx/ports/cortex_m7/gnu/inc/tx_port.h **** #else   /* TX_MISRA_ENABLE is defined, use MISRA function. */
 502:Middlewares/ST/threadx/ports/cortex_m7/gnu/inc/tx_port.h **** ULONG   _tx_misra_ipsr_get(VOID);
 503:Middlewares/ST/threadx/ports/cortex_m7/gnu/inc/tx_port.h **** #define TX_THREAD_GET_SYSTEM_STATE()        (_tx_thread_system_state | _tx_misra_ipsr_get())
 504:Middlewares/ST/threadx/ports/cortex_m7/gnu/inc/tx_port.h **** #endif  /* TX_MISRA_ENABLE */
 505:Middlewares/ST/threadx/ports/cortex_m7/gnu/inc/tx_port.h **** #endif  /* TX_THREAD_GET_SYSTEM_STATE */
 506:Middlewares/ST/threadx/ports/cortex_m7/gnu/inc/tx_port.h **** 
 507:Middlewares/ST/threadx/ports/cortex_m7/gnu/inc/tx_port.h **** 
 508:Middlewares/ST/threadx/ports/cortex_m7/gnu/inc/tx_port.h **** /* Define the check for whether or not to call the _tx_thread_system_return function.  A non-zero v
 509:Middlewares/ST/threadx/ports/cortex_m7/gnu/inc/tx_port.h ****    indicates that _tx_thread_system_return should not be called. This overrides the definition in t
 510:Middlewares/ST/threadx/ports/cortex_m7/gnu/inc/tx_port.h ****    for Cortex-M since so we don't waste time checking the _tx_thread_system_state variable that is 
 511:Middlewares/ST/threadx/ports/cortex_m7/gnu/inc/tx_port.h ****    zero after initialization for Cortex-M ports. */
 512:Middlewares/ST/threadx/ports/cortex_m7/gnu/inc/tx_port.h **** 
 513:Middlewares/ST/threadx/ports/cortex_m7/gnu/inc/tx_port.h **** #ifndef TX_THREAD_SYSTEM_RETURN_CHECK
 514:Middlewares/ST/threadx/ports/cortex_m7/gnu/inc/tx_port.h **** #define TX_THREAD_SYSTEM_RETURN_CHECK(c)    (c) = ((ULONG) _tx_thread_preempt_disable);
 515:Middlewares/ST/threadx/ports/cortex_m7/gnu/inc/tx_port.h **** #endif
 516:Middlewares/ST/threadx/ports/cortex_m7/gnu/inc/tx_port.h **** 
 517:Middlewares/ST/threadx/ports/cortex_m7/gnu/inc/tx_port.h **** /* Define the macro to ensure _tx_thread_preempt_disable is set early in initialization in order to
 518:Middlewares/ST/threadx/ports/cortex_m7/gnu/inc/tx_port.h ****    prevent early scheduling on Cortex-M parts.  */
 519:Middlewares/ST/threadx/ports/cortex_m7/gnu/inc/tx_port.h **** 
 520:Middlewares/ST/threadx/ports/cortex_m7/gnu/inc/tx_port.h **** #define TX_PORT_SPECIFIC_POST_INITIALIZATION    _tx_thread_preempt_disable++;
 521:Middlewares/ST/threadx/ports/cortex_m7/gnu/inc/tx_port.h **** 
 522:Middlewares/ST/threadx/ports/cortex_m7/gnu/inc/tx_port.h **** 
 523:Middlewares/ST/threadx/ports/cortex_m7/gnu/inc/tx_port.h **** 
 524:Middlewares/ST/threadx/ports/cortex_m7/gnu/inc/tx_port.h **** 
 525:Middlewares/ST/threadx/ports/cortex_m7/gnu/inc/tx_port.h **** #ifndef TX_DISABLE_INLINE
 526:Middlewares/ST/threadx/ports/cortex_m7/gnu/inc/tx_port.h **** 
 527:Middlewares/ST/threadx/ports/cortex_m7/gnu/inc/tx_port.h **** /* Define the TX_LOWEST_SET_BIT_CALCULATE macro for each compiler. */
 528:Middlewares/ST/threadx/ports/cortex_m7/gnu/inc/tx_port.h **** #ifdef __ICCARM__       /* IAR Compiler */
 529:Middlewares/ST/threadx/ports/cortex_m7/gnu/inc/tx_port.h **** #define TX_LOWEST_SET_BIT_CALCULATE(m, b)       (b) = (UINT) __CLZ(__RBIT((m)));
 530:Middlewares/ST/threadx/ports/cortex_m7/gnu/inc/tx_port.h **** #elif defined(__CC_ARM) /* AC5 Compiler */
 531:Middlewares/ST/threadx/ports/cortex_m7/gnu/inc/tx_port.h **** #define TX_LOWEST_SET_BIT_CALCULATE(m, b)       (b) = (UINT) __clz(__rbit((m)));
 532:Middlewares/ST/threadx/ports/cortex_m7/gnu/inc/tx_port.h **** #elif defined(__GNUC__) /* GCC and AC6 Compiler */
 533:Middlewares/ST/threadx/ports/cortex_m7/gnu/inc/tx_port.h **** #define TX_LOWEST_SET_BIT_CALCULATE(m, b)       __asm__ volatile (" RBIT %0,%1 ": "=r" (m) : "r" (m
 534:Middlewares/ST/threadx/ports/cortex_m7/gnu/inc/tx_port.h ****                                                 __asm__ volatile (" CLZ  %0,%1 ": "=r" (b) : "r" (m
 535:Middlewares/ST/threadx/ports/cortex_m7/gnu/inc/tx_port.h **** #endif
 536:Middlewares/ST/threadx/ports/cortex_m7/gnu/inc/tx_port.h **** 
 537:Middlewares/ST/threadx/ports/cortex_m7/gnu/inc/tx_port.h **** 
 538:Middlewares/ST/threadx/ports/cortex_m7/gnu/inc/tx_port.h **** 
 539:Middlewares/ST/threadx/ports/cortex_m7/gnu/inc/tx_port.h **** /* Define the interrupt disable/restore macros for each compiler. */
 540:Middlewares/ST/threadx/ports/cortex_m7/gnu/inc/tx_port.h **** 
 541:Middlewares/ST/threadx/ports/cortex_m7/gnu/inc/tx_port.h **** #if defined(__GNUC__) || defined(__ICCARM__)
ARM GAS  /tmp/ccO1HVbq.s 			page 13


 542:Middlewares/ST/threadx/ports/cortex_m7/gnu/inc/tx_port.h **** 
 543:Middlewares/ST/threadx/ports/cortex_m7/gnu/inc/tx_port.h **** /*** GCC/AC6 and IAR ***/
 544:Middlewares/ST/threadx/ports/cortex_m7/gnu/inc/tx_port.h **** 
 545:Middlewares/ST/threadx/ports/cortex_m7/gnu/inc/tx_port.h **** __attribute__( ( always_inline ) ) static inline unsigned int __get_interrupt_posture(void)
 546:Middlewares/ST/threadx/ports/cortex_m7/gnu/inc/tx_port.h **** {
 547:Middlewares/ST/threadx/ports/cortex_m7/gnu/inc/tx_port.h **** unsigned int posture;
 548:Middlewares/ST/threadx/ports/cortex_m7/gnu/inc/tx_port.h **** #ifdef TX_PORT_USE_BASEPRI
 549:Middlewares/ST/threadx/ports/cortex_m7/gnu/inc/tx_port.h ****     __asm__ volatile ("MRS  %0, BASEPRI ": "=r" (posture));
 550:Middlewares/ST/threadx/ports/cortex_m7/gnu/inc/tx_port.h **** #else
 551:Middlewares/ST/threadx/ports/cortex_m7/gnu/inc/tx_port.h ****     __asm__ volatile ("MRS  %0, PRIMASK ": "=r" (posture));
 552:Middlewares/ST/threadx/ports/cortex_m7/gnu/inc/tx_port.h **** #endif
 553:Middlewares/ST/threadx/ports/cortex_m7/gnu/inc/tx_port.h ****     return(posture);
 554:Middlewares/ST/threadx/ports/cortex_m7/gnu/inc/tx_port.h **** }
 555:Middlewares/ST/threadx/ports/cortex_m7/gnu/inc/tx_port.h **** 
 556:Middlewares/ST/threadx/ports/cortex_m7/gnu/inc/tx_port.h **** #ifdef TX_PORT_USE_BASEPRI
 557:Middlewares/ST/threadx/ports/cortex_m7/gnu/inc/tx_port.h **** __attribute__( ( always_inline ) ) static inline void __set_basepri_value(unsigned int basepri_valu
 558:Middlewares/ST/threadx/ports/cortex_m7/gnu/inc/tx_port.h **** {
 559:Middlewares/ST/threadx/ports/cortex_m7/gnu/inc/tx_port.h ****     __asm__ volatile ("MSR  BASEPRI,%0 ": : "r" (basepri_value));
 560:Middlewares/ST/threadx/ports/cortex_m7/gnu/inc/tx_port.h **** }
 561:Middlewares/ST/threadx/ports/cortex_m7/gnu/inc/tx_port.h **** #else
 562:Middlewares/ST/threadx/ports/cortex_m7/gnu/inc/tx_port.h **** __attribute__( ( always_inline ) ) static inline void __enable_interrupts(void)
 563:Middlewares/ST/threadx/ports/cortex_m7/gnu/inc/tx_port.h **** {
 564:Middlewares/ST/threadx/ports/cortex_m7/gnu/inc/tx_port.h ****     __asm__ volatile ("CPSIE  i": : : "memory");
 565:Middlewares/ST/threadx/ports/cortex_m7/gnu/inc/tx_port.h **** }
 566:Middlewares/ST/threadx/ports/cortex_m7/gnu/inc/tx_port.h **** #endif
 567:Middlewares/ST/threadx/ports/cortex_m7/gnu/inc/tx_port.h **** 
 568:Middlewares/ST/threadx/ports/cortex_m7/gnu/inc/tx_port.h **** __attribute__( ( always_inline ) ) static inline void __restore_interrupt(unsigned int int_posture)
 569:Middlewares/ST/threadx/ports/cortex_m7/gnu/inc/tx_port.h **** {
 570:Middlewares/ST/threadx/ports/cortex_m7/gnu/inc/tx_port.h **** #ifdef TX_PORT_USE_BASEPRI
 571:Middlewares/ST/threadx/ports/cortex_m7/gnu/inc/tx_port.h ****     __set_basepri_value(int_posture);
 572:Middlewares/ST/threadx/ports/cortex_m7/gnu/inc/tx_port.h ****     //__asm__ volatile ("MSR  BASEPRI,%0": : "r" (int_posture): "memory");
 573:Middlewares/ST/threadx/ports/cortex_m7/gnu/inc/tx_port.h **** #else
 574:Middlewares/ST/threadx/ports/cortex_m7/gnu/inc/tx_port.h ****     __asm__ volatile ("MSR  PRIMASK,%0": : "r" (int_posture): "memory");
 575:Middlewares/ST/threadx/ports/cortex_m7/gnu/inc/tx_port.h **** #endif
 576:Middlewares/ST/threadx/ports/cortex_m7/gnu/inc/tx_port.h **** }
 577:Middlewares/ST/threadx/ports/cortex_m7/gnu/inc/tx_port.h **** 
 578:Middlewares/ST/threadx/ports/cortex_m7/gnu/inc/tx_port.h **** __attribute__( ( always_inline ) ) static inline unsigned int __disable_interrupts(void)
  53              		.loc 2 578 63 view .LVU4
  54              	.LBB11:
 579:Middlewares/ST/threadx/ports/cortex_m7/gnu/inc/tx_port.h **** {
 580:Middlewares/ST/threadx/ports/cortex_m7/gnu/inc/tx_port.h **** unsigned int int_posture;
  55              		.loc 2 580 1 view .LVU5
 581:Middlewares/ST/threadx/ports/cortex_m7/gnu/inc/tx_port.h **** 
 582:Middlewares/ST/threadx/ports/cortex_m7/gnu/inc/tx_port.h ****     int_posture = __get_interrupt_posture();
  56              		.loc 2 582 5 view .LVU6
  57              	.LBB12:
  58              	.LBI12:
 545:Middlewares/ST/threadx/ports/cortex_m7/gnu/inc/tx_port.h **** {
  59              		.loc 2 545 63 view .LVU7
  60              	.LBB13:
 547:Middlewares/ST/threadx/ports/cortex_m7/gnu/inc/tx_port.h **** #ifdef TX_PORT_USE_BASEPRI
  61              		.loc 2 547 1 view .LVU8
 551:Middlewares/ST/threadx/ports/cortex_m7/gnu/inc/tx_port.h **** #endif
  62              		.loc 2 551 5 view .LVU9
  63              		.syntax unified
  64              	@ 551 "Middlewares/ST/threadx/ports/cortex_m7/gnu/inc/tx_port.h" 1
  65 0012 EFF3108E 		MRS  lr, PRIMASK 
ARM GAS  /tmp/ccO1HVbq.s 			page 14


  66              	@ 0 "" 2
  67              	.LVL1:
 553:Middlewares/ST/threadx/ports/cortex_m7/gnu/inc/tx_port.h **** }
  68              		.loc 2 553 5 view .LVU10
 553:Middlewares/ST/threadx/ports/cortex_m7/gnu/inc/tx_port.h **** }
  69              		.loc 2 553 5 is_stmt 0 view .LVU11
  70              		.thumb
  71              		.syntax unified
  72              	.LBE13:
  73              	.LBE12:
 583:Middlewares/ST/threadx/ports/cortex_m7/gnu/inc/tx_port.h **** 
 584:Middlewares/ST/threadx/ports/cortex_m7/gnu/inc/tx_port.h **** #ifdef TX_PORT_USE_BASEPRI
 585:Middlewares/ST/threadx/ports/cortex_m7/gnu/inc/tx_port.h ****     __set_basepri_value(TX_PORT_BASEPRI);
 586:Middlewares/ST/threadx/ports/cortex_m7/gnu/inc/tx_port.h **** #else
 587:Middlewares/ST/threadx/ports/cortex_m7/gnu/inc/tx_port.h ****     __asm__ volatile ("CPSID i" : : : "memory");
  74              		.loc 2 587 5 is_stmt 1 view .LVU12
  75              		.syntax unified
  76              	@ 587 "Middlewares/ST/threadx/ports/cortex_m7/gnu/inc/tx_port.h" 1
  77 0016 72B6     		CPSID i
  78              	@ 0 "" 2
 588:Middlewares/ST/threadx/ports/cortex_m7/gnu/inc/tx_port.h **** #endif
 589:Middlewares/ST/threadx/ports/cortex_m7/gnu/inc/tx_port.h ****     return(int_posture);
  79              		.loc 2 589 5 view .LVU13
  80              	.LVL2:
  81              		.loc 2 589 5 is_stmt 0 view .LVU14
  82              		.thumb
  83              		.syntax unified
  84              	.LBE11:
  85              	.LBE10:
  93:Middlewares/ST/threadx/common/src/tx_thread_info_get.c **** 
  94:Middlewares/ST/threadx/common/src/tx_thread_info_get.c ****     /* If trace is enabled, insert this event into the trace buffer.  */
  95:Middlewares/ST/threadx/common/src/tx_thread_info_get.c ****     TX_TRACE_IN_LINE_INSERT(TX_TRACE_THREAD_INFO_GET, thread_ptr, thread_ptr -> tx_thread_state, 0,
  96:Middlewares/ST/threadx/common/src/tx_thread_info_get.c **** 
  97:Middlewares/ST/threadx/common/src/tx_thread_info_get.c ****     /* Log this kernel call.  */
  98:Middlewares/ST/threadx/common/src/tx_thread_info_get.c ****     TX_EL_THREAD_INFO_GET_INSERT
  99:Middlewares/ST/threadx/common/src/tx_thread_info_get.c **** 
 100:Middlewares/ST/threadx/common/src/tx_thread_info_get.c ****     /* Retrieve all the pertinent information and return it in the supplied
 101:Middlewares/ST/threadx/common/src/tx_thread_info_get.c ****        destinations.  */
 102:Middlewares/ST/threadx/common/src/tx_thread_info_get.c **** 
 103:Middlewares/ST/threadx/common/src/tx_thread_info_get.c ****     /* Retrieve the name of the thread.  */
 104:Middlewares/ST/threadx/common/src/tx_thread_info_get.c ****     if (name != TX_NULL)
  86              		.loc 1 104 5 is_stmt 1 view .LVU15
  87              		.loc 1 104 8 is_stmt 0 view .LVU16
  88 0018 09B1     		cbz	r1, .L2
 105:Middlewares/ST/threadx/common/src/tx_thread_info_get.c ****     {
 106:Middlewares/ST/threadx/common/src/tx_thread_info_get.c **** 
 107:Middlewares/ST/threadx/common/src/tx_thread_info_get.c ****         *name =  thread_ptr -> tx_thread_name;
  89              		.loc 1 107 9 is_stmt 1 view .LVU17
  90              		.loc 1 107 15 is_stmt 0 view .LVU18
  91 001a 846A     		ldr	r4, [r0, #40]
  92 001c 0C60     		str	r4, [r1]
  93              	.L2:
 108:Middlewares/ST/threadx/common/src/tx_thread_info_get.c ****     }
 109:Middlewares/ST/threadx/common/src/tx_thread_info_get.c **** 
 110:Middlewares/ST/threadx/common/src/tx_thread_info_get.c ****     /* Pickup the thread's current state.  */
 111:Middlewares/ST/threadx/common/src/tx_thread_info_get.c ****     if (state != TX_NULL)
  94              		.loc 1 111 5 is_stmt 1 view .LVU19
ARM GAS  /tmp/ccO1HVbq.s 			page 15


  95              		.loc 1 111 8 is_stmt 0 view .LVU20
  96 001e 0AB1     		cbz	r2, .L3
 112:Middlewares/ST/threadx/common/src/tx_thread_info_get.c ****     {
 113:Middlewares/ST/threadx/common/src/tx_thread_info_get.c **** 
 114:Middlewares/ST/threadx/common/src/tx_thread_info_get.c ****         *state =  thread_ptr -> tx_thread_state;
  97              		.loc 1 114 9 is_stmt 1 view .LVU21
  98              		.loc 1 114 30 is_stmt 0 view .LVU22
  99 0020 016B     		ldr	r1, [r0, #48]
 100              	.LVL3:
 101              		.loc 1 114 16 view .LVU23
 102 0022 1160     		str	r1, [r2]
 103              	.L3:
 115:Middlewares/ST/threadx/common/src/tx_thread_info_get.c ****     }
 116:Middlewares/ST/threadx/common/src/tx_thread_info_get.c **** 
 117:Middlewares/ST/threadx/common/src/tx_thread_info_get.c ****     /* Pickup the number of times the thread has been scheduled.  */
 118:Middlewares/ST/threadx/common/src/tx_thread_info_get.c ****     if (run_count != TX_NULL)
 104              		.loc 1 118 5 is_stmt 1 view .LVU24
 105              		.loc 1 118 8 is_stmt 0 view .LVU25
 106 0024 0BB1     		cbz	r3, .L4
 119:Middlewares/ST/threadx/common/src/tx_thread_info_get.c ****     {
 120:Middlewares/ST/threadx/common/src/tx_thread_info_get.c **** 
 121:Middlewares/ST/threadx/common/src/tx_thread_info_get.c ****         *run_count =  thread_ptr -> tx_thread_run_count;
 107              		.loc 1 121 9 is_stmt 1 view .LVU26
 108              		.loc 1 121 34 is_stmt 0 view .LVU27
 109 0026 4268     		ldr	r2, [r0, #4]
 110              	.LVL4:
 111              		.loc 1 121 20 view .LVU28
 112 0028 1A60     		str	r2, [r3]
 113              	.L4:
 122:Middlewares/ST/threadx/common/src/tx_thread_info_get.c ****     }
 123:Middlewares/ST/threadx/common/src/tx_thread_info_get.c **** 
 124:Middlewares/ST/threadx/common/src/tx_thread_info_get.c ****     /* Pickup the thread's priority.  */
 125:Middlewares/ST/threadx/common/src/tx_thread_info_get.c ****     if (priority != TX_NULL)
 114              		.loc 1 125 5 is_stmt 1 view .LVU29
 115              		.loc 1 125 8 is_stmt 0 view .LVU30
 116 002a BCF1000F 		cmp	ip, #0
 117 002e 03D0     		beq	.L5
 126:Middlewares/ST/threadx/common/src/tx_thread_info_get.c ****     {
 127:Middlewares/ST/threadx/common/src/tx_thread_info_get.c **** 
 128:Middlewares/ST/threadx/common/src/tx_thread_info_get.c ****         *priority =  thread_ptr -> tx_thread_user_priority;
 118              		.loc 1 128 9 is_stmt 1 view .LVU31
 119              		.loc 1 128 33 is_stmt 0 view .LVU32
 120 0030 D0F89430 		ldr	r3, [r0, #148]
 121              	.LVL5:
 122              		.loc 1 128 19 view .LVU33
 123 0034 CCF80030 		str	r3, [ip]
 124              	.L5:
 129:Middlewares/ST/threadx/common/src/tx_thread_info_get.c ****     }
 130:Middlewares/ST/threadx/common/src/tx_thread_info_get.c **** 
 131:Middlewares/ST/threadx/common/src/tx_thread_info_get.c ****     /* Pickup the thread's preemption-threshold.  */
 132:Middlewares/ST/threadx/common/src/tx_thread_info_get.c ****     if (preemption_threshold != TX_NULL)
 125              		.loc 1 132 5 is_stmt 1 view .LVU34
 126              		.loc 1 132 8 is_stmt 0 view .LVU35
 127 0038 17B1     		cbz	r7, .L6
 133:Middlewares/ST/threadx/common/src/tx_thread_info_get.c ****     {
 134:Middlewares/ST/threadx/common/src/tx_thread_info_get.c **** 
 135:Middlewares/ST/threadx/common/src/tx_thread_info_get.c ****         *preemption_threshold =  thread_ptr -> tx_thread_user_preempt_threshold;
ARM GAS  /tmp/ccO1HVbq.s 			page 16


 128              		.loc 1 135 9 is_stmt 1 view .LVU36
 129              		.loc 1 135 45 is_stmt 0 view .LVU37
 130 003a D0F89830 		ldr	r3, [r0, #152]
 131              		.loc 1 135 31 view .LVU38
 132 003e 3B60     		str	r3, [r7]
 133              	.L6:
 136:Middlewares/ST/threadx/common/src/tx_thread_info_get.c ****     }
 137:Middlewares/ST/threadx/common/src/tx_thread_info_get.c **** 
 138:Middlewares/ST/threadx/common/src/tx_thread_info_get.c ****     /* Pickup the thread's current time-slice.  */
 139:Middlewares/ST/threadx/common/src/tx_thread_info_get.c ****     if (time_slice != TX_NULL)
 134              		.loc 1 139 5 is_stmt 1 view .LVU39
 135              		.loc 1 139 8 is_stmt 0 view .LVU40
 136 0040 0EB1     		cbz	r6, .L7
 140:Middlewares/ST/threadx/common/src/tx_thread_info_get.c ****     {
 141:Middlewares/ST/threadx/common/src/tx_thread_info_get.c **** 
 142:Middlewares/ST/threadx/common/src/tx_thread_info_get.c ****         *time_slice =  thread_ptr -> tx_thread_time_slice;
 137              		.loc 1 142 9 is_stmt 1 view .LVU41
 138              		.loc 1 142 35 is_stmt 0 view .LVU42
 139 0042 8369     		ldr	r3, [r0, #24]
 140              		.loc 1 142 21 view .LVU43
 141 0044 3360     		str	r3, [r6]
 142              	.L7:
 143:Middlewares/ST/threadx/common/src/tx_thread_info_get.c ****     }
 144:Middlewares/ST/threadx/common/src/tx_thread_info_get.c **** 
 145:Middlewares/ST/threadx/common/src/tx_thread_info_get.c ****     /* Pickup the next created thread.  */
 146:Middlewares/ST/threadx/common/src/tx_thread_info_get.c ****     if (next_thread != TX_NULL)
 143              		.loc 1 146 5 is_stmt 1 view .LVU44
 144              		.loc 1 146 8 is_stmt 0 view .LVU45
 145 0046 15B1     		cbz	r5, .L8
 147:Middlewares/ST/threadx/common/src/tx_thread_info_get.c ****     {
 148:Middlewares/ST/threadx/common/src/tx_thread_info_get.c **** 
 149:Middlewares/ST/threadx/common/src/tx_thread_info_get.c ****         *next_thread =  thread_ptr -> tx_thread_created_next;
 146              		.loc 1 149 9 is_stmt 1 view .LVU46
 147              		.loc 1 149 36 is_stmt 0 view .LVU47
 148 0048 D0F88830 		ldr	r3, [r0, #136]
 149              		.loc 1 149 22 view .LVU48
 150 004c 2B60     		str	r3, [r5]
 151              	.L8:
 150:Middlewares/ST/threadx/common/src/tx_thread_info_get.c ****     }
 151:Middlewares/ST/threadx/common/src/tx_thread_info_get.c **** 
 152:Middlewares/ST/threadx/common/src/tx_thread_info_get.c ****     /* Pickup the next thread suspended.  */
 153:Middlewares/ST/threadx/common/src/tx_thread_info_get.c ****     if (next_suspended_thread != TX_NULL)
 152              		.loc 1 153 5 is_stmt 1 view .LVU49
 153              		.loc 1 153 8 is_stmt 0 view .LVU50
 154 004e B8F1000F 		cmp	r8, #0
 155 0052 02D0     		beq	.L9
 154:Middlewares/ST/threadx/common/src/tx_thread_info_get.c ****     {
 155:Middlewares/ST/threadx/common/src/tx_thread_info_get.c **** 
 156:Middlewares/ST/threadx/common/src/tx_thread_info_get.c ****         *next_suspended_thread =  thread_ptr -> tx_thread_suspended_next;
 156              		.loc 1 156 9 is_stmt 1 view .LVU51
 157              		.loc 1 156 46 is_stmt 0 view .LVU52
 158 0054 036F     		ldr	r3, [r0, #112]
 159              		.loc 1 156 32 view .LVU53
 160 0056 C8F80030 		str	r3, [r8]
 161              	.L9:
 157:Middlewares/ST/threadx/common/src/tx_thread_info_get.c ****     }
 158:Middlewares/ST/threadx/common/src/tx_thread_info_get.c **** 
ARM GAS  /tmp/ccO1HVbq.s 			page 17


 159:Middlewares/ST/threadx/common/src/tx_thread_info_get.c ****     /* Restore interrupts.  */
 160:Middlewares/ST/threadx/common/src/tx_thread_info_get.c ****     TX_RESTORE
 162              		.loc 1 160 5 is_stmt 1 view .LVU54
 163              	.LVL6:
 164              	.LBB14:
 165              	.LBI14:
 568:Middlewares/ST/threadx/ports/cortex_m7/gnu/inc/tx_port.h **** {
 166              		.loc 2 568 55 view .LVU55
 167              	.LBB15:
 574:Middlewares/ST/threadx/ports/cortex_m7/gnu/inc/tx_port.h **** #endif
 168              		.loc 2 574 5 view .LVU56
 169              		.syntax unified
 170              	@ 574 "Middlewares/ST/threadx/ports/cortex_m7/gnu/inc/tx_port.h" 1
 171 005a 8EF31088 		MSR  PRIMASK,lr
 172              	@ 0 "" 2
 173              	.LVL7:
 574:Middlewares/ST/threadx/ports/cortex_m7/gnu/inc/tx_port.h **** #endif
 174              		.loc 2 574 5 is_stmt 0 view .LVU57
 175              		.thumb
 176              		.syntax unified
 177              	.LBE15:
 178              	.LBE14:
 161:Middlewares/ST/threadx/common/src/tx_thread_info_get.c **** 
 162:Middlewares/ST/threadx/common/src/tx_thread_info_get.c ****     /* Return completion status.  */
 163:Middlewares/ST/threadx/common/src/tx_thread_info_get.c ****     return(TX_SUCCESS);
 179              		.loc 1 163 5 is_stmt 1 view .LVU58
 164:Middlewares/ST/threadx/common/src/tx_thread_info_get.c **** }
 180              		.loc 1 164 1 is_stmt 0 view .LVU59
 181 005e 0020     		movs	r0, #0
 182              	.LVL8:
 183              		.loc 1 164 1 view .LVU60
 184 0060 BDE8F081 		pop	{r4, r5, r6, r7, r8, pc}
 185              		.loc 1 164 1 view .LVU61
 186              		.cfi_endproc
 187              	.LFE8:
 189              		.text
 190              	.Letext0:
 191              		.file 3 "Middlewares/ST/threadx/common/inc/tx_api.h"
ARM GAS  /tmp/ccO1HVbq.s 			page 18


DEFINED SYMBOLS
                            *ABS*:00000000 tx_thread_info_get.c
     /tmp/ccO1HVbq.s:20     .text._tx_thread_info_get:00000000 $t
     /tmp/ccO1HVbq.s:26     .text._tx_thread_info_get:00000000 _tx_thread_info_get

NO UNDEFINED SYMBOLS
