ARM GAS  /tmp/ccIGO40k.s 			page 1


   1              		.cpu cortex-m7
   2              		.arch armv7e-m
   3              		.fpu fpv5-d16
   4              		.eabi_attribute 28, 1
   5              		.eabi_attribute 20, 1
   6              		.eabi_attribute 21, 1
   7              		.eabi_attribute 23, 3
   8              		.eabi_attribute 24, 1
   9              		.eabi_attribute 25, 1
  10              		.eabi_attribute 26, 1
  11              		.eabi_attribute 30, 1
  12              		.eabi_attribute 34, 1
  13              		.eabi_attribute 18, 4
  14              		.file	"tx_trace_buffer_full_notify.c"
  15              		.text
  16              	.Ltext0:
  17              		.cfi_sections	.debug_frame
  18              		.file 1 "Middlewares/ST/threadx/common/src/tx_trace_buffer_full_notify.c"
  19              		.section	.text._tx_trace_buffer_full_notify,"ax",%progbits
  20              		.align	1
  21              		.global	_tx_trace_buffer_full_notify
  22              		.syntax unified
  23              		.thumb
  24              		.thumb_func
  26              	_tx_trace_buffer_full_notify:
  27              	.LVL0:
  28              	.LFB8:
   1:Middlewares/ST/threadx/common/src/tx_trace_buffer_full_notify.c **** /**************************************************************************/
   2:Middlewares/ST/threadx/common/src/tx_trace_buffer_full_notify.c **** /*                                                                        */
   3:Middlewares/ST/threadx/common/src/tx_trace_buffer_full_notify.c **** /*       Copyright (c) Microsoft Corporation. All rights reserved.        */
   4:Middlewares/ST/threadx/common/src/tx_trace_buffer_full_notify.c **** /*                                                                        */
   5:Middlewares/ST/threadx/common/src/tx_trace_buffer_full_notify.c **** /*       This software is licensed under the Microsoft Software License   */
   6:Middlewares/ST/threadx/common/src/tx_trace_buffer_full_notify.c **** /*       Terms for Microsoft Azure RTOS. Full text of the license can be  */
   7:Middlewares/ST/threadx/common/src/tx_trace_buffer_full_notify.c **** /*       found in the LICENSE file at https://aka.ms/AzureRTOS_EULA       */
   8:Middlewares/ST/threadx/common/src/tx_trace_buffer_full_notify.c **** /*       and in the root directory of this software.                      */
   9:Middlewares/ST/threadx/common/src/tx_trace_buffer_full_notify.c **** /*                                                                        */
  10:Middlewares/ST/threadx/common/src/tx_trace_buffer_full_notify.c **** /**************************************************************************/
  11:Middlewares/ST/threadx/common/src/tx_trace_buffer_full_notify.c **** 
  12:Middlewares/ST/threadx/common/src/tx_trace_buffer_full_notify.c **** 
  13:Middlewares/ST/threadx/common/src/tx_trace_buffer_full_notify.c **** /**************************************************************************/
  14:Middlewares/ST/threadx/common/src/tx_trace_buffer_full_notify.c **** /**************************************************************************/
  15:Middlewares/ST/threadx/common/src/tx_trace_buffer_full_notify.c **** /**                                                                       */
  16:Middlewares/ST/threadx/common/src/tx_trace_buffer_full_notify.c **** /** ThreadX Component                                                     */
  17:Middlewares/ST/threadx/common/src/tx_trace_buffer_full_notify.c **** /**                                                                       */
  18:Middlewares/ST/threadx/common/src/tx_trace_buffer_full_notify.c **** /**   Trace                                                               */
  19:Middlewares/ST/threadx/common/src/tx_trace_buffer_full_notify.c **** /**                                                                       */
  20:Middlewares/ST/threadx/common/src/tx_trace_buffer_full_notify.c **** /**************************************************************************/
  21:Middlewares/ST/threadx/common/src/tx_trace_buffer_full_notify.c **** /**************************************************************************/
  22:Middlewares/ST/threadx/common/src/tx_trace_buffer_full_notify.c **** 
  23:Middlewares/ST/threadx/common/src/tx_trace_buffer_full_notify.c **** #ifndef TX_SOURCE_CODE
  24:Middlewares/ST/threadx/common/src/tx_trace_buffer_full_notify.c **** #define TX_SOURCE_CODE
  25:Middlewares/ST/threadx/common/src/tx_trace_buffer_full_notify.c **** #endif
  26:Middlewares/ST/threadx/common/src/tx_trace_buffer_full_notify.c **** 
  27:Middlewares/ST/threadx/common/src/tx_trace_buffer_full_notify.c **** 
  28:Middlewares/ST/threadx/common/src/tx_trace_buffer_full_notify.c **** /* Include necessary system files.  */
  29:Middlewares/ST/threadx/common/src/tx_trace_buffer_full_notify.c **** 
  30:Middlewares/ST/threadx/common/src/tx_trace_buffer_full_notify.c **** #include "tx_api.h"
ARM GAS  /tmp/ccIGO40k.s 			page 2


  31:Middlewares/ST/threadx/common/src/tx_trace_buffer_full_notify.c **** #include "tx_trace.h"
  32:Middlewares/ST/threadx/common/src/tx_trace_buffer_full_notify.c **** 
  33:Middlewares/ST/threadx/common/src/tx_trace_buffer_full_notify.c **** 
  34:Middlewares/ST/threadx/common/src/tx_trace_buffer_full_notify.c **** /**************************************************************************/
  35:Middlewares/ST/threadx/common/src/tx_trace_buffer_full_notify.c **** /*                                                                        */
  36:Middlewares/ST/threadx/common/src/tx_trace_buffer_full_notify.c **** /*  FUNCTION                                               RELEASE        */
  37:Middlewares/ST/threadx/common/src/tx_trace_buffer_full_notify.c **** /*                                                                        */
  38:Middlewares/ST/threadx/common/src/tx_trace_buffer_full_notify.c **** /*    _tx_trace_buffer_full_notify                        PORTABLE C      */
  39:Middlewares/ST/threadx/common/src/tx_trace_buffer_full_notify.c **** /*                                                           6.1          */
  40:Middlewares/ST/threadx/common/src/tx_trace_buffer_full_notify.c **** /*  AUTHOR                                                                */
  41:Middlewares/ST/threadx/common/src/tx_trace_buffer_full_notify.c **** /*                                                                        */
  42:Middlewares/ST/threadx/common/src/tx_trace_buffer_full_notify.c **** /*    William E. Lamie, Microsoft Corporation                             */
  43:Middlewares/ST/threadx/common/src/tx_trace_buffer_full_notify.c **** /*                                                                        */
  44:Middlewares/ST/threadx/common/src/tx_trace_buffer_full_notify.c **** /*  DESCRIPTION                                                           */
  45:Middlewares/ST/threadx/common/src/tx_trace_buffer_full_notify.c **** /*                                                                        */
  46:Middlewares/ST/threadx/common/src/tx_trace_buffer_full_notify.c **** /*    This function sets up the application callback function that is     */
  47:Middlewares/ST/threadx/common/src/tx_trace_buffer_full_notify.c **** /*    called whenever the trace buffer becomes full. The application      */
  48:Middlewares/ST/threadx/common/src/tx_trace_buffer_full_notify.c **** /*    can then swap to a new trace buffer in order not to lose any        */
  49:Middlewares/ST/threadx/common/src/tx_trace_buffer_full_notify.c **** /*    events.                                                             */
  50:Middlewares/ST/threadx/common/src/tx_trace_buffer_full_notify.c **** /*                                                                        */
  51:Middlewares/ST/threadx/common/src/tx_trace_buffer_full_notify.c **** /*  INPUT                                                                 */
  52:Middlewares/ST/threadx/common/src/tx_trace_buffer_full_notify.c **** /*                                                                        */
  53:Middlewares/ST/threadx/common/src/tx_trace_buffer_full_notify.c **** /*    full_buffer_callback                  Full trace buffer processing  */
  54:Middlewares/ST/threadx/common/src/tx_trace_buffer_full_notify.c **** /*                                            function                    */
  55:Middlewares/ST/threadx/common/src/tx_trace_buffer_full_notify.c **** /*                                                                        */
  56:Middlewares/ST/threadx/common/src/tx_trace_buffer_full_notify.c **** /*  OUTPUT                                                                */
  57:Middlewares/ST/threadx/common/src/tx_trace_buffer_full_notify.c **** /*                                                                        */
  58:Middlewares/ST/threadx/common/src/tx_trace_buffer_full_notify.c **** /*    Completion Status                                                   */
  59:Middlewares/ST/threadx/common/src/tx_trace_buffer_full_notify.c **** /*                                                                        */
  60:Middlewares/ST/threadx/common/src/tx_trace_buffer_full_notify.c **** /*  CALLS                                                                 */
  61:Middlewares/ST/threadx/common/src/tx_trace_buffer_full_notify.c **** /*                                                                        */
  62:Middlewares/ST/threadx/common/src/tx_trace_buffer_full_notify.c **** /*    None                                                                */
  63:Middlewares/ST/threadx/common/src/tx_trace_buffer_full_notify.c **** /*                                                                        */
  64:Middlewares/ST/threadx/common/src/tx_trace_buffer_full_notify.c **** /*  CALLED BY                                                             */
  65:Middlewares/ST/threadx/common/src/tx_trace_buffer_full_notify.c **** /*                                                                        */
  66:Middlewares/ST/threadx/common/src/tx_trace_buffer_full_notify.c **** /*    Application Code                                                    */
  67:Middlewares/ST/threadx/common/src/tx_trace_buffer_full_notify.c **** /*                                                                        */
  68:Middlewares/ST/threadx/common/src/tx_trace_buffer_full_notify.c **** /*  RELEASE HISTORY                                                       */
  69:Middlewares/ST/threadx/common/src/tx_trace_buffer_full_notify.c **** /*                                                                        */
  70:Middlewares/ST/threadx/common/src/tx_trace_buffer_full_notify.c **** /*    DATE              NAME                      DESCRIPTION             */
  71:Middlewares/ST/threadx/common/src/tx_trace_buffer_full_notify.c **** /*                                                                        */
  72:Middlewares/ST/threadx/common/src/tx_trace_buffer_full_notify.c **** /*  05-19-2020     William E. Lamie         Initial Version 6.0           */
  73:Middlewares/ST/threadx/common/src/tx_trace_buffer_full_notify.c **** /*  09-30-2020     Yuxin Zhou               Modified comment(s),          */
  74:Middlewares/ST/threadx/common/src/tx_trace_buffer_full_notify.c **** /*                                            resulting in version 6.1    */
  75:Middlewares/ST/threadx/common/src/tx_trace_buffer_full_notify.c **** /*                                                                        */
  76:Middlewares/ST/threadx/common/src/tx_trace_buffer_full_notify.c **** /**************************************************************************/
  77:Middlewares/ST/threadx/common/src/tx_trace_buffer_full_notify.c **** UINT  _tx_trace_buffer_full_notify(VOID (*full_buffer_callback)(VOID *buffer))
  78:Middlewares/ST/threadx/common/src/tx_trace_buffer_full_notify.c **** {
  29              		.loc 1 78 1 view -0
  30              		.cfi_startproc
  31              		@ args = 0, pretend = 0, frame = 0
  32              		@ frame_needed = 0, uses_anonymous_args = 0
  33              		@ link register save eliminated.
  79:Middlewares/ST/threadx/common/src/tx_trace_buffer_full_notify.c **** 
  80:Middlewares/ST/threadx/common/src/tx_trace_buffer_full_notify.c **** #ifdef TX_ENABLE_EVENT_TRACE
  81:Middlewares/ST/threadx/common/src/tx_trace_buffer_full_notify.c **** 
  82:Middlewares/ST/threadx/common/src/tx_trace_buffer_full_notify.c ****     /* Setup the callback function pointer.  */
ARM GAS  /tmp/ccIGO40k.s 			page 3


  83:Middlewares/ST/threadx/common/src/tx_trace_buffer_full_notify.c ****     _tx_trace_full_notify_function =  full_buffer_callback;
  84:Middlewares/ST/threadx/common/src/tx_trace_buffer_full_notify.c **** 
  85:Middlewares/ST/threadx/common/src/tx_trace_buffer_full_notify.c ****     /* Return success.  */
  86:Middlewares/ST/threadx/common/src/tx_trace_buffer_full_notify.c ****     return(TX_SUCCESS);
  87:Middlewares/ST/threadx/common/src/tx_trace_buffer_full_notify.c **** 
  88:Middlewares/ST/threadx/common/src/tx_trace_buffer_full_notify.c **** #else
  89:Middlewares/ST/threadx/common/src/tx_trace_buffer_full_notify.c **** 
  90:Middlewares/ST/threadx/common/src/tx_trace_buffer_full_notify.c **** UINT    status;
  34              		.loc 1 90 1 view .LVU1
  91:Middlewares/ST/threadx/common/src/tx_trace_buffer_full_notify.c **** 
  92:Middlewares/ST/threadx/common/src/tx_trace_buffer_full_notify.c **** 
  93:Middlewares/ST/threadx/common/src/tx_trace_buffer_full_notify.c ****     /* Access input arguments just for the sake of lint, MISRA, etc.  */
  94:Middlewares/ST/threadx/common/src/tx_trace_buffer_full_notify.c ****     if (full_buffer_callback != TX_NULL)
  35              		.loc 1 94 5 view .LVU2
  95:Middlewares/ST/threadx/common/src/tx_trace_buffer_full_notify.c ****     {
  96:Middlewares/ST/threadx/common/src/tx_trace_buffer_full_notify.c **** 
  97:Middlewares/ST/threadx/common/src/tx_trace_buffer_full_notify.c ****         /* Trace not enabled, return an error.  */
  98:Middlewares/ST/threadx/common/src/tx_trace_buffer_full_notify.c ****         status =  TX_FEATURE_NOT_ENABLED;
  99:Middlewares/ST/threadx/common/src/tx_trace_buffer_full_notify.c ****     }
 100:Middlewares/ST/threadx/common/src/tx_trace_buffer_full_notify.c ****     else
 101:Middlewares/ST/threadx/common/src/tx_trace_buffer_full_notify.c ****     {
 102:Middlewares/ST/threadx/common/src/tx_trace_buffer_full_notify.c **** 
 103:Middlewares/ST/threadx/common/src/tx_trace_buffer_full_notify.c ****         /* Trace not enabled, return an error.  */
 104:Middlewares/ST/threadx/common/src/tx_trace_buffer_full_notify.c ****         status =  TX_FEATURE_NOT_ENABLED;
  36              		.loc 1 104 9 view .LVU3
 105:Middlewares/ST/threadx/common/src/tx_trace_buffer_full_notify.c ****     }
 106:Middlewares/ST/threadx/common/src/tx_trace_buffer_full_notify.c **** 
 107:Middlewares/ST/threadx/common/src/tx_trace_buffer_full_notify.c ****     /* Return completion status.  */
 108:Middlewares/ST/threadx/common/src/tx_trace_buffer_full_notify.c ****     return(status);
  37              		.loc 1 108 5 view .LVU4
 109:Middlewares/ST/threadx/common/src/tx_trace_buffer_full_notify.c **** #endif
 110:Middlewares/ST/threadx/common/src/tx_trace_buffer_full_notify.c **** }
  38              		.loc 1 110 1 is_stmt 0 view .LVU5
  39 0000 FF20     		movs	r0, #255
  40              	.LVL1:
  41              		.loc 1 110 1 view .LVU6
  42 0002 7047     		bx	lr
  43              		.cfi_endproc
  44              	.LFE8:
  46              		.text
  47              	.Letext0:
  48              		.file 2 "Middlewares/ST/threadx/ports/cortex_m7/gnu/inc/tx_port.h"
ARM GAS  /tmp/ccIGO40k.s 			page 4


DEFINED SYMBOLS
                            *ABS*:00000000 tx_trace_buffer_full_notify.c
     /tmp/ccIGO40k.s:20     .text._tx_trace_buffer_full_notify:00000000 $t
     /tmp/ccIGO40k.s:26     .text._tx_trace_buffer_full_notify:00000000 _tx_trace_buffer_full_notify

NO UNDEFINED SYMBOLS
