ARM GAS  /tmp/ccQEbYl1.s 			page 1


   1              		.cpu cortex-m7
   2              		.arch armv7e-m
   3              		.fpu fpv5-d16
   4              		.eabi_attribute 28, 1
   5              		.eabi_attribute 20, 1
   6              		.eabi_attribute 21, 1
   7              		.eabi_attribute 23, 3
   8              		.eabi_attribute 24, 1
   9              		.eabi_attribute 25, 1
  10              		.eabi_attribute 26, 1
  11              		.eabi_attribute 30, 1
  12              		.eabi_attribute 34, 1
  13              		.eabi_attribute 18, 4
  14              		.file	"tx_trace_initialize.c"
  15              		.text
  16              	.Ltext0:
  17              		.cfi_sections	.debug_frame
  18              		.file 1 "Middlewares/ST/threadx/common/src/tx_trace_initialize.c"
  19              		.section	.text._tx_trace_initialize,"ax",%progbits
  20              		.align	1
  21              		.global	_tx_trace_initialize
  22              		.syntax unified
  23              		.thumb
  24              		.thumb_func
  26              	_tx_trace_initialize:
  27              	.LFB8:
   1:Middlewares/ST/threadx/common/src/tx_trace_initialize.c **** /**************************************************************************/
   2:Middlewares/ST/threadx/common/src/tx_trace_initialize.c **** /*                                                                        */
   3:Middlewares/ST/threadx/common/src/tx_trace_initialize.c **** /*       Copyright (c) Microsoft Corporation. All rights reserved.        */
   4:Middlewares/ST/threadx/common/src/tx_trace_initialize.c **** /*                                                                        */
   5:Middlewares/ST/threadx/common/src/tx_trace_initialize.c **** /*       This software is licensed under the Microsoft Software License   */
   6:Middlewares/ST/threadx/common/src/tx_trace_initialize.c **** /*       Terms for Microsoft Azure RTOS. Full text of the license can be  */
   7:Middlewares/ST/threadx/common/src/tx_trace_initialize.c **** /*       found in the LICENSE file at https://aka.ms/AzureRTOS_EULA       */
   8:Middlewares/ST/threadx/common/src/tx_trace_initialize.c **** /*       and in the root directory of this software.                      */
   9:Middlewares/ST/threadx/common/src/tx_trace_initialize.c **** /*                                                                        */
  10:Middlewares/ST/threadx/common/src/tx_trace_initialize.c **** /**************************************************************************/
  11:Middlewares/ST/threadx/common/src/tx_trace_initialize.c **** 
  12:Middlewares/ST/threadx/common/src/tx_trace_initialize.c **** 
  13:Middlewares/ST/threadx/common/src/tx_trace_initialize.c **** /**************************************************************************/
  14:Middlewares/ST/threadx/common/src/tx_trace_initialize.c **** /**************************************************************************/
  15:Middlewares/ST/threadx/common/src/tx_trace_initialize.c **** /**                                                                       */
  16:Middlewares/ST/threadx/common/src/tx_trace_initialize.c **** /** ThreadX Component                                                     */
  17:Middlewares/ST/threadx/common/src/tx_trace_initialize.c **** /**                                                                       */
  18:Middlewares/ST/threadx/common/src/tx_trace_initialize.c **** /**   Trace                                                               */
  19:Middlewares/ST/threadx/common/src/tx_trace_initialize.c **** /**                                                                       */
  20:Middlewares/ST/threadx/common/src/tx_trace_initialize.c **** /**************************************************************************/
  21:Middlewares/ST/threadx/common/src/tx_trace_initialize.c **** /**************************************************************************/
  22:Middlewares/ST/threadx/common/src/tx_trace_initialize.c **** 
  23:Middlewares/ST/threadx/common/src/tx_trace_initialize.c **** #define TX_SOURCE_CODE
  24:Middlewares/ST/threadx/common/src/tx_trace_initialize.c **** 
  25:Middlewares/ST/threadx/common/src/tx_trace_initialize.c **** 
  26:Middlewares/ST/threadx/common/src/tx_trace_initialize.c **** /* Include necessary system files.  */
  27:Middlewares/ST/threadx/common/src/tx_trace_initialize.c **** 
  28:Middlewares/ST/threadx/common/src/tx_trace_initialize.c **** #include "tx_api.h"
  29:Middlewares/ST/threadx/common/src/tx_trace_initialize.c **** #include "tx_trace.h"
  30:Middlewares/ST/threadx/common/src/tx_trace_initialize.c **** #ifdef TX_ENABLE_EVENT_TRACE
  31:Middlewares/ST/threadx/common/src/tx_trace_initialize.c **** 
ARM GAS  /tmp/ccQEbYl1.s 			page 2


  32:Middlewares/ST/threadx/common/src/tx_trace_initialize.c **** 
  33:Middlewares/ST/threadx/common/src/tx_trace_initialize.c **** /* Define the pointer to the start of the trace buffer control structure.   */
  34:Middlewares/ST/threadx/common/src/tx_trace_initialize.c **** 
  35:Middlewares/ST/threadx/common/src/tx_trace_initialize.c **** TX_TRACE_HEADER                   *_tx_trace_header_ptr;
  36:Middlewares/ST/threadx/common/src/tx_trace_initialize.c **** 
  37:Middlewares/ST/threadx/common/src/tx_trace_initialize.c **** 
  38:Middlewares/ST/threadx/common/src/tx_trace_initialize.c **** /* Define the pointer to the start of the trace object registry area in the trace buffer.  */
  39:Middlewares/ST/threadx/common/src/tx_trace_initialize.c **** 
  40:Middlewares/ST/threadx/common/src/tx_trace_initialize.c **** TX_TRACE_OBJECT_ENTRY             *_tx_trace_registry_start_ptr;
  41:Middlewares/ST/threadx/common/src/tx_trace_initialize.c **** 
  42:Middlewares/ST/threadx/common/src/tx_trace_initialize.c **** 
  43:Middlewares/ST/threadx/common/src/tx_trace_initialize.c **** /* Define the pointer to the end of the trace object registry area in the trace buffer.  */
  44:Middlewares/ST/threadx/common/src/tx_trace_initialize.c **** 
  45:Middlewares/ST/threadx/common/src/tx_trace_initialize.c **** TX_TRACE_OBJECT_ENTRY             *_tx_trace_registry_end_ptr;
  46:Middlewares/ST/threadx/common/src/tx_trace_initialize.c **** 
  47:Middlewares/ST/threadx/common/src/tx_trace_initialize.c **** 
  48:Middlewares/ST/threadx/common/src/tx_trace_initialize.c **** /* Define the pointer to the starting entry of the actual trace event area of the trace buffer.  */
  49:Middlewares/ST/threadx/common/src/tx_trace_initialize.c **** 
  50:Middlewares/ST/threadx/common/src/tx_trace_initialize.c **** TX_TRACE_BUFFER_ENTRY             *_tx_trace_buffer_start_ptr;
  51:Middlewares/ST/threadx/common/src/tx_trace_initialize.c **** 
  52:Middlewares/ST/threadx/common/src/tx_trace_initialize.c **** 
  53:Middlewares/ST/threadx/common/src/tx_trace_initialize.c **** /* Define the pointer to the ending entry of the actual trace event area of the trace buffer.  */
  54:Middlewares/ST/threadx/common/src/tx_trace_initialize.c **** 
  55:Middlewares/ST/threadx/common/src/tx_trace_initialize.c **** TX_TRACE_BUFFER_ENTRY             *_tx_trace_buffer_end_ptr;
  56:Middlewares/ST/threadx/common/src/tx_trace_initialize.c **** 
  57:Middlewares/ST/threadx/common/src/tx_trace_initialize.c **** 
  58:Middlewares/ST/threadx/common/src/tx_trace_initialize.c **** /* Define the pointer to the current entry of the actual trace event area of the trace buffer.  */
  59:Middlewares/ST/threadx/common/src/tx_trace_initialize.c **** 
  60:Middlewares/ST/threadx/common/src/tx_trace_initialize.c **** TX_TRACE_BUFFER_ENTRY             *_tx_trace_buffer_current_ptr;
  61:Middlewares/ST/threadx/common/src/tx_trace_initialize.c **** 
  62:Middlewares/ST/threadx/common/src/tx_trace_initialize.c **** 
  63:Middlewares/ST/threadx/common/src/tx_trace_initialize.c **** /* Define the trace event enable bits, where each bit represents a type of event that can be enable
  64:Middlewares/ST/threadx/common/src/tx_trace_initialize.c ****    or disabled dynamically by the application.  */
  65:Middlewares/ST/threadx/common/src/tx_trace_initialize.c **** 
  66:Middlewares/ST/threadx/common/src/tx_trace_initialize.c **** ULONG                            _tx_trace_event_enable_bits;
  67:Middlewares/ST/threadx/common/src/tx_trace_initialize.c **** 
  68:Middlewares/ST/threadx/common/src/tx_trace_initialize.c **** 
  69:Middlewares/ST/threadx/common/src/tx_trace_initialize.c **** /* Define a counter that is used in environments that don't have a timer source. This counter
  70:Middlewares/ST/threadx/common/src/tx_trace_initialize.c ****    is incremented on each use giving each event a unique timestamp.  */
  71:Middlewares/ST/threadx/common/src/tx_trace_initialize.c **** 
  72:Middlewares/ST/threadx/common/src/tx_trace_initialize.c **** ULONG                             _tx_trace_simulated_time;
  73:Middlewares/ST/threadx/common/src/tx_trace_initialize.c **** 
  74:Middlewares/ST/threadx/common/src/tx_trace_initialize.c **** 
  75:Middlewares/ST/threadx/common/src/tx_trace_initialize.c **** /* Define the function pointer used to call the application when the trace buffer wraps. If NULL,
  76:Middlewares/ST/threadx/common/src/tx_trace_initialize.c ****    the application has not registered a callback function.  */
  77:Middlewares/ST/threadx/common/src/tx_trace_initialize.c **** 
  78:Middlewares/ST/threadx/common/src/tx_trace_initialize.c **** VOID                             (*_tx_trace_full_notify_function)(VOID *buffer);
  79:Middlewares/ST/threadx/common/src/tx_trace_initialize.c **** 
  80:Middlewares/ST/threadx/common/src/tx_trace_initialize.c **** 
  81:Middlewares/ST/threadx/common/src/tx_trace_initialize.c **** /* Define the total number of registry entries.  */
  82:Middlewares/ST/threadx/common/src/tx_trace_initialize.c **** 
  83:Middlewares/ST/threadx/common/src/tx_trace_initialize.c **** ULONG                             _tx_trace_total_registry_entries;
  84:Middlewares/ST/threadx/common/src/tx_trace_initialize.c **** 
  85:Middlewares/ST/threadx/common/src/tx_trace_initialize.c **** 
  86:Middlewares/ST/threadx/common/src/tx_trace_initialize.c **** /* Define a counter that is used to track the number of available registry entries.  */
  87:Middlewares/ST/threadx/common/src/tx_trace_initialize.c **** 
  88:Middlewares/ST/threadx/common/src/tx_trace_initialize.c **** ULONG                             _tx_trace_available_registry_entries;
ARM GAS  /tmp/ccQEbYl1.s 			page 3


  89:Middlewares/ST/threadx/common/src/tx_trace_initialize.c **** 
  90:Middlewares/ST/threadx/common/src/tx_trace_initialize.c **** 
  91:Middlewares/ST/threadx/common/src/tx_trace_initialize.c **** /* Define an index that represents the start of the registry search.  */
  92:Middlewares/ST/threadx/common/src/tx_trace_initialize.c **** 
  93:Middlewares/ST/threadx/common/src/tx_trace_initialize.c **** ULONG                             _tx_trace_registry_search_start;
  94:Middlewares/ST/threadx/common/src/tx_trace_initialize.c **** 
  95:Middlewares/ST/threadx/common/src/tx_trace_initialize.c **** #endif
  96:Middlewares/ST/threadx/common/src/tx_trace_initialize.c **** 
  97:Middlewares/ST/threadx/common/src/tx_trace_initialize.c **** 
  98:Middlewares/ST/threadx/common/src/tx_trace_initialize.c **** /**************************************************************************/
  99:Middlewares/ST/threadx/common/src/tx_trace_initialize.c **** /*                                                                        */
 100:Middlewares/ST/threadx/common/src/tx_trace_initialize.c **** /*  FUNCTION                                               RELEASE        */
 101:Middlewares/ST/threadx/common/src/tx_trace_initialize.c **** /*                                                                        */
 102:Middlewares/ST/threadx/common/src/tx_trace_initialize.c **** /*    _tx_trace_initialize                                PORTABLE C      */
 103:Middlewares/ST/threadx/common/src/tx_trace_initialize.c **** /*                                                           6.1          */
 104:Middlewares/ST/threadx/common/src/tx_trace_initialize.c **** /*  AUTHOR                                                                */
 105:Middlewares/ST/threadx/common/src/tx_trace_initialize.c **** /*                                                                        */
 106:Middlewares/ST/threadx/common/src/tx_trace_initialize.c **** /*    William E. Lamie, Microsoft Corporation                             */
 107:Middlewares/ST/threadx/common/src/tx_trace_initialize.c **** /*                                                                        */
 108:Middlewares/ST/threadx/common/src/tx_trace_initialize.c **** /*  DESCRIPTION                                                           */
 109:Middlewares/ST/threadx/common/src/tx_trace_initialize.c **** /*                                                                        */
 110:Middlewares/ST/threadx/common/src/tx_trace_initialize.c **** /*    This function initializes the various control data structures for   */
 111:Middlewares/ST/threadx/common/src/tx_trace_initialize.c **** /*    the trace component.                                                */
 112:Middlewares/ST/threadx/common/src/tx_trace_initialize.c **** /*                                                                        */
 113:Middlewares/ST/threadx/common/src/tx_trace_initialize.c **** /*  INPUT                                                                 */
 114:Middlewares/ST/threadx/common/src/tx_trace_initialize.c **** /*                                                                        */
 115:Middlewares/ST/threadx/common/src/tx_trace_initialize.c **** /*    None                                                                */
 116:Middlewares/ST/threadx/common/src/tx_trace_initialize.c **** /*                                                                        */
 117:Middlewares/ST/threadx/common/src/tx_trace_initialize.c **** /*  OUTPUT                                                                */
 118:Middlewares/ST/threadx/common/src/tx_trace_initialize.c **** /*                                                                        */
 119:Middlewares/ST/threadx/common/src/tx_trace_initialize.c **** /*    None                                                                */
 120:Middlewares/ST/threadx/common/src/tx_trace_initialize.c **** /*                                                                        */
 121:Middlewares/ST/threadx/common/src/tx_trace_initialize.c **** /*  CALLS                                                                 */
 122:Middlewares/ST/threadx/common/src/tx_trace_initialize.c **** /*                                                                        */
 123:Middlewares/ST/threadx/common/src/tx_trace_initialize.c **** /*    None                                                                */
 124:Middlewares/ST/threadx/common/src/tx_trace_initialize.c **** /*                                                                        */
 125:Middlewares/ST/threadx/common/src/tx_trace_initialize.c **** /*  CALLED BY                                                             */
 126:Middlewares/ST/threadx/common/src/tx_trace_initialize.c **** /*                                                                        */
 127:Middlewares/ST/threadx/common/src/tx_trace_initialize.c **** /*    _tx_initialize_high_level         High level initialization         */
 128:Middlewares/ST/threadx/common/src/tx_trace_initialize.c **** /*                                                                        */
 129:Middlewares/ST/threadx/common/src/tx_trace_initialize.c **** /*  RELEASE HISTORY                                                       */
 130:Middlewares/ST/threadx/common/src/tx_trace_initialize.c **** /*                                                                        */
 131:Middlewares/ST/threadx/common/src/tx_trace_initialize.c **** /*    DATE              NAME                      DESCRIPTION             */
 132:Middlewares/ST/threadx/common/src/tx_trace_initialize.c **** /*                                                                        */
 133:Middlewares/ST/threadx/common/src/tx_trace_initialize.c **** /*  05-19-2020     William E. Lamie         Initial Version 6.0           */
 134:Middlewares/ST/threadx/common/src/tx_trace_initialize.c **** /*  09-30-2020     Yuxin Zhou               Modified comment(s),          */
 135:Middlewares/ST/threadx/common/src/tx_trace_initialize.c **** /*                                            resulting in version 6.1    */
 136:Middlewares/ST/threadx/common/src/tx_trace_initialize.c **** /*                                                                        */
 137:Middlewares/ST/threadx/common/src/tx_trace_initialize.c **** /**************************************************************************/
 138:Middlewares/ST/threadx/common/src/tx_trace_initialize.c **** VOID  _tx_trace_initialize(VOID)
 139:Middlewares/ST/threadx/common/src/tx_trace_initialize.c **** {
  28              		.loc 1 139 1 view -0
  29              		.cfi_startproc
  30              		@ args = 0, pretend = 0, frame = 0
  31              		@ frame_needed = 0, uses_anonymous_args = 0
  32              		@ link register save eliminated.
 140:Middlewares/ST/threadx/common/src/tx_trace_initialize.c **** 
ARM GAS  /tmp/ccQEbYl1.s 			page 4


 141:Middlewares/ST/threadx/common/src/tx_trace_initialize.c **** #ifdef TX_ENABLE_EVENT_TRACE
 142:Middlewares/ST/threadx/common/src/tx_trace_initialize.c **** #ifndef TX_DISABLE_REDUNDANT_CLEARING
 143:Middlewares/ST/threadx/common/src/tx_trace_initialize.c **** 
 144:Middlewares/ST/threadx/common/src/tx_trace_initialize.c ****     /* Initialize all the pointers to the trace buffer to NULL.  */
 145:Middlewares/ST/threadx/common/src/tx_trace_initialize.c ****     _tx_trace_header_ptr =          TX_NULL;
 146:Middlewares/ST/threadx/common/src/tx_trace_initialize.c ****     _tx_trace_registry_start_ptr =  TX_NULL;
 147:Middlewares/ST/threadx/common/src/tx_trace_initialize.c ****     _tx_trace_registry_end_ptr =    TX_NULL;
 148:Middlewares/ST/threadx/common/src/tx_trace_initialize.c ****     _tx_trace_buffer_start_ptr =    TX_NULL;
 149:Middlewares/ST/threadx/common/src/tx_trace_initialize.c ****     _tx_trace_buffer_end_ptr =      TX_NULL;
 150:Middlewares/ST/threadx/common/src/tx_trace_initialize.c ****     _tx_trace_buffer_current_ptr =  TX_NULL;
 151:Middlewares/ST/threadx/common/src/tx_trace_initialize.c **** #endif
 152:Middlewares/ST/threadx/common/src/tx_trace_initialize.c **** #endif
 153:Middlewares/ST/threadx/common/src/tx_trace_initialize.c **** }
  33              		.loc 1 153 1 view .LVU1
  34 0000 7047     		bx	lr
  35              		.cfi_endproc
  36              	.LFE8:
  38              		.text
  39              	.Letext0:
ARM GAS  /tmp/ccQEbYl1.s 			page 5


DEFINED SYMBOLS
                            *ABS*:00000000 tx_trace_initialize.c
     /tmp/ccQEbYl1.s:20     .text._tx_trace_initialize:00000000 $t
     /tmp/ccQEbYl1.s:26     .text._tx_trace_initialize:00000000 _tx_trace_initialize

NO UNDEFINED SYMBOLS
