ARM GAS  /tmp/ccIQVha3.s 			page 1


   1              		.cpu cortex-m7
   2              		.arch armv7e-m
   3              		.fpu fpv5-d16
   4              		.eabi_attribute 28, 1
   5              		.eabi_attribute 20, 1
   6              		.eabi_attribute 21, 1
   7              		.eabi_attribute 23, 3
   8              		.eabi_attribute 24, 1
   9              		.eabi_attribute 25, 1
  10              		.eabi_attribute 26, 1
  11              		.eabi_attribute 30, 1
  12              		.eabi_attribute 34, 1
  13              		.eabi_attribute 18, 4
  14              		.file	"tx_trace_user_event_insert.c"
  15              		.text
  16              	.Ltext0:
  17              		.cfi_sections	.debug_frame
  18              		.file 1 "Middlewares/ST/threadx/common/src/tx_trace_user_event_insert.c"
  19              		.section	.text._tx_trace_user_event_insert,"ax",%progbits
  20              		.align	1
  21              		.global	_tx_trace_user_event_insert
  22              		.syntax unified
  23              		.thumb
  24              		.thumb_func
  26              	_tx_trace_user_event_insert:
  27              	.LVL0:
  28              	.LFB8:
   1:Middlewares/ST/threadx/common/src/tx_trace_user_event_insert.c **** /**************************************************************************/
   2:Middlewares/ST/threadx/common/src/tx_trace_user_event_insert.c **** /*                                                                        */
   3:Middlewares/ST/threadx/common/src/tx_trace_user_event_insert.c **** /*       Copyright (c) Microsoft Corporation. All rights reserved.        */
   4:Middlewares/ST/threadx/common/src/tx_trace_user_event_insert.c **** /*                                                                        */
   5:Middlewares/ST/threadx/common/src/tx_trace_user_event_insert.c **** /*       This software is licensed under the Microsoft Software License   */
   6:Middlewares/ST/threadx/common/src/tx_trace_user_event_insert.c **** /*       Terms for Microsoft Azure RTOS. Full text of the license can be  */
   7:Middlewares/ST/threadx/common/src/tx_trace_user_event_insert.c **** /*       found in the LICENSE file at https://aka.ms/AzureRTOS_EULA       */
   8:Middlewares/ST/threadx/common/src/tx_trace_user_event_insert.c **** /*       and in the root directory of this software.                      */
   9:Middlewares/ST/threadx/common/src/tx_trace_user_event_insert.c **** /*                                                                        */
  10:Middlewares/ST/threadx/common/src/tx_trace_user_event_insert.c **** /**************************************************************************/
  11:Middlewares/ST/threadx/common/src/tx_trace_user_event_insert.c **** 
  12:Middlewares/ST/threadx/common/src/tx_trace_user_event_insert.c **** 
  13:Middlewares/ST/threadx/common/src/tx_trace_user_event_insert.c **** /**************************************************************************/
  14:Middlewares/ST/threadx/common/src/tx_trace_user_event_insert.c **** /**************************************************************************/
  15:Middlewares/ST/threadx/common/src/tx_trace_user_event_insert.c **** /**                                                                       */
  16:Middlewares/ST/threadx/common/src/tx_trace_user_event_insert.c **** /** ThreadX Component                                                     */
  17:Middlewares/ST/threadx/common/src/tx_trace_user_event_insert.c **** /**                                                                       */
  18:Middlewares/ST/threadx/common/src/tx_trace_user_event_insert.c **** /**   Trace                                                               */
  19:Middlewares/ST/threadx/common/src/tx_trace_user_event_insert.c **** /**                                                                       */
  20:Middlewares/ST/threadx/common/src/tx_trace_user_event_insert.c **** /**************************************************************************/
  21:Middlewares/ST/threadx/common/src/tx_trace_user_event_insert.c **** /**************************************************************************/
  22:Middlewares/ST/threadx/common/src/tx_trace_user_event_insert.c **** 
  23:Middlewares/ST/threadx/common/src/tx_trace_user_event_insert.c **** #define TX_SOURCE_CODE
  24:Middlewares/ST/threadx/common/src/tx_trace_user_event_insert.c **** 
  25:Middlewares/ST/threadx/common/src/tx_trace_user_event_insert.c **** 
  26:Middlewares/ST/threadx/common/src/tx_trace_user_event_insert.c **** /* Include necessary system files.  */
  27:Middlewares/ST/threadx/common/src/tx_trace_user_event_insert.c **** 
  28:Middlewares/ST/threadx/common/src/tx_trace_user_event_insert.c **** #include "tx_api.h"
  29:Middlewares/ST/threadx/common/src/tx_trace_user_event_insert.c **** #include "tx_trace.h"
  30:Middlewares/ST/threadx/common/src/tx_trace_user_event_insert.c **** 
ARM GAS  /tmp/ccIQVha3.s 			page 2


  31:Middlewares/ST/threadx/common/src/tx_trace_user_event_insert.c **** 
  32:Middlewares/ST/threadx/common/src/tx_trace_user_event_insert.c **** /**************************************************************************/
  33:Middlewares/ST/threadx/common/src/tx_trace_user_event_insert.c **** /*                                                                        */
  34:Middlewares/ST/threadx/common/src/tx_trace_user_event_insert.c **** /*  FUNCTION                                               RELEASE        */
  35:Middlewares/ST/threadx/common/src/tx_trace_user_event_insert.c **** /*                                                                        */
  36:Middlewares/ST/threadx/common/src/tx_trace_user_event_insert.c **** /*    _tx_trace_user_event_insert                         PORTABLE C      */
  37:Middlewares/ST/threadx/common/src/tx_trace_user_event_insert.c **** /*                                                           6.1          */
  38:Middlewares/ST/threadx/common/src/tx_trace_user_event_insert.c **** /*  AUTHOR                                                                */
  39:Middlewares/ST/threadx/common/src/tx_trace_user_event_insert.c **** /*                                                                        */
  40:Middlewares/ST/threadx/common/src/tx_trace_user_event_insert.c **** /*    William E. Lamie, Microsoft Corporation                             */
  41:Middlewares/ST/threadx/common/src/tx_trace_user_event_insert.c **** /*                                                                        */
  42:Middlewares/ST/threadx/common/src/tx_trace_user_event_insert.c **** /*  DESCRIPTION                                                           */
  43:Middlewares/ST/threadx/common/src/tx_trace_user_event_insert.c **** /*                                                                        */
  44:Middlewares/ST/threadx/common/src/tx_trace_user_event_insert.c **** /*    This function inserts a user-defined event into the trace buffer.   */
  45:Middlewares/ST/threadx/common/src/tx_trace_user_event_insert.c **** /*                                                                        */
  46:Middlewares/ST/threadx/common/src/tx_trace_user_event_insert.c **** /*  INPUT                                                                 */
  47:Middlewares/ST/threadx/common/src/tx_trace_user_event_insert.c **** /*                                                                        */
  48:Middlewares/ST/threadx/common/src/tx_trace_user_event_insert.c **** /*    event_id                              User Event ID                 */
  49:Middlewares/ST/threadx/common/src/tx_trace_user_event_insert.c **** /*    info_field_1                          First information field       */
  50:Middlewares/ST/threadx/common/src/tx_trace_user_event_insert.c **** /*    info_field_2                          First information field       */
  51:Middlewares/ST/threadx/common/src/tx_trace_user_event_insert.c **** /*    info_field_3                          First information field       */
  52:Middlewares/ST/threadx/common/src/tx_trace_user_event_insert.c **** /*    info_field_4                          First information field       */
  53:Middlewares/ST/threadx/common/src/tx_trace_user_event_insert.c **** /*                                                                        */
  54:Middlewares/ST/threadx/common/src/tx_trace_user_event_insert.c **** /*  OUTPUT                                                                */
  55:Middlewares/ST/threadx/common/src/tx_trace_user_event_insert.c **** /*                                                                        */
  56:Middlewares/ST/threadx/common/src/tx_trace_user_event_insert.c **** /*    Completion Status                                                   */
  57:Middlewares/ST/threadx/common/src/tx_trace_user_event_insert.c **** /*                                                                        */
  58:Middlewares/ST/threadx/common/src/tx_trace_user_event_insert.c **** /*  CALLS                                                                 */
  59:Middlewares/ST/threadx/common/src/tx_trace_user_event_insert.c **** /*                                                                        */
  60:Middlewares/ST/threadx/common/src/tx_trace_user_event_insert.c **** /*    None                                                                */
  61:Middlewares/ST/threadx/common/src/tx_trace_user_event_insert.c **** /*                                                                        */
  62:Middlewares/ST/threadx/common/src/tx_trace_user_event_insert.c **** /*  CALLED BY                                                             */
  63:Middlewares/ST/threadx/common/src/tx_trace_user_event_insert.c **** /*                                                                        */
  64:Middlewares/ST/threadx/common/src/tx_trace_user_event_insert.c **** /*    Application Code                                                    */
  65:Middlewares/ST/threadx/common/src/tx_trace_user_event_insert.c **** /*                                                                        */
  66:Middlewares/ST/threadx/common/src/tx_trace_user_event_insert.c **** /*  RELEASE HISTORY                                                       */
  67:Middlewares/ST/threadx/common/src/tx_trace_user_event_insert.c **** /*                                                                        */
  68:Middlewares/ST/threadx/common/src/tx_trace_user_event_insert.c **** /*    DATE              NAME                      DESCRIPTION             */
  69:Middlewares/ST/threadx/common/src/tx_trace_user_event_insert.c **** /*                                                                        */
  70:Middlewares/ST/threadx/common/src/tx_trace_user_event_insert.c **** /*  05-19-2020     William E. Lamie         Initial Version 6.0           */
  71:Middlewares/ST/threadx/common/src/tx_trace_user_event_insert.c **** /*  09-30-2020     Yuxin Zhou               Modified comment(s),          */
  72:Middlewares/ST/threadx/common/src/tx_trace_user_event_insert.c **** /*                                            resulting in version 6.1    */
  73:Middlewares/ST/threadx/common/src/tx_trace_user_event_insert.c **** /*                                                                        */
  74:Middlewares/ST/threadx/common/src/tx_trace_user_event_insert.c **** /**************************************************************************/
  75:Middlewares/ST/threadx/common/src/tx_trace_user_event_insert.c **** UINT  _tx_trace_user_event_insert(ULONG event_id, ULONG info_field_1, ULONG info_field_2, ULONG inf
  76:Middlewares/ST/threadx/common/src/tx_trace_user_event_insert.c **** {
  29              		.loc 1 76 1 view -0
  30              		.cfi_startproc
  31              		@ args = 4, pretend = 0, frame = 0
  32              		@ frame_needed = 0, uses_anonymous_args = 0
  33              		@ link register save eliminated.
  77:Middlewares/ST/threadx/common/src/tx_trace_user_event_insert.c **** 
  78:Middlewares/ST/threadx/common/src/tx_trace_user_event_insert.c **** #ifdef TX_ENABLE_EVENT_TRACE
  79:Middlewares/ST/threadx/common/src/tx_trace_user_event_insert.c **** 
  80:Middlewares/ST/threadx/common/src/tx_trace_user_event_insert.c **** TX_INTERRUPT_SAVE_AREA
  81:Middlewares/ST/threadx/common/src/tx_trace_user_event_insert.c **** 
  82:Middlewares/ST/threadx/common/src/tx_trace_user_event_insert.c **** UINT            status;
ARM GAS  /tmp/ccIQVha3.s 			page 3


  83:Middlewares/ST/threadx/common/src/tx_trace_user_event_insert.c **** 
  84:Middlewares/ST/threadx/common/src/tx_trace_user_event_insert.c **** 
  85:Middlewares/ST/threadx/common/src/tx_trace_user_event_insert.c ****     /* Disable interrupts.  */
  86:Middlewares/ST/threadx/common/src/tx_trace_user_event_insert.c ****     TX_DISABLE
  87:Middlewares/ST/threadx/common/src/tx_trace_user_event_insert.c **** 
  88:Middlewares/ST/threadx/common/src/tx_trace_user_event_insert.c ****     /* Determine if trace is disabled.  */
  89:Middlewares/ST/threadx/common/src/tx_trace_user_event_insert.c ****     if (_tx_trace_buffer_current_ptr == TX_NULL)
  90:Middlewares/ST/threadx/common/src/tx_trace_user_event_insert.c ****     {
  91:Middlewares/ST/threadx/common/src/tx_trace_user_event_insert.c **** 
  92:Middlewares/ST/threadx/common/src/tx_trace_user_event_insert.c ****         /* Yes, trace is already disabled.  */
  93:Middlewares/ST/threadx/common/src/tx_trace_user_event_insert.c ****         status =  TX_NOT_DONE;
  94:Middlewares/ST/threadx/common/src/tx_trace_user_event_insert.c ****     }
  95:Middlewares/ST/threadx/common/src/tx_trace_user_event_insert.c ****     else
  96:Middlewares/ST/threadx/common/src/tx_trace_user_event_insert.c ****     {
  97:Middlewares/ST/threadx/common/src/tx_trace_user_event_insert.c **** 
  98:Middlewares/ST/threadx/common/src/tx_trace_user_event_insert.c ****         /* Insert this event into the trace buffer.  */
  99:Middlewares/ST/threadx/common/src/tx_trace_user_event_insert.c **** #ifdef TX_MISRA_ENABLE
 100:Middlewares/ST/threadx/common/src/tx_trace_user_event_insert.c ****         TX_TRACE_IN_LINE_INSERT(event_id, TX_ULONG_TO_POINTER_CONVERT(info_field_1), info_field_2, 
 101:Middlewares/ST/threadx/common/src/tx_trace_user_event_insert.c **** #else
 102:Middlewares/ST/threadx/common/src/tx_trace_user_event_insert.c ****         TX_TRACE_IN_LINE_INSERT(event_id, info_field_1, info_field_2, info_field_3, info_field_4, T
 103:Middlewares/ST/threadx/common/src/tx_trace_user_event_insert.c **** #endif
 104:Middlewares/ST/threadx/common/src/tx_trace_user_event_insert.c **** 
 105:Middlewares/ST/threadx/common/src/tx_trace_user_event_insert.c ****         /* Return successful status.  */
 106:Middlewares/ST/threadx/common/src/tx_trace_user_event_insert.c ****         status =  TX_SUCCESS;
 107:Middlewares/ST/threadx/common/src/tx_trace_user_event_insert.c ****     }
 108:Middlewares/ST/threadx/common/src/tx_trace_user_event_insert.c **** 
 109:Middlewares/ST/threadx/common/src/tx_trace_user_event_insert.c ****     /* Restore interrupts.  */
 110:Middlewares/ST/threadx/common/src/tx_trace_user_event_insert.c ****     TX_RESTORE
 111:Middlewares/ST/threadx/common/src/tx_trace_user_event_insert.c **** 
 112:Middlewares/ST/threadx/common/src/tx_trace_user_event_insert.c ****     /* Return completion status.  */
 113:Middlewares/ST/threadx/common/src/tx_trace_user_event_insert.c ****     return(status);
 114:Middlewares/ST/threadx/common/src/tx_trace_user_event_insert.c **** 
 115:Middlewares/ST/threadx/common/src/tx_trace_user_event_insert.c **** #else
 116:Middlewares/ST/threadx/common/src/tx_trace_user_event_insert.c **** 
 117:Middlewares/ST/threadx/common/src/tx_trace_user_event_insert.c **** UINT        status;
  34              		.loc 1 117 1 view .LVU1
 118:Middlewares/ST/threadx/common/src/tx_trace_user_event_insert.c **** 
 119:Middlewares/ST/threadx/common/src/tx_trace_user_event_insert.c **** 
 120:Middlewares/ST/threadx/common/src/tx_trace_user_event_insert.c ****     /* Access input arguments just for the sake of lint, MISRA, etc.  */
 121:Middlewares/ST/threadx/common/src/tx_trace_user_event_insert.c ****     if (event_id != ((ULONG) 0))
  35              		.loc 1 121 5 view .LVU2
 122:Middlewares/ST/threadx/common/src/tx_trace_user_event_insert.c ****     {
 123:Middlewares/ST/threadx/common/src/tx_trace_user_event_insert.c **** 
 124:Middlewares/ST/threadx/common/src/tx_trace_user_event_insert.c ****         /* Trace not enabled, return an error.  */
 125:Middlewares/ST/threadx/common/src/tx_trace_user_event_insert.c ****         status =  TX_FEATURE_NOT_ENABLED;
 126:Middlewares/ST/threadx/common/src/tx_trace_user_event_insert.c ****     }
 127:Middlewares/ST/threadx/common/src/tx_trace_user_event_insert.c ****     else if (info_field_1 != ((ULONG) 0))
  36              		.loc 1 127 10 view .LVU3
 128:Middlewares/ST/threadx/common/src/tx_trace_user_event_insert.c ****     {
 129:Middlewares/ST/threadx/common/src/tx_trace_user_event_insert.c **** 
 130:Middlewares/ST/threadx/common/src/tx_trace_user_event_insert.c ****         /* Trace not enabled, return an error.  */
 131:Middlewares/ST/threadx/common/src/tx_trace_user_event_insert.c ****         status =  TX_FEATURE_NOT_ENABLED;
 132:Middlewares/ST/threadx/common/src/tx_trace_user_event_insert.c ****     }
 133:Middlewares/ST/threadx/common/src/tx_trace_user_event_insert.c ****     else if (info_field_2 != ((ULONG) 0))
  37              		.loc 1 133 10 view .LVU4
 134:Middlewares/ST/threadx/common/src/tx_trace_user_event_insert.c ****     {
 135:Middlewares/ST/threadx/common/src/tx_trace_user_event_insert.c **** 
ARM GAS  /tmp/ccIQVha3.s 			page 4


 136:Middlewares/ST/threadx/common/src/tx_trace_user_event_insert.c ****         /* Trace not enabled, return an error.  */
 137:Middlewares/ST/threadx/common/src/tx_trace_user_event_insert.c ****         status =  TX_FEATURE_NOT_ENABLED;
 138:Middlewares/ST/threadx/common/src/tx_trace_user_event_insert.c ****     }
 139:Middlewares/ST/threadx/common/src/tx_trace_user_event_insert.c ****     else if (info_field_3 != ((ULONG) 0))
  38              		.loc 1 139 10 view .LVU5
 140:Middlewares/ST/threadx/common/src/tx_trace_user_event_insert.c ****     {
 141:Middlewares/ST/threadx/common/src/tx_trace_user_event_insert.c **** 
 142:Middlewares/ST/threadx/common/src/tx_trace_user_event_insert.c ****         /* Trace not enabled, return an error.  */
 143:Middlewares/ST/threadx/common/src/tx_trace_user_event_insert.c ****         status =  TX_FEATURE_NOT_ENABLED;
 144:Middlewares/ST/threadx/common/src/tx_trace_user_event_insert.c ****     }
 145:Middlewares/ST/threadx/common/src/tx_trace_user_event_insert.c ****     else if (info_field_4 != ((ULONG) 0))
  39              		.loc 1 145 10 view .LVU6
 146:Middlewares/ST/threadx/common/src/tx_trace_user_event_insert.c ****     {
 147:Middlewares/ST/threadx/common/src/tx_trace_user_event_insert.c **** 
 148:Middlewares/ST/threadx/common/src/tx_trace_user_event_insert.c ****         /* Trace not enabled, return an error.  */
 149:Middlewares/ST/threadx/common/src/tx_trace_user_event_insert.c ****         status =  TX_FEATURE_NOT_ENABLED;
 150:Middlewares/ST/threadx/common/src/tx_trace_user_event_insert.c ****     }
 151:Middlewares/ST/threadx/common/src/tx_trace_user_event_insert.c ****     else
 152:Middlewares/ST/threadx/common/src/tx_trace_user_event_insert.c ****     {
 153:Middlewares/ST/threadx/common/src/tx_trace_user_event_insert.c **** 
 154:Middlewares/ST/threadx/common/src/tx_trace_user_event_insert.c ****         /* Trace not enabled, return an error.  */
 155:Middlewares/ST/threadx/common/src/tx_trace_user_event_insert.c ****         status =  TX_FEATURE_NOT_ENABLED;
  40              		.loc 1 155 9 view .LVU7
 156:Middlewares/ST/threadx/common/src/tx_trace_user_event_insert.c ****     }
 157:Middlewares/ST/threadx/common/src/tx_trace_user_event_insert.c **** 
 158:Middlewares/ST/threadx/common/src/tx_trace_user_event_insert.c ****     /* Return completion status.  */
 159:Middlewares/ST/threadx/common/src/tx_trace_user_event_insert.c ****     return(status);
  41              		.loc 1 159 5 view .LVU8
 160:Middlewares/ST/threadx/common/src/tx_trace_user_event_insert.c **** #endif
 161:Middlewares/ST/threadx/common/src/tx_trace_user_event_insert.c **** }
  42              		.loc 1 161 1 is_stmt 0 view .LVU9
  43 0000 FF20     		movs	r0, #255
  44              	.LVL1:
  45              		.loc 1 161 1 view .LVU10
  46 0002 7047     		bx	lr
  47              		.cfi_endproc
  48              	.LFE8:
  50              		.text
  51              	.Letext0:
  52              		.file 2 "Middlewares/ST/threadx/ports/cortex_m7/gnu/inc/tx_port.h"
ARM GAS  /tmp/ccIQVha3.s 			page 5


DEFINED SYMBOLS
                            *ABS*:00000000 tx_trace_user_event_insert.c
     /tmp/ccIQVha3.s:20     .text._tx_trace_user_event_insert:00000000 $t
     /tmp/ccIQVha3.s:26     .text._tx_trace_user_event_insert:00000000 _tx_trace_user_event_insert

NO UNDEFINED SYMBOLS
